<?xml version="1.0" encoding="UTF-8"?>
<testsuite name="PhoneBookTest" tests="1" skipped="0" failures="0" errors="0" timestamp="2022-11-14T12:38:51" hostname="DESKTOP-87JLN8B" time="73.256">
  <properties/>
  <testcase name="start" classname="PhoneBookTest" time="73.256"/>
  <system-out><![CDATA[?[1;31m
Start test 1?[0m
sizer directories: 1014130
Start searching (linear search)...
Found 500 / 500 entries. Time taken: 0 min. 21 sec. 303 ms.
Start searching (bubble sort + jump search)...
Found 500 / 500 entries. Time taken: 0 min. 42 sec. 758 ms.
Sorting time: 0 min. 42 sec. 646 ms.Searching time: 0 min. 0 sec. 112 ms.
Start searching (quick sort + binary search)...
Found 500 / 500 entries. Time taken: 0 min. 2 sec. 821 ms.
Sorting time: 0 min. 2 sec. 819 ms.Searching time: 0 min. 0 sec. 2 ms.
Start searching (hash table)...
Found 500 / 500 entries. Time taken: 0 min. 1 sec. 85 ms.
]]></system-out>
  <system-err><![CDATA[]]></system-err>
</testsuite>
