<?xml version="1.0" encoding="UTF-8"?>
<testsuite name="tests.WebQuizEngineTest" tests="1" skipped="0" failures="0" errors="0" timestamp="2022-11-06T08:37:48" hostname="DESKTOP-87JLN8B" time="889.065">
  <properties/>
  <testcase name="start" classname="tests.WebQuizEngineTest" time="889.065"/>
  <system-out><![CDATA[?[1;31m
Start test 1?[0m
?[0;34m
?[0m?[0;34m  .   ____          _            __ _ _
?[0m?[0;34m /\\ / ___'_ __ _ _(_)_ __  __ _ \ \ \ \
?[0m?[0;34m( ( )\___ | '_ | '_| | '_ \/ _` | \ \ \ \
?[0m?[0;34m \\/  ___)| |_)| | | | | || (_| |  ) ) ) )
?[0m?[0;34m  '  |____| .__|_| |_|_| |_\__, | / / / /
?[0m?[0;34m =========|_|==============|___/=/_/_/_/
?[0m?[0;34m :: Spring Boot ::                (v2.5.6)
?[0m?[0;34m
?[0m?[0;34m2022-11-06 15:37:49.300  INFO 18592 --- [    Test worker] engine.WebQuizEngine                     : Starting WebQuizEngine using Java 17.0.4.1 on DESKTOP-87JLN8B with PID 18592 (started by Admin in D:\HyperSkill\Web Quiz Engine\Web Quiz Engine\task)
?[0m?[0;34m2022-11-06 15:37:49.303  INFO 18592 --- [    Test worker] engine.WebQuizEngine                     : No active profile set, falling back to default profiles: default
?[0m?[0;34m2022-11-06 15:37:50.181  INFO 18592 --- [    Test worker] .s.d.r.c.RepositoryConfigurationDelegate : Bootstrapping Spring Data JPA repositories in DEFAULT mode.
?[0m?[0;34m2022-11-06 15:37:50.251  INFO 18592 --- [    Test worker] .s.d.r.c.RepositoryConfigurationDelegate : Finished Spring Data repository scanning in 52 ms. Found 3 JPA repository interfaces.
?[0m?[0;34m2022-11-06 15:37:50.840  INFO 18592 --- [    Test worker] o.s.b.w.embedded.tomcat.TomcatWebServer  : Tomcat initialized with port(s): 8889 (http)
?[0m?[0;34m2022-11-06 15:37:50.850  INFO 18592 --- [    Test worker] o.apache.catalina.core.StandardService   : Starting service [Tomcat]
?[0m?[0;34m2022-11-06 15:37:50.850  INFO 18592 --- [    Test worker] org.apache.catalina.core.StandardEngine  : Starting Servlet engine: [Apache Tomcat/9.0.54]
?[0m?[0;34m2022-11-06 15:37:50.944  INFO 18592 --- [    Test worker] o.a.c.c.C.[Tomcat].[localhost].[/]       : Initializing Spring embedded WebApplicationContext
?[0m?[0;34m2022-11-06 15:37:50.944  INFO 18592 --- [    Test worker] w.s.c.ServletWebServerApplicationContext : Root WebApplicationContext: initialization completed in 1596 ms
?[0m?[0;34m2022-11-06 15:37:51.063  INFO 18592 --- [    Test worker] com.zaxxer.hikari.HikariDataSource       : HikariPool-1 - Starting...
?[0m?[0;34m2022-11-06 15:37:51.252  INFO 18592 --- [    Test worker] com.zaxxer.hikari.HikariDataSource       : HikariPool-1 - Start completed.
?[0m?[0;34m2022-11-06 15:37:51.261  INFO 18592 --- [    Test worker] o.s.b.a.h2.H2ConsoleAutoConfiguration    : H2 console available at '/h2-console'. Database available at 'jdbc:h2:file:D:/HyperSkill/Web Quiz Engine/Web Quiz Engine/task/src/db/quizdb'
?[0m?[0;34m2022-11-06 15:37:51.407  INFO 18592 --- [    Test worker] o.hibernate.jpa.internal.util.LogHelper  : HHH000204: Processing PersistenceUnitInfo [name: default]
?[0m?[0;34m2022-11-06 15:37:51.460  INFO 18592 --- [    Test worker] org.hibernate.Version                    : HHH000412: Hibernate ORM core version 5.4.32.Final
?[0m?[0;34m2022-11-06 15:37:51.634  INFO 18592 --- [    Test worker] o.hibernate.annotations.common.Version   : HCANN000001: Hibernate Commons Annotations {5.1.2.Final}
?[0m?[0;34m2022-11-06 15:37:51.756  INFO 18592 --- [    Test worker] org.hibernate.dialect.Dialect            : HHH000400: Using dialect: org.hibernate.dialect.H2Dialect
?[0m?[0;34mHibernate: create table quiz (id integer generated by default as identity, text varchar(255) not null, title varchar(255) not null, create_by_user_id integer, primary key (id))
?[0m?[0;34mHibernate: create table quiz_answer (quiz_id integer not null, answer varchar(255))
?[0m?[0;34mHibernate: create table quiz_options (quiz_id integer not null, options varchar(255))
?[0m?[0;34mHibernate: create table result (result_id bigint generated by default as identity, completed_at varchar(255), id integer not null, userwebquiz_id integer, primary key (result_id))
?[0m?[0;34mHibernate: create table user_web_quiz (id integer generated by default as identity, email varchar(255), password varchar(255), role varchar(255), primary key (id))
?[0m?[0;34mHibernate: alter table quiz add constraint FK55oldbl9hloxmss9u5dncw5e7 foreign key (create_by_user_id) references user_web_quiz
?[0m?[0;34mHibernate: alter table quiz_answer add constraint FKoxi2td1x8cc3y4a0vlsg2hfnc foreign key (quiz_id) references quiz
?[0m?[0;34mHibernate: alter table quiz_options add constraint FKsx28j7orq6asg17veq9nblhw8 foreign key (quiz_id) references quiz
?[0m?[0;34mHibernate: alter table result add constraint FK2qrafdujkiw1kjhdfl9b5p1fl foreign key (userwebquiz_id) references user_web_quiz
?[0m?[0;34m2022-11-06 15:37:52.449  INFO 18592 --- [    Test worker] o.h.e.t.j.p.i.JtaPlatformInitiator       : HHH000490: Using JtaPlatform implementation: [org.hibernate.engine.transaction.jta.platform.internal.NoJtaPlatform]
?[0m?[0;34m2022-11-06 15:37:52.462  INFO 18592 --- [    Test worker] j.LocalContainerEntityManagerFactoryBean : Initialized JPA EntityManagerFactory for persistence unit 'default'
?[0m?[0;34m2022-11-06 15:37:52.972  WARN 18592 --- [    Test worker] JpaBaseConfiguration$JpaWebConfiguration : spring.jpa.open-in-view is enabled by default. Therefore, database queries may be performed during view rendering. Explicitly configure spring.jpa.open-in-view to disable this warning
?[0m?[0;34m2022-11-06 15:37:53.246  INFO 18592 --- [    Test worker] o.s.b.a.e.web.EndpointLinksResolver      : Exposing 14 endpoint(s) beneath base path '/actuator'
?[0m?[0;34m2022-11-06 15:37:53.318  INFO 18592 --- [    Test worker] o.s.s.web.DefaultSecurityFilterChain     : Will secure any request with [org.springframework.security.web.context.request.async.WebAsyncManagerIntegrationFilter@2d732cda, org.springframework.security.web.context.SecurityContextPersistenceFilter@2ded31cc, org.springframework.security.web.header.HeaderWriterFilter@ccea4be, org.springframework.security.web.authentication.logout.LogoutFilter@7adde776, org.springframework.security.web.authentication.www.BasicAuthenticationFilter@5aa2758a, org.springframework.security.web.savedrequest.RequestCacheAwareFilter@6fb2b972, org.springframework.security.web.servletapi.SecurityContextHolderAwareRequestFilter@4199761d, org.springframework.security.web.authentication.AnonymousAuthenticationFilter@755fdfad, org.springframework.security.web.session.SessionManagementFilter@12a7515b, org.springframework.security.web.access.ExceptionTranslationFilter@452d6fd, org.springframework.security.web.access.intercept.FilterSecurityInterceptor@1a0e5c0c]
?[0m?[0;34m2022-11-06 15:37:53.560  INFO 18592 --- [    Test worker] o.s.b.w.embedded.tomcat.TomcatWebServer  : Tomcat started on port(s): 8889 (http) with context path ''
?[0m?[0;34m2022-11-06 15:37:53.571  INFO 18592 --- [    Test worker] engine.WebQuizEngine                     : Started WebQuizEngine in 4.657 seconds (JVM running for 5.524)
?[0;34m2022-11-06 15:37:53.860  INFO 18592 --- [nio-8889-exec-1] o.a.c.c.C.[Tomcat].[localhost].[/]       : Initializing Spring DispatcherServlet 'dispatcherServlet'
?[0m?[0;34m2022-11-06 15:37:53.861  INFO 18592 --- [nio-8889-exec-1] o.s.web.servlet.DispatcherServlet        : Initializing Servlet 'dispatcherServlet'
?[0m?[0;34m2022-11-06 15:37:53.862  INFO 18592 --- [nio-8889-exec-1] o.s.web.servlet.DispatcherServlet        : Completed initialization in 1 ms
?[0m?[0;34mHibernate: select userwebqui0_.id as col_0_0_ from user_web_quiz userwebqui0_ where userwebqui0_.email=? limit ?
?[0m?[0;34mHibernate: insert into user_web_quiz (id, email, password, role) values (null, ?, ?, ?)
?[0m?[1;31m
Start test 2?[0m
?[0;34mHibernate: select userwebqui0_.id as col_0_0_ from user_web_quiz userwebqui0_ where userwebqui0_.email=? limit ?
?[0m?[0;34mHibernate: insert into user_web_quiz (id, email, password, role) values (null, ?, ?, ?)
?[1;31m
Start test 3?[0m
?[0;34m2022-11-06 15:38:01.856  WARN 18592 --- [nio-8889-exec-3] .w.s.m.s.DefaultHandlerExceptionResolver : Resolved [org.springframework.web.bind.MethodArgumentNotValidException: Validation failed for argument [0] in public org.springframework.http.ResponseEntity engine.controllers.UserController.register(engine.models.UserWebQuiz): [Field error in object 'userWebQuiz' on field 'email': rejected value [google.com]; codes [Email.userWebQuiz.email,Email.email,Email.java.lang.String,Email]; arguments [org.springframework.context.support.DefaultMessageSourceResolvable: codes [userWebQuiz.email,email]; arguments []; default message [email],[Ljavax.validation.constraints.Pattern$Flag;@e0cc559,(?:[a-z0-9!#$%&'*+/=?^_`{|}~-]+(?:\.[a-z0-9!#$%&'*+/=?^_`{|}~-]+)*|"(?:[\x01-\x08\x0b\x0c\x0e-\x1f\x21\x23-\x5b\x5d-\x7f]|\\[\x01-\x09\x0b\x0c\x0e-\x7f])*")@(?:(?:[a-z0-9](?:[a-z0-9-]*[a-z0-9])?\.)+[a-z0-9](?:[a-z0-9-]*[a-z0-9])?|\[(?:(?:25[0-5]|2[0-4][0-9]|[01]?[0-9][0-9]?)\.){3}(?:25[0-5]|2[0-4][0-9]|[01]?[0-9][0-9]?|[a-z0-9-]*[a-z0-9]:(?:[\x01-\x08\x0b\x0c\x0e-\x1f\x21-\x5a\x53-\x7f]|\\[\x01-\x09\x0b\x0c\x0e-\x7f])+)\])]; default message [Email must have @ and .]] ]
?[1;31m
Start test 4?[0m
?[0;34m2022-11-06 15:38:01.890  WARN 18592 --- [nio-8889-exec-4] .w.s.m.s.DefaultHandlerExceptionResolver : Resolved [org.springframework.web.bind.MethodArgumentNotValidException: Validation failed for argument [0] in public org.springframework.http.ResponseEntity engine.controllers.UserController.register(engine.models.UserWebQuiz): [Field error in object 'userWebQuiz' on field 'email': rejected value [well@googlecom]; codes [Email.userWebQuiz.email,Email.email,Email.java.lang.String,Email]; arguments [org.springframework.context.support.DefaultMessageSourceResolvable: codes [userWebQuiz.email,email]; arguments []; default message [email],[Ljavax.validation.constraints.Pattern$Flag;@e0cc559,(?:[a-z0-9!#$%&'*+/=?^_`{|}~-]+(?:\.[a-z0-9!#$%&'*+/=?^_`{|}~-]+)*|"(?:[\x01-\x08\x0b\x0c\x0e-\x1f\x21\x23-\x5b\x5d-\x7f]|\\[\x01-\x09\x0b\x0c\x0e-\x7f])*")@(?:(?:[a-z0-9](?:[a-z0-9-]*[a-z0-9])?\.)+[a-z0-9](?:[a-z0-9-]*[a-z0-9])?|\[(?:(?:25[0-5]|2[0-4][0-9]|[01]?[0-9][0-9]?)\.){3}(?:25[0-5]|2[0-4][0-9]|[01]?[0-9][0-9]?|[a-z0-9-]*[a-z0-9]:(?:[\x01-\x08\x0b\x0c\x0e-\x1f\x21-\x5a\x53-\x7f]|\\[\x01-\x09\x0b\x0c\x0e-\x7f])+)\])]; default message [Email must have @ and .]] ]
?[1;31m
Start test 5?[0m
?[0;34mHibernate: select userwebqui0_.id as col_0_0_ from user_web_quiz userwebqui0_ where userwebqui0_.email=? limit ?
?[1;31m
Start test 6?[0m
?[0;34m2022-11-06 15:38:01.930  WARN 18592 --- [nio-8889-exec-6] .w.s.m.s.DefaultHandlerExceptionResolver : Resolved [org.springframework.web.bind.MethodArgumentNotValidException: Validation failed for argument [0] in public org.springframework.http.ResponseEntity engine.controllers.UserController.register(engine.models.UserWebQuiz): [Field error in object 'userWebQuiz' on field 'password': rejected value [1234]; codes [Size.userWebQuiz.password,Size.password,Size.java.lang.String,Size]; arguments [org.springframework.context.support.DefaultMessageSourceResolvable: codes [userWebQuiz.password,password]; arguments []; default message [password],2147483647,5]; default message [size must be between 5 and 2147483647]] ]
?[1;31m
Start test 7?[0m
?[0;34m2022-11-06 15:38:01.941  WARN 18592 --- [nio-8889-exec-7] .w.s.m.s.DefaultHandlerExceptionResolver : Resolved [org.springframework.web.bind.MethodArgumentNotValidException: Validation failed for argument [0] in public org.springframework.http.ResponseEntity engine.controllers.UserController.register(engine.models.UserWebQuiz): [Field error in object 'userWebQuiz' on field 'password': rejected value [123]; codes [Size.userWebQuiz.password,Size.password,Size.java.lang.String,Size]; arguments [org.springframework.context.support.DefaultMessageSourceResolvable: codes [userWebQuiz.password,password]; arguments []; default message [password],2147483647,5]; default message [size must be between 5 and 2147483647]] ]
?[1;31m
Start test 8?[0m
?[0;34mHibernate: select userwebqui0_.id as id1_4_, userwebqui0_.email as email2_4_, userwebqui0_.password as password3_4_, userwebqui0_.role as role4_4_ from user_web_quiz userwebqui0_ where userwebqui0_.email=?
?[0m?[0;34mEmail = test@google.com
?[0m?[0;34m[ROLE_USER]
?[0m?[0;34mHibernate: select quiz0_.id as id1_0_, quiz0_.create_by_user_id as create_b4_0_, quiz0_.text as text2_0_, quiz0_.title as title3_0_ from quiz quiz0_ limit ?
?[1;31m
Start test 9?[0m
?[0m?[0;34mHibernate: select userwebqui0_.id as id1_4_, userwebqui0_.email as email2_4_, userwebqui0_.password as password3_4_, userwebqui0_.role as role4_4_ from user_web_quiz userwebqui0_ where userwebqui0_.email=?
?[0m?[0;34mEmail = user@google.com
?[0m?[0;34m[ROLE_USER]
?[0m?[0;34mHibernate: select quiz0_.id as id1_0_, quiz0_.create_by_user_id as create_b4_0_, quiz0_.text as text2_0_, quiz0_.title as title3_0_ from quiz quiz0_ limit ?
?[1;31m
Start test 10?[0m
?[0m?[0;34mHibernate: select userwebqui0_.id as id1_4_, userwebqui0_.email as email2_4_, userwebqui0_.password as password3_4_, userwebqui0_.role as role4_4_ from user_web_quiz userwebqui0_ where userwebqui0_.email=?
?[0m?[0;34mEmail = test@google.com
?[0m?[0;34m[ROLE_USER]
?[0m?[0;34mHibernate: select userwebqui0_.id as id1_4_, userwebqui0_.email as email2_4_, userwebqui0_.password as password3_4_, userwebqui0_.role as role4_4_ from user_web_quiz userwebqui0_ where userwebqui0_.email=?
?[0m?[0;34mHibernate: insert into quiz (id, create_by_user_id, text, title) values (null, ?, ?, ?)
?[0m?[0;34mHibernate: insert into quiz_answer (quiz_id, answer) values (?, ?)
?[0m?[0;34mHibernate: insert into quiz_options (quiz_id, options) values (?, ?)
?[0m?[0;34mHibernate: insert into quiz_options (quiz_id, options) values (?, ?)
?[0m?[0;34mHibernate: insert into quiz_options (quiz_id, options) values (?, ?)
?[0m?[0;34mHibernate: insert into quiz_options (quiz_id, options) values (?, ?)
?[1;31m
Start test 11?[0m
?[0m?[0;34mHibernate: select userwebqui0_.id as id1_4_, userwebqui0_.email as email2_4_, userwebqui0_.password as password3_4_, userwebqui0_.role as role4_4_ from user_web_quiz userwebqui0_ where userwebqui0_.email=?
?[0m?[0;34mEmail = user@google.com
?[0m?[0;34m[ROLE_USER]
?[0m?[0;34mHibernate: select quiz0_.id as id1_0_, quiz0_.create_by_user_id as create_b4_0_, quiz0_.text as text2_0_, quiz0_.title as title3_0_ from quiz quiz0_ where quiz0_.id=?
?[0m?[0;34mHibernate: select userwebqui0_.id as id1_4_0_, userwebqui0_.email as email2_4_0_, userwebqui0_.password as password3_4_0_, userwebqui0_.role as role4_4_0_ from user_web_quiz userwebqui0_ where userwebqui0_.id=?
?[0m?[0;34mHibernate: select options0_.quiz_id as quiz_id1_2_0_, options0_.options as options2_2_0_ from quiz_options options0_ where options0_.quiz_id=?
?[1;31m
Start test 12?[0m
?[0m?[0;34mHibernate: select userwebqui0_.id as id1_4_, userwebqui0_.email as email2_4_, userwebqui0_.password as password3_4_, userwebqui0_.role as role4_4_ from user_web_quiz userwebqui0_ where userwebqui0_.email=?
?[0m?[0;34mEmail = user@google.com
?[0m?[0;34m[ROLE_USER]
?[0m?[0;34mHibernate: select quiz0_.id as id1_0_, quiz0_.create_by_user_id as create_b4_0_, quiz0_.text as text2_0_, quiz0_.title as title3_0_ from quiz quiz0_ where quiz0_.id=?
?[1;31m
Start test 13?[0m
?[0m?[0;34mHibernate: select userwebqui0_.id as id1_4_, userwebqui0_.email as email2_4_, userwebqui0_.password as password3_4_, userwebqui0_.role as role4_4_ from user_web_quiz userwebqui0_ where userwebqui0_.email=?
?[0m?[0;34mEmail = test@google.com
?[0m?[0;34m[ROLE_USER]
?[0m?[0;34mHibernate: select quiz0_.id as id1_0_, quiz0_.create_by_user_id as create_b4_0_, quiz0_.text as text2_0_, quiz0_.title as title3_0_ from quiz quiz0_ limit ?
?[0m?[0;34mHibernate: select userwebqui0_.id as id1_4_0_, userwebqui0_.email as email2_4_0_, userwebqui0_.password as password3_4_0_, userwebqui0_.role as role4_4_0_ from user_web_quiz userwebqui0_ where userwebqui0_.id=?
?[0m?[0;34mHibernate: select options0_.quiz_id as quiz_id1_2_0_, options0_.options as options2_2_0_ from quiz_options options0_ where options0_.quiz_id=?
?[1;31m
Start test 14?[0m
?[0m?[0;34mHibernate: select userwebqui0_.id as id1_4_, userwebqui0_.email as email2_4_, userwebqui0_.password as password3_4_, userwebqui0_.role as role4_4_ from user_web_quiz userwebqui0_ where userwebqui0_.email=?
?[0m?[0;34mEmail = user@google.com
?[0m?[0;34m[ROLE_USER]
?[0m?[0;34mHibernate: select userwebqui0_.id as id1_4_, userwebqui0_.email as email2_4_, userwebqui0_.password as password3_4_, userwebqui0_.role as role4_4_ from user_web_quiz userwebqui0_ where userwebqui0_.email=?
?[0m?[0;34mHibernate: insert into quiz (id, create_by_user_id, text, title) values (null, ?, ?, ?)
?[0m?[0;34mHibernate: insert into quiz_answer (quiz_id, answer) values (?, ?)
?[0m?[0;34mHibernate: insert into quiz_options (quiz_id, options) values (?, ?)
?[0m?[0;34mHibernate: insert into quiz_options (quiz_id, options) values (?, ?)
?[0m?[0;34mHibernate: insert into quiz_options (quiz_id, options) values (?, ?)
?[0m?[0;34mHibernate: insert into quiz_options (quiz_id, options) values (?, ?)
?[1;31m
Start test 15?[0m
?[0m?[0;34mHibernate: select userwebqui0_.id as id1_4_, userwebqui0_.email as email2_4_, userwebqui0_.password as password3_4_, userwebqui0_.role as role4_4_ from user_web_quiz userwebqui0_ where userwebqui0_.email=?
?[0m?[0;34mEmail = user@google.com
?[0m?[0;34m[ROLE_USER]
?[0m?[0;34mHibernate: select quiz0_.id as id1_0_, quiz0_.create_by_user_id as create_b4_0_, quiz0_.text as text2_0_, quiz0_.title as title3_0_ from quiz quiz0_ where quiz0_.id=?
?[0m?[0;34mHibernate: select userwebqui0_.id as id1_4_0_, userwebqui0_.email as email2_4_0_, userwebqui0_.password as password3_4_0_, userwebqui0_.role as role4_4_0_ from user_web_quiz userwebqui0_ where userwebqui0_.id=?
?[0m?[0;34mHibernate: select options0_.quiz_id as quiz_id1_2_0_, options0_.options as options2_2_0_ from quiz_options options0_ where options0_.quiz_id=?
?[1;31m
Start test 16?[0m
?[0;34mHibernate: select userwebqui0_.id as id1_4_, userwebqui0_.email as email2_4_, userwebqui0_.password as password3_4_, userwebqui0_.role as role4_4_ from user_web_quiz userwebqui0_ where userwebqui0_.email=?
?[0m?[0;34mEmail = user@google.com
?[0m?[0;34m[ROLE_USER]
?[0m?[0;34mHibernate: select quiz0_.id as id1_0_, quiz0_.create_by_user_id as create_b4_0_, quiz0_.text as text2_0_, quiz0_.title as title3_0_ from quiz quiz0_ where quiz0_.id=?
?[1;31m
Start test 17?[0m
?[0;34mHibernate: select userwebqui0_.id as id1_4_, userwebqui0_.email as email2_4_, userwebqui0_.password as password3_4_, userwebqui0_.role as role4_4_ from user_web_quiz userwebqui0_ where userwebqui0_.email=?
?[0m?[0;34mEmail = user@google.com
?[0m?[0;34m[ROLE_USER]
?[0m?[0;34mHibernate: select quiz0_.id as id1_0_, quiz0_.create_by_user_id as create_b4_0_, quiz0_.text as text2_0_, quiz0_.title as title3_0_ from quiz quiz0_ limit ?
?[0m?[0;34mHibernate: select userwebqui0_.id as id1_4_0_, userwebqui0_.email as email2_4_0_, userwebqui0_.password as password3_4_0_, userwebqui0_.role as role4_4_0_ from user_web_quiz userwebqui0_ where userwebqui0_.id=?
?[0m?[0;34mHibernate: select userwebqui0_.id as id1_4_0_, userwebqui0_.email as email2_4_0_, userwebqui0_.password as password3_4_0_, userwebqui0_.role as role4_4_0_ from user_web_quiz userwebqui0_ where userwebqui0_.id=?
?[0m?[0;34mHibernate: select options0_.quiz_id as quiz_id1_2_0_, options0_.options as options2_2_0_ from quiz_options options0_ where options0_.quiz_id=?
?[0m?[0;34mHibernate: select options0_.quiz_id as quiz_id1_2_0_, options0_.options as options2_2_0_ from quiz_options options0_ where options0_.quiz_id=?
?[1;31m
Start test 18?[0m
?[1;31m
Start test 19?[0m
?[1;31m
Start test 20?[0m
?[1;31m
Start test 21?[0m
?[1;31m
Start test 22?[0m
?[1;31m
Start test 23?[0m
?[1;31m
Start test 24?[0m
?[1;31m
Start test 25?[0m
?[1;31m
Start test 26?[0m
?[0m?[0;34mHibernate: select userwebqui0_.id as id1_4_, userwebqui0_.email as email2_4_, userwebqui0_.password as password3_4_, userwebqui0_.role as role4_4_ from user_web_quiz userwebqui0_ where userwebqui0_.email=?
?[1;31m
Start test 27?[0m
?[0m?[0;34mHibernate: select userwebqui0_.id as id1_4_, userwebqui0_.email as email2_4_, userwebqui0_.password as password3_4_, userwebqui0_.role as role4_4_ from user_web_quiz userwebqui0_ where userwebqui0_.email=?
?[1;31m
Start test 28?[0m
?[0m?[0;34mHibernate: select userwebqui0_.id as id1_4_, userwebqui0_.email as email2_4_, userwebqui0_.password as password3_4_, userwebqui0_.role as role4_4_ from user_web_quiz userwebqui0_ where userwebqui0_.email=?
?[1;31m
Start test 29?[0m
?[0m?[0;34mHibernate: select userwebqui0_.id as id1_4_, userwebqui0_.email as email2_4_, userwebqui0_.password as password3_4_, userwebqui0_.role as role4_4_ from user_web_quiz userwebqui0_ where userwebqui0_.email=?
?[1;31m
Start test 30?[0m
?[0m?[0;34mHibernate: select userwebqui0_.id as id1_4_, userwebqui0_.email as email2_4_, userwebqui0_.password as password3_4_, userwebqui0_.role as role4_4_ from user_web_quiz userwebqui0_ where userwebqui0_.email=?
?[1;31m
Start test 31?[0m
?[0m?[0;34mHibernate: select userwebqui0_.id as id1_4_, userwebqui0_.email as email2_4_, userwebqui0_.password as password3_4_, userwebqui0_.role as role4_4_ from user_web_quiz userwebqui0_ where userwebqui0_.email=?
?[1;31m
Start test 32?[0m
?[0m?[0;34mHibernate: select userwebqui0_.id as id1_4_, userwebqui0_.email as email2_4_, userwebqui0_.password as password3_4_, userwebqui0_.role as role4_4_ from user_web_quiz userwebqui0_ where userwebqui0_.email=?
?[1;31m
Start test 33?[0m
?[0m?[0;34mHibernate: select userwebqui0_.id as id1_4_, userwebqui0_.email as email2_4_, userwebqui0_.password as password3_4_, userwebqui0_.role as role4_4_ from user_web_quiz userwebqui0_ where userwebqui0_.email=?
?[1;31m
Start test 34?[0m
?[0m?[0;34mHibernate: select userwebqui0_.id as id1_4_, userwebqui0_.email as email2_4_, userwebqui0_.password as password3_4_, userwebqui0_.role as role4_4_ from user_web_quiz userwebqui0_ where userwebqui0_.email=?
?[0m?[0;34mEmail = test@google.com
?[0m?[0;34m[ROLE_USER]
?[0m?[0;34mHibernate: select userwebqui0_.id as id1_4_, userwebqui0_.email as email2_4_, userwebqui0_.password as password3_4_, userwebqui0_.role as role4_4_ from user_web_quiz userwebqui0_ where userwebqui0_.email=?
?[0m?[0;34mHibernate: select quiz0_.id as id1_0_, quiz0_.create_by_user_id as create_b4_0_, quiz0_.text as text2_0_, quiz0_.title as title3_0_ from quiz quiz0_ where quiz0_.id=?
?[0m?[0;34mHibernate: select answer0_.quiz_id as quiz_id1_1_0_, answer0_.answer as answer2_1_0_ from quiz_answer answer0_ where answer0_.quiz_id=?
?[0m?[0;34myour answer is false
?[1;31m
Start test 35?[0m
?[0m?[0;34mHibernate: select userwebqui0_.id as id1_4_, userwebqui0_.email as email2_4_, userwebqui0_.password as password3_4_, userwebqui0_.role as role4_4_ from user_web_quiz userwebqui0_ where userwebqui0_.email=?
?[0m?[0;34mEmail = user@google.com
?[0m?[0;34m[ROLE_USER]
?[0m?[0;34mHibernate: select userwebqui0_.id as id1_4_, userwebqui0_.email as email2_4_, userwebqui0_.password as password3_4_, userwebqui0_.role as role4_4_ from user_web_quiz userwebqui0_ where userwebqui0_.email=?
?[0m?[0;34mHibernate: select quiz0_.id as id1_0_, quiz0_.create_by_user_id as create_b4_0_, quiz0_.text as text2_0_, quiz0_.title as title3_0_ from quiz quiz0_ where quiz0_.id=?
?[0m?[0;34mHibernate: select userwebqui0_.id as id1_4_0_, userwebqui0_.email as email2_4_0_, userwebqui0_.password as password3_4_0_, userwebqui0_.role as role4_4_0_ from user_web_quiz userwebqui0_ where userwebqui0_.id=?
?[0m?[0;34mHibernate: select answer0_.quiz_id as quiz_id1_1_0_, answer0_.answer as answer2_1_0_ from quiz_answer answer0_ where answer0_.quiz_id=?
?[0m?[0;34myour answer is false
?[1;31m
Start test 36?[0m
?[0m?[0;34mHibernate: select userwebqui0_.id as id1_4_, userwebqui0_.email as email2_4_, userwebqui0_.password as password3_4_, userwebqui0_.role as role4_4_ from user_web_quiz userwebqui0_ where userwebqui0_.email=?
?[0m?[0;34mEmail = test@google.com
?[0m?[0;34m[ROLE_USER]
?[0m?[0;34mHibernate: select userwebqui0_.id as id1_4_, userwebqui0_.email as email2_4_, userwebqui0_.password as password3_4_, userwebqui0_.role as role4_4_ from user_web_quiz userwebqui0_ where userwebqui0_.email=?
?[0m?[0;34mHibernate: select quiz0_.id as id1_0_, quiz0_.create_by_user_id as create_b4_0_, quiz0_.text as text2_0_, quiz0_.title as title3_0_ from quiz quiz0_ where quiz0_.id=?
?[0m?[0;34mHibernate: select answer0_.quiz_id as quiz_id1_1_0_, answer0_.answer as answer2_1_0_ from quiz_answer answer0_ where answer0_.quiz_id=?
?[0m?[0;34mHibernate: insert into result (result_id, completed_at, id, userwebquiz_id) values (null, ?, ?, ?)
?[0m?[0;34myour answer is true
?[1;31m
Start test 37?[0m
?[0m?[0;34mHibernate: select userwebqui0_.id as id1_4_, userwebqui0_.email as email2_4_, userwebqui0_.password as password3_4_, userwebqui0_.role as role4_4_ from user_web_quiz userwebqui0_ where userwebqui0_.email=?
?[0m?[0;34mEmail = user@google.com
?[0m?[0;34m[ROLE_USER]
?[0m?[0;34mHibernate: select userwebqui0_.id as id1_4_, userwebqui0_.email as email2_4_, userwebqui0_.password as password3_4_, userwebqui0_.role as role4_4_ from user_web_quiz userwebqui0_ where userwebqui0_.email=?
?[0m?[0;34mHibernate: select quiz0_.id as id1_0_, quiz0_.create_by_user_id as create_b4_0_, quiz0_.text as text2_0_, quiz0_.title as title3_0_ from quiz quiz0_ where quiz0_.id=?
?[0m?[0;34mHibernate: select userwebqui0_.id as id1_4_0_, userwebqui0_.email as email2_4_0_, userwebqui0_.password as password3_4_0_, userwebqui0_.role as role4_4_0_ from user_web_quiz userwebqui0_ where userwebqui0_.id=?
?[0m?[0;34mHibernate: select answer0_.quiz_id as quiz_id1_1_0_, answer0_.answer as answer2_1_0_ from quiz_answer answer0_ where answer0_.quiz_id=?
?[0m?[0;34myour answer is false
?[1;31m
Start test 38?[0m
?[0m?[0;34mHibernate: select userwebqui0_.id as id1_4_, userwebqui0_.email as email2_4_, userwebqui0_.password as password3_4_, userwebqui0_.role as role4_4_ from user_web_quiz userwebqui0_ where userwebqui0_.email=?
?[0m?[0;34mEmail = test@google.com
?[0m?[0;34m[ROLE_USER]
?[0m?[0;34mHibernate: select userwebqui0_.id as id1_4_, userwebqui0_.email as email2_4_, userwebqui0_.password as password3_4_, userwebqui0_.role as role4_4_ from user_web_quiz userwebqui0_ where userwebqui0_.email=?
?[0m?[0;34mHibernate: select quiz0_.id as id1_0_, quiz0_.create_by_user_id as create_b4_0_, quiz0_.text as text2_0_, quiz0_.title as title3_0_ from quiz quiz0_ where quiz0_.id=?
?[0m?[0;34mHibernate: select userwebqui0_.id as id1_4_0_, userwebqui0_.email as email2_4_0_, userwebqui0_.password as password3_4_0_, userwebqui0_.role as role4_4_0_ from user_web_quiz userwebqui0_ where userwebqui0_.id=?
?[0m?[0;34mHibernate: select answer0_.quiz_id as quiz_id1_1_0_, answer0_.answer as answer2_1_0_ from quiz_answer answer0_ where answer0_.quiz_id=?
?[0m?[0;34myour answer is false
?[1;31m
Start test 39?[0m
?[0m?[0;34mHibernate: select userwebqui0_.id as id1_4_, userwebqui0_.email as email2_4_, userwebqui0_.password as password3_4_, userwebqui0_.role as role4_4_ from user_web_quiz userwebqui0_ where userwebqui0_.email=?
?[0m?[0;34mEmail = user@google.com
?[0m?[0;34m[ROLE_USER]
?[0m?[0;34mHibernate: select userwebqui0_.id as id1_4_, userwebqui0_.email as email2_4_, userwebqui0_.password as password3_4_, userwebqui0_.role as role4_4_ from user_web_quiz userwebqui0_ where userwebqui0_.email=?
?[0m?[0;34mHibernate: select quiz0_.id as id1_0_, quiz0_.create_by_user_id as create_b4_0_, quiz0_.text as text2_0_, quiz0_.title as title3_0_ from quiz quiz0_ where quiz0_.id=?
?[0m?[0;34mHibernate: select answer0_.quiz_id as quiz_id1_1_0_, answer0_.answer as answer2_1_0_ from quiz_answer answer0_ where answer0_.quiz_id=?
?[0m?[0;34mHibernate: insert into result (result_id, completed_at, id, userwebquiz_id) values (null, ?, ?, ?)
?[0m?[0;34myour answer is true
?[1;31m
Start test 40?[0m
?[0m?[0;34mHibernate: select userwebqui0_.id as id1_4_, userwebqui0_.email as email2_4_, userwebqui0_.password as password3_4_, userwebqui0_.role as role4_4_ from user_web_quiz userwebqui0_ where userwebqui0_.email=?
?[0m?[0;34mEmail = test@google.com
?[0m?[0;34m[ROLE_USER]
?[0m?[0;34mHibernate: select userwebqui0_.id as id1_4_, userwebqui0_.email as email2_4_, userwebqui0_.password as password3_4_, userwebqui0_.role as role4_4_ from user_web_quiz userwebqui0_ where userwebqui0_.email=?
?[0m?[0;34mHibernate: select quiz0_.id as id1_0_, quiz0_.create_by_user_id as create_b4_0_, quiz0_.text as text2_0_, quiz0_.title as title3_0_ from quiz quiz0_ where quiz0_.id=?
?[0m?[0;34mHibernate: select userwebqui0_.id as id1_4_0_, userwebqui0_.email as email2_4_0_, userwebqui0_.password as password3_4_0_, userwebqui0_.role as role4_4_0_ from user_web_quiz userwebqui0_ where userwebqui0_.id=?
?[0m?[0;34mHibernate: select answer0_.quiz_id as quiz_id1_1_0_, answer0_.answer as answer2_1_0_ from quiz_answer answer0_ where answer0_.quiz_id=?
?[0m?[0;34myour answer is false
?[1;31m
Start test 41?[0m
?[0m?[0;34mHibernate: select userwebqui0_.id as id1_4_, userwebqui0_.email as email2_4_, userwebqui0_.password as password3_4_, userwebqui0_.role as role4_4_ from user_web_quiz userwebqui0_ where userwebqui0_.email=?
?[0m?[0;34mEmail = user@google.com
?[0m?[0;34m[ROLE_USER]
?[0m?[0;34mHibernate: select userwebqui0_.id as id1_4_, userwebqui0_.email as email2_4_, userwebqui0_.password as password3_4_, userwebqui0_.role as role4_4_ from user_web_quiz userwebqui0_ where userwebqui0_.email=?
?[0m?[0;34mHibernate: select quiz0_.id as id1_0_, quiz0_.create_by_user_id as create_b4_0_, quiz0_.text as text2_0_, quiz0_.title as title3_0_ from quiz quiz0_ where quiz0_.id=?
?[0m?[0;34mHibernate: select answer0_.quiz_id as quiz_id1_1_0_, answer0_.answer as answer2_1_0_ from quiz_answer answer0_ where answer0_.quiz_id=?
?[0m?[0;34myour answer is false
?[1;31m
Start test 42?[0m
?[0m?[0;34mHibernate: select userwebqui0_.id as id1_4_, userwebqui0_.email as email2_4_, userwebqui0_.password as password3_4_, userwebqui0_.role as role4_4_ from user_web_quiz userwebqui0_ where userwebqui0_.email=?
?[0m?[0;34mEmail = test@google.com
?[0m?[0;34m[ROLE_USER]
?[0m?[0;34mHibernate: select userwebqui0_.id as id1_4_, userwebqui0_.email as email2_4_, userwebqui0_.password as password3_4_, userwebqui0_.role as role4_4_ from user_web_quiz userwebqui0_ where userwebqui0_.email=?
?[0m?[0;34mHibernate: select result0_.result_id as result_i1_3_, result0_.completed_at as complete2_3_, result0_.id as id3_3_, result0_.userwebquiz_id as userwebq4_3_ from result result0_ where result0_.userwebquiz_id=? order by result0_.completed_at desc limit ?
?[0m?[0;34mcreating page
?[1;31m
Start test 43?[0m
?[0m?[0;34mHibernate: select userwebqui0_.id as id1_4_, userwebqui0_.email as email2_4_, userwebqui0_.password as password3_4_, userwebqui0_.role as role4_4_ from user_web_quiz userwebqui0_ where userwebqui0_.email=?
?[0m?[0;34mEmail = user@google.com
?[0m?[0;34m[ROLE_USER]
?[0m?[0;34mHibernate: select userwebqui0_.id as id1_4_, userwebqui0_.email as email2_4_, userwebqui0_.password as password3_4_, userwebqui0_.role as role4_4_ from user_web_quiz userwebqui0_ where userwebqui0_.email=?
?[0m?[0;34mHibernate: select result0_.result_id as result_i1_3_, result0_.completed_at as complete2_3_, result0_.id as id3_3_, result0_.userwebquiz_id as userwebq4_3_ from result result0_ where result0_.userwebquiz_id=? order by result0_.completed_at desc limit ?
?[0m?[0;34mcreating page
?[1;31m
Start test 44?[0m
?[0m?[0;34mHibernate: select userwebqui0_.id as id1_4_, userwebqui0_.email as email2_4_, userwebqui0_.password as password3_4_, userwebqui0_.role as role4_4_ from user_web_quiz userwebqui0_ where userwebqui0_.email=?
?[0m?[0;34mEmail = test@google.com
?[0m?[0;34m[ROLE_USER]
?[0m?[0;34mHibernate: select quiz0_.id as id1_0_, quiz0_.create_by_user_id as create_b4_0_, quiz0_.text as text2_0_, quiz0_.title as title3_0_ from quiz quiz0_ limit ?
?[0m?[0;34mHibernate: select userwebqui0_.id as id1_4_0_, userwebqui0_.email as email2_4_0_, userwebqui0_.password as password3_4_0_, userwebqui0_.role as role4_4_0_ from user_web_quiz userwebqui0_ where userwebqui0_.id=?
?[0m?[0;34mHibernate: select userwebqui0_.id as id1_4_0_, userwebqui0_.email as email2_4_0_, userwebqui0_.password as password3_4_0_, userwebqui0_.role as role4_4_0_ from user_web_quiz userwebqui0_ where userwebqui0_.id=?
?[0m?[0;34mHibernate: select options0_.quiz_id as quiz_id1_2_0_, options0_.options as options2_2_0_ from quiz_options options0_ where options0_.quiz_id=?
?[0m?[0;34mHibernate: select options0_.quiz_id as quiz_id1_2_0_, options0_.options as options2_2_0_ from quiz_options options0_ where options0_.quiz_id=?
?[1;31m
Start test 45?[0m
?[0m?[0;34mHibernate: select userwebqui0_.id as id1_4_, userwebqui0_.email as email2_4_, userwebqui0_.password as password3_4_, userwebqui0_.role as role4_4_ from user_web_quiz userwebqui0_ where userwebqui0_.email=?
?[0m?[0;34mEmail = user@google.com
?[0m?[0;34m[ROLE_USER]
?[0m?[0;34mHibernate: select quiz0_.id as id1_0_, quiz0_.create_by_user_id as create_b4_0_, quiz0_.text as text2_0_, quiz0_.title as title3_0_ from quiz quiz0_ limit ?
?[0m?[0;34mHibernate: select userwebqui0_.id as id1_4_0_, userwebqui0_.email as email2_4_0_, userwebqui0_.password as password3_4_0_, userwebqui0_.role as role4_4_0_ from user_web_quiz userwebqui0_ where userwebqui0_.id=?
?[0m?[0;34mHibernate: select userwebqui0_.id as id1_4_0_, userwebqui0_.email as email2_4_0_, userwebqui0_.password as password3_4_0_, userwebqui0_.role as role4_4_0_ from user_web_quiz userwebqui0_ where userwebqui0_.id=?
?[0m?[0;34mHibernate: select options0_.quiz_id as quiz_id1_2_0_, options0_.options as options2_2_0_ from quiz_options options0_ where options0_.quiz_id=?
?[0m?[0;34mHibernate: select options0_.quiz_id as quiz_id1_2_0_, options0_.options as options2_2_0_ from quiz_options options0_ where options0_.quiz_id=?
?[1;31m
Start test 46?[0m
?[0;34m2022-11-06 15:40:00.693  INFO 18592 --- [       Thread-5] j.LocalContainerEntityManagerFactoryBean : Closing JPA EntityManagerFactory for persistence unit 'default'
?[0m?[0;34m2022-11-06 15:40:00.695  INFO 18592 --- [       Thread-5] com.zaxxer.hikari.HikariDataSource       : HikariPool-1 - Shutdown initiated...
?[0m?[0;34m2022-11-06 15:40:01.002  INFO 18592 --- [       Thread-5] com.zaxxer.hikari.HikariDataSource       : HikariPool-1 - Shutdown completed.
?[0;34m
?[0m?[0;34m  .   ____          _            __ _ _
?[0m?[0;34m /\\ / ___'_ __ _ _(_)_ __  __ _ \ \ \ \
?[0m?[0;34m( ( )\___ | '_ | '_| | '_ \/ _` | \ \ \ \
?[0m?[0;34m \\/  ___)| |_)| | | | | || (_| |  ) ) ) )
?[0m?[0;34m  '  |____| .__|_| |_|_| |_\__, | / / / /
?[0m?[0;34m =========|_|==============|___/=/_/_/_/
?[0m?[0;34m :: Spring Boot ::                (v2.5.6)
?[0m?[0;34m
?[0m?[0;34m2022-11-06 15:40:11.123  INFO 18592 --- [    Test worker] engine.WebQuizEngine                     : Starting WebQuizEngine using Java 17.0.4.1 on DESKTOP-87JLN8B with PID 18592 (started by Admin in D:\HyperSkill\Web Quiz Engine\Web Quiz Engine\task)
?[0m?[0;34m2022-11-06 15:40:11.124  INFO 18592 --- [    Test worker] engine.WebQuizEngine                     : No active profile set, falling back to default profiles: default
?[0m?[0;34m2022-11-06 15:40:11.331  INFO 18592 --- [    Test worker] .s.d.r.c.RepositoryConfigurationDelegate : Bootstrapping Spring Data JPA repositories in DEFAULT mode.
?[0m?[0;34m2022-11-06 15:40:11.338  INFO 18592 --- [    Test worker] .s.d.r.c.RepositoryConfigurationDelegate : Finished Spring Data repository scanning in 6 ms. Found 3 JPA repository interfaces.
?[0m?[0;34m2022-11-06 15:40:11.411  INFO 18592 --- [    Test worker] o.s.b.w.embedded.tomcat.TomcatWebServer  : Tomcat initialized with port(s): 8889 (http)
?[0m?[0;34m2022-11-06 15:40:11.411  INFO 18592 --- [    Test worker] o.apache.catalina.core.StandardService   : Starting service [Tomcat]
?[0m?[0;34m2022-11-06 15:40:11.412  INFO 18592 --- [    Test worker] org.apache.catalina.core.StandardEngine  : Starting Servlet engine: [Apache Tomcat/9.0.54]
?[0m?[0;34m2022-11-06 15:40:11.433  INFO 18592 --- [    Test worker] o.a.c.c.C.[Tomcat].[localhost].[/]       : Initializing Spring embedded WebApplicationContext
?[0m?[0;34m2022-11-06 15:40:11.433  INFO 18592 --- [    Test worker] w.s.c.ServletWebServerApplicationContext : Root WebApplicationContext: initialization completed in 307 ms
?[0m?[0;34m2022-11-06 15:40:11.467  INFO 18592 --- [    Test worker] com.zaxxer.hikari.HikariDataSource       : HikariPool-2 - Starting...
?[0m?[0;34m2022-11-06 15:40:11.477  INFO 18592 --- [    Test worker] com.zaxxer.hikari.HikariDataSource       : HikariPool-2 - Start completed.
?[0m?[0;34m2022-11-06 15:40:11.477  INFO 18592 --- [    Test worker] o.s.b.a.h2.H2ConsoleAutoConfiguration    : H2 console available at '/h2-console'. Database available at 'jdbc:h2:file:D:/HyperSkill/Web Quiz Engine/Web Quiz Engine/task/src/db/quizdb'
?[0m?[0;34m2022-11-06 15:40:11.519  INFO 18592 --- [    Test worker] o.hibernate.jpa.internal.util.LogHelper  : HHH000204: Processing PersistenceUnitInfo [name: default]
?[0m?[0;34m2022-11-06 15:40:11.527  INFO 18592 --- [    Test worker] org.hibernate.dialect.Dialect            : HHH000400: Using dialect: org.hibernate.dialect.H2Dialect
?[0m?[0;34m2022-11-06 15:40:11.614  INFO 18592 --- [    Test worker] o.h.e.t.j.p.i.JtaPlatformInitiator       : HHH000490: Using JtaPlatform implementation: [org.hibernate.engine.transaction.jta.platform.internal.NoJtaPlatform]
?[0m?[0;34m2022-11-06 15:40:11.614  INFO 18592 --- [    Test worker] j.LocalContainerEntityManagerFactoryBean : Initialized JPA EntityManagerFactory for persistence unit 'default'
?[0m?[0;34m2022-11-06 15:40:11.696  WARN 18592 --- [    Test worker] JpaBaseConfiguration$JpaWebConfiguration : spring.jpa.open-in-view is enabled by default. Therefore, database queries may be performed during view rendering. Explicitly configure spring.jpa.open-in-view to disable this warning
?[0m?[0;34m2022-11-06 15:40:11.784  INFO 18592 --- [    Test worker] o.s.b.a.e.web.EndpointLinksResolver      : Exposing 14 endpoint(s) beneath base path '/actuator'
?[0m?[0;34m2022-11-06 15:40:11.793  INFO 18592 --- [    Test worker] o.s.s.web.DefaultSecurityFilterChain     : Will secure any request with [org.springframework.security.web.context.request.async.WebAsyncManagerIntegrationFilter@616b2b2, org.springframework.security.web.context.SecurityContextPersistenceFilter@21b508a0, org.springframework.security.web.header.HeaderWriterFilter@136d1d58, org.springframework.security.web.authentication.logout.LogoutFilter@1203c259, org.springframework.security.web.authentication.www.BasicAuthenticationFilter@22912968, org.springframework.security.web.savedrequest.RequestCacheAwareFilter@16d7f503, org.springframework.security.web.servletapi.SecurityContextHolderAwareRequestFilter@6dabad5c, org.springframework.security.web.authentication.AnonymousAuthenticationFilter@65402e26, org.springframework.security.web.session.SessionManagementFilter@5d956649, org.springframework.security.web.access.ExceptionTranslationFilter@347074a9, org.springframework.security.web.access.intercept.FilterSecurityInterceptor@72c8de78]
?[0m?[0;34m2022-11-06 15:40:11.866  INFO 18592 --- [    Test worker] o.s.b.w.embedded.tomcat.TomcatWebServer  : Tomcat started on port(s): 8889 (http) with context path ''
?[0m?[0;34m2022-11-06 15:40:11.871  INFO 18592 --- [    Test worker] engine.WebQuizEngine                     : Started WebQuizEngine in 0.767 seconds (JVM running for 143.823)
?[0m?[1;31m
Start test 47?[0m
?[0;34m2022-11-06 15:40:11.875  INFO 18592 --- [nio-8889-exec-1] o.a.c.c.C.[Tomcat].[localhost].[/]       : Initializing Spring DispatcherServlet 'dispatcherServlet'
?[0m?[0;34m2022-11-06 15:40:11.875  INFO 18592 --- [nio-8889-exec-1] o.s.web.servlet.DispatcherServlet        : Initializing Servlet 'dispatcherServlet'
?[0m?[0;34m2022-11-06 15:40:11.877  INFO 18592 --- [nio-8889-exec-1] o.s.web.servlet.DispatcherServlet        : Completed initialization in 1 ms
?[0m?[0;34mHibernate: select userwebqui0_.id as id1_4_, userwebqui0_.email as email2_4_, userwebqui0_.password as password3_4_, userwebqui0_.role as role4_4_ from user_web_quiz userwebqui0_ where userwebqui0_.email=?
?[0m?[0;34mEmail = test@google.com
?[0m?[0;34m[ROLE_USER]
?[0m?[0;34mHibernate: select quiz0_.id as id1_0_, quiz0_.create_by_user_id as create_b4_0_, quiz0_.text as text2_0_, quiz0_.title as title3_0_ from quiz quiz0_ limit ?
?[0m?[0;34mHibernate: select userwebqui0_.id as id1_4_0_, userwebqui0_.email as email2_4_0_, userwebqui0_.password as password3_4_0_, userwebqui0_.role as role4_4_0_ from user_web_quiz userwebqui0_ where userwebqui0_.id=?
?[0m?[0;34mHibernate: select userwebqui0_.id as id1_4_0_, userwebqui0_.email as email2_4_0_, userwebqui0_.password as password3_4_0_, userwebqui0_.role as role4_4_0_ from user_web_quiz userwebqui0_ where userwebqui0_.id=?
?[0m?[0;34mHibernate: select options0_.quiz_id as quiz_id1_2_0_, options0_.options as options2_2_0_ from quiz_options options0_ where options0_.quiz_id=?
?[0m?[0;34mHibernate: select options0_.quiz_id as quiz_id1_2_0_, options0_.options as options2_2_0_ from quiz_options options0_ where options0_.quiz_id=?
?[1;31m
Start test 48?[0m
?[0;34mHibernate: select userwebqui0_.id as id1_4_, userwebqui0_.email as email2_4_, userwebqui0_.password as password3_4_, userwebqui0_.role as role4_4_ from user_web_quiz userwebqui0_ where userwebqui0_.email=?
?[0m?[0;34mEmail = user@google.com
?[0m?[0;34m[ROLE_USER]
?[0m?[0;34mHibernate: select quiz0_.id as id1_0_, quiz0_.create_by_user_id as create_b4_0_, quiz0_.text as text2_0_, quiz0_.title as title3_0_ from quiz quiz0_ limit ?
?[0m?[0;34mHibernate: select userwebqui0_.id as id1_4_0_, userwebqui0_.email as email2_4_0_, userwebqui0_.password as password3_4_0_, userwebqui0_.role as role4_4_0_ from user_web_quiz userwebqui0_ where userwebqui0_.id=?
?[0m?[0;34mHibernate: select userwebqui0_.id as id1_4_0_, userwebqui0_.email as email2_4_0_, userwebqui0_.password as password3_4_0_, userwebqui0_.role as role4_4_0_ from user_web_quiz userwebqui0_ where userwebqui0_.id=?
?[0m?[0;34mHibernate: select options0_.quiz_id as quiz_id1_2_0_, options0_.options as options2_2_0_ from quiz_options options0_ where options0_.quiz_id=?
?[0m?[0;34mHibernate: select options0_.quiz_id as quiz_id1_2_0_, options0_.options as options2_2_0_ from quiz_options options0_ where options0_.quiz_id=?
?[1;31m
Start test 49?[0m
?[0;34mHibernate: select userwebqui0_.id as id1_4_, userwebqui0_.email as email2_4_, userwebqui0_.password as password3_4_, userwebqui0_.role as role4_4_ from user_web_quiz userwebqui0_ where userwebqui0_.email=?
?[0m?[0;34mEmail = user@google.com
?[0m?[0;34m[ROLE_USER]
?[0m?[0;34mHibernate: select userwebqui0_.id as id1_4_, userwebqui0_.email as email2_4_, userwebqui0_.password as password3_4_, userwebqui0_.role as role4_4_ from user_web_quiz userwebqui0_ where userwebqui0_.email=?
?[0m?[0;34mHibernate: select quiz0_.id as id1_0_, quiz0_.create_by_user_id as create_b4_0_, quiz0_.text as text2_0_, quiz0_.title as title3_0_ from quiz quiz0_ where quiz0_.id=?
?[0m?[0;34mHibernate: select userwebqui0_.id as id1_4_0_, userwebqui0_.email as email2_4_0_, userwebqui0_.password as password3_4_0_, userwebqui0_.role as role4_4_0_ from user_web_quiz userwebqui0_ where userwebqui0_.id=?
?[0m?[0;34mHibernate: select answer0_.quiz_id as quiz_id1_1_0_, answer0_.answer as answer2_1_0_ from quiz_answer answer0_ where answer0_.quiz_id=?
?[0m?[0;34mHibernate: insert into result (result_id, completed_at, id, userwebquiz_id) values (null, ?, ?, ?)
?[0m?[0;34myour answer is true
?[1;31m
Start test 50?[0m
?[0;34mHibernate: select userwebqui0_.id as id1_4_, userwebqui0_.email as email2_4_, userwebqui0_.password as password3_4_, userwebqui0_.role as role4_4_ from user_web_quiz userwebqui0_ where userwebqui0_.email=?
?[0m?[0;34mEmail = test@google.com
?[0m?[0;34m[ROLE_USER]
?[0m?[0;34mHibernate: select userwebqui0_.id as id1_4_, userwebqui0_.email as email2_4_, userwebqui0_.password as password3_4_, userwebqui0_.role as role4_4_ from user_web_quiz userwebqui0_ where userwebqui0_.email=?
?[0m?[0;34mHibernate: select quiz0_.id as id1_0_, quiz0_.create_by_user_id as create_b4_0_, quiz0_.text as text2_0_, quiz0_.title as title3_0_ from quiz quiz0_ where quiz0_.id=?
?[0m?[0;34mHibernate: select answer0_.quiz_id as quiz_id1_1_0_, answer0_.answer as answer2_1_0_ from quiz_answer answer0_ where answer0_.quiz_id=?
?[0m?[0;34myour answer is false
?[1;31m
Start test 51?[0m
?[0;34mHibernate: select userwebqui0_.id as id1_4_, userwebqui0_.email as email2_4_, userwebqui0_.password as password3_4_, userwebqui0_.role as role4_4_ from user_web_quiz userwebqui0_ where userwebqui0_.email=?
?[0m?[0;34mEmail = user@google.com
?[0m?[0;34m[ROLE_USER]
?[0m?[0;34mHibernate: select userwebqui0_.id as id1_4_, userwebqui0_.email as email2_4_, userwebqui0_.password as password3_4_, userwebqui0_.role as role4_4_ from user_web_quiz userwebqui0_ where userwebqui0_.email=?
?[0m?[0;34mHibernate: select quiz0_.id as id1_0_, quiz0_.create_by_user_id as create_b4_0_, quiz0_.text as text2_0_, quiz0_.title as title3_0_ from quiz quiz0_ where quiz0_.id=?
?[0m?[0;34mHibernate: select answer0_.quiz_id as quiz_id1_1_0_, answer0_.answer as answer2_1_0_ from quiz_answer answer0_ where answer0_.quiz_id=?
?[0m?[0;34myour answer is false
?[1;31m
Start test 52?[0m
?[0;34mHibernate: select userwebqui0_.id as id1_4_, userwebqui0_.email as email2_4_, userwebqui0_.password as password3_4_, userwebqui0_.role as role4_4_ from user_web_quiz userwebqui0_ where userwebqui0_.email=?
?[0m?[0;34mEmail = test@google.com
?[0m?[0;34m[ROLE_USER]
?[0m?[0;34mHibernate: select userwebqui0_.id as id1_4_, userwebqui0_.email as email2_4_, userwebqui0_.password as password3_4_, userwebqui0_.role as role4_4_ from user_web_quiz userwebqui0_ where userwebqui0_.email=?
?[0m?[0;34mHibernate: select quiz0_.id as id1_0_, quiz0_.create_by_user_id as create_b4_0_, quiz0_.text as text2_0_, quiz0_.title as title3_0_ from quiz quiz0_ where quiz0_.id=?
?[0m?[0;34mHibernate: select userwebqui0_.id as id1_4_0_, userwebqui0_.email as email2_4_0_, userwebqui0_.password as password3_4_0_, userwebqui0_.role as role4_4_0_ from user_web_quiz userwebqui0_ where userwebqui0_.id=?
?[0m?[0;34mHibernate: select answer0_.quiz_id as quiz_id1_1_0_, answer0_.answer as answer2_1_0_ from quiz_answer answer0_ where answer0_.quiz_id=?
?[0m?[0;34mHibernate: insert into result (result_id, completed_at, id, userwebquiz_id) values (null, ?, ?, ?)
?[0m?[0;34myour answer is true
?[1;31m
Start test 53?[0m
?[0;34mHibernate: select userwebqui0_.id as id1_4_, userwebqui0_.email as email2_4_, userwebqui0_.password as password3_4_, userwebqui0_.role as role4_4_ from user_web_quiz userwebqui0_ where userwebqui0_.email=?
?[0m?[0;34mEmail = test@google.com
?[0m?[0;34m[ROLE_USER]
?[0m?[0;34mHibernate: select userwebqui0_.id as id1_4_, userwebqui0_.email as email2_4_, userwebqui0_.password as password3_4_, userwebqui0_.role as role4_4_ from user_web_quiz userwebqui0_ where userwebqui0_.email=?
?[0m?[0;34mHibernate: select result0_.result_id as result_i1_3_, result0_.completed_at as complete2_3_, result0_.id as id3_3_, result0_.userwebquiz_id as userwebq4_3_ from result result0_ where result0_.userwebquiz_id=? order by result0_.completed_at desc limit ?
?[0m?[0;34mcreating page
?[1;31m
Start test 54?[0m
?[0;34mHibernate: select userwebqui0_.id as id1_4_, userwebqui0_.email as email2_4_, userwebqui0_.password as password3_4_, userwebqui0_.role as role4_4_ from user_web_quiz userwebqui0_ where userwebqui0_.email=?
?[0m?[0;34mEmail = test@google.com
?[0m?[0;34m[ROLE_USER]
?[0m?[0;34mHibernate: select userwebqui0_.id as id1_4_, userwebqui0_.email as email2_4_, userwebqui0_.password as password3_4_, userwebqui0_.role as role4_4_ from user_web_quiz userwebqui0_ where userwebqui0_.email=?
?[0m?[0;34mHibernate: select result0_.result_id as result_i1_3_, result0_.completed_at as complete2_3_, result0_.id as id3_3_, result0_.userwebquiz_id as userwebq4_3_ from result result0_ where result0_.userwebquiz_id=? order by result0_.completed_at desc limit ?
?[0m?[0;34mcreating page
?[1;31m
Start test 55?[0m
?[0;34mHibernate: select userwebqui0_.id as id1_4_, userwebqui0_.email as email2_4_, userwebqui0_.password as password3_4_, userwebqui0_.role as role4_4_ from user_web_quiz userwebqui0_ where userwebqui0_.email=?
?[0m?[0;34mEmail = user@google.com
?[0m?[0;34m[ROLE_USER]
?[0m?[0;34mHibernate: select userwebqui0_.id as id1_4_, userwebqui0_.email as email2_4_, userwebqui0_.password as password3_4_, userwebqui0_.role as role4_4_ from user_web_quiz userwebqui0_ where userwebqui0_.email=?
?[0m?[0;34mHibernate: select result0_.result_id as result_i1_3_, result0_.completed_at as complete2_3_, result0_.id as id3_3_, result0_.userwebquiz_id as userwebq4_3_ from result result0_ where result0_.userwebquiz_id=? order by result0_.completed_at desc limit ?
?[0m?[0;34mcreating page
?[1;31m
Start test 56?[0m
?[0;34mHibernate: select userwebqui0_.id as id1_4_, userwebqui0_.email as email2_4_, userwebqui0_.password as password3_4_, userwebqui0_.role as role4_4_ from user_web_quiz userwebqui0_ where userwebqui0_.email=?
?[0m?[0;34mEmail = user@google.com
?[0m?[0;34m[ROLE_USER]
?[0m?[0;34mHibernate: select userwebqui0_.id as id1_4_, userwebqui0_.email as email2_4_, userwebqui0_.password as password3_4_, userwebqui0_.role as role4_4_ from user_web_quiz userwebqui0_ where userwebqui0_.email=?
?[0m?[0;34mHibernate: select result0_.result_id as result_i1_3_, result0_.completed_at as complete2_3_, result0_.id as id3_3_, result0_.userwebquiz_id as userwebq4_3_ from result result0_ where result0_.userwebquiz_id=? order by result0_.completed_at desc limit ?
?[0m?[0;34mcreating page
?[1;31m
Start test 57?[0m
?[0m?[0;34mHibernate: select userwebqui0_.id as id1_4_, userwebqui0_.email as email2_4_, userwebqui0_.password as password3_4_, userwebqui0_.role as role4_4_ from user_web_quiz userwebqui0_ where userwebqui0_.email=?
?[0m?[0;34mEmail = test@google.com
?[0m?[0;34m[ROLE_USER]
?[0m?[0;34m2022-11-06 15:40:57.615  WARN 18592 --- [nio-8889-exec-1] .w.s.m.s.DefaultHandlerExceptionResolver : Resolved [org.springframework.http.converter.HttpMessageNotReadableException: JSON parse error: Unexpected character ('"' (code 34)): was expecting comma to separate Object entries; nested exception is com.fasterxml.jackson.core.JsonParseException: Unexpected character ('"' (code 34)): was expecting comma to separate Object entries<LF> at [Source: (PushbackInputStream); line: 4, column: 4]]
?[1;31m
Start test 58?[0m
?[0m?[0;34mHibernate: select userwebqui0_.id as id1_4_, userwebqui0_.email as email2_4_, userwebqui0_.password as password3_4_, userwebqui0_.role as role4_4_ from user_web_quiz userwebqui0_ where userwebqui0_.email=?
?[0m?[0;34mEmail = user@google.com
?[0m?[0;34m[ROLE_USER]
?[0m?[0;34m2022-11-06 15:41:01.443  WARN 18592 --- [nio-8889-exec-2] .w.s.m.s.DefaultHandlerExceptionResolver : Resolved [org.springframework.http.converter.HttpMessageNotReadableException: JSON parse error: Unexpected character ('"' (code 34)): was expecting comma to separate Object entries; nested exception is com.fasterxml.jackson.core.JsonParseException: Unexpected character ('"' (code 34)): was expecting comma to separate Object entries<LF> at [Source: (PushbackInputStream); line: 5, column: 4]]
?[1;31m
Start test 59?[0m
?[0m?[0;34mHibernate: select userwebqui0_.id as id1_4_, userwebqui0_.email as email2_4_, userwebqui0_.password as password3_4_, userwebqui0_.role as role4_4_ from user_web_quiz userwebqui0_ where userwebqui0_.email=?
?[0m?[0;34mEmail = test@google.com
?[0m?[0;34m[ROLE_USER]
?[0m?[0;34m2022-11-06 15:41:05.261  WARN 18592 --- [nio-8889-exec-3] .w.s.m.s.DefaultHandlerExceptionResolver : Resolved [org.springframework.http.converter.HttpMessageNotReadableException: JSON parse error: Unexpected character ('"' (code 34)): was expecting comma to separate Object entries; nested exception is com.fasterxml.jackson.core.JsonParseException: Unexpected character ('"' (code 34)): was expecting comma to separate Object entries<LF> at [Source: (PushbackInputStream); line: 4, column: 4]]
?[1;31m
Start test 60?[0m
?[0m?[0;34mHibernate: select userwebqui0_.id as id1_4_, userwebqui0_.email as email2_4_, userwebqui0_.password as password3_4_, userwebqui0_.role as role4_4_ from user_web_quiz userwebqui0_ where userwebqui0_.email=?
?[0m?[0;34mEmail = user@google.com
?[0m?[0;34m[ROLE_USER]
?[0m?[0;34m2022-11-06 15:41:09.099  WARN 18592 --- [nio-8889-exec-4] .w.s.m.s.DefaultHandlerExceptionResolver : Resolved [org.springframework.http.converter.HttpMessageNotReadableException: JSON parse error: Unexpected character ('"' (code 34)): was expecting comma to separate Object entries; nested exception is com.fasterxml.jackson.core.JsonParseException: Unexpected character ('"' (code 34)): was expecting comma to separate Object entries<LF> at [Source: (PushbackInputStream); line: 5, column: 4]]
?[1;31m
Start test 61?[0m
?[0m?[0;34mHibernate: select userwebqui0_.id as id1_4_, userwebqui0_.email as email2_4_, userwebqui0_.password as password3_4_, userwebqui0_.role as role4_4_ from user_web_quiz userwebqui0_ where userwebqui0_.email=?
?[0m?[0;34mEmail = test@google.com
?[0m?[0;34m[ROLE_USER]
?[0m?[0;34m2022-11-06 15:41:12.907  WARN 18592 --- [nio-8889-exec-5] .w.s.m.s.DefaultHandlerExceptionResolver : Resolved [org.springframework.web.bind.MethodArgumentNotValidException: Validation failed for argument [0] in private org.springframework.http.ResponseEntity engine.controllers.QuizController.createANewQuiz(engine.models.Quiz,org.springframework.security.core.Authentication): [Field error in object 'quiz' on field 'options': rejected value [null]; codes [NotEmpty.quiz.options,NotEmpty.options,NotEmpty.java.util.List,NotEmpty]; arguments [org.springframework.context.support.DefaultMessageSourceResolvable: codes [quiz.options,options]; arguments []; default message [options]]; default message [must not be empty]] ]
?[1;31m
Start test 62?[0m
?[0m?[0;34mHibernate: select userwebqui0_.id as id1_4_, userwebqui0_.email as email2_4_, userwebqui0_.password as password3_4_, userwebqui0_.role as role4_4_ from user_web_quiz userwebqui0_ where userwebqui0_.email=?
?[0m?[0;34mEmail = user@google.com
?[0m?[0;34m[ROLE_USER]
?[0m?[0;34m2022-11-06 15:41:16.708  WARN 18592 --- [nio-8889-exec-6] .w.s.m.s.DefaultHandlerExceptionResolver : Resolved [org.springframework.http.converter.HttpMessageNotReadableException: JSON parse error: Unexpected character ('"' (code 34)): was expecting comma to separate Object entries; nested exception is com.fasterxml.jackson.core.JsonParseException: Unexpected character ('"' (code 34)): was expecting comma to separate Object entries<LF> at [Source: (PushbackInputStream); line: 5, column: 4]]
?[1;31m
Start test 63?[0m
?[0m?[0;34mHibernate: select userwebqui0_.id as id1_4_, userwebqui0_.email as email2_4_, userwebqui0_.password as password3_4_, userwebqui0_.role as role4_4_ from user_web_quiz userwebqui0_ where userwebqui0_.email=?
?[0m?[0;34mEmail = test@google.com
?[0m?[0;34m[ROLE_USER]
?[0m?[0;34m2022-11-06 15:41:20.502  WARN 18592 --- [nio-8889-exec-7] .w.s.m.s.DefaultHandlerExceptionResolver : Resolved [org.springframework.http.converter.HttpMessageNotReadableException: JSON parse error: Unexpected character ('"' (code 34)): was expecting comma to separate Object entries; nested exception is com.fasterxml.jackson.core.JsonParseException: Unexpected character ('"' (code 34)): was expecting comma to separate Object entries<LF> at [Source: (PushbackInputStream); line: 5, column: 4]]
?[1;31m
Start test 64?[0m
?[0m?[0;34mHibernate: select userwebqui0_.id as id1_4_, userwebqui0_.email as email2_4_, userwebqui0_.password as password3_4_, userwebqui0_.role as role4_4_ from user_web_quiz userwebqui0_ where userwebqui0_.email=?
?[0m?[0;34mEmail = test@google.com
?[0m?[0;34m[ROLE_USER]
?[0m?[0;34mHibernate: select userwebqui0_.id as id1_4_, userwebqui0_.email as email2_4_, userwebqui0_.password as password3_4_, userwebqui0_.role as role4_4_ from user_web_quiz userwebqui0_ where userwebqui0_.email=?
?[0m?[0;34mHibernate: insert into quiz (id, create_by_user_id, text, title) values (null, ?, ?, ?)
?[0m?[0;34mHibernate: insert into quiz_answer (quiz_id, answer) values (?, ?)
?[0m?[0;34mHibernate: insert into quiz_answer (quiz_id, answer) values (?, ?)
?[0m?[0;34mHibernate: insert into quiz_options (quiz_id, options) values (?, ?)
?[0m?[0;34mHibernate: insert into quiz_options (quiz_id, options) values (?, ?)
?[0m?[0;34mHibernate: insert into quiz_options (quiz_id, options) values (?, ?)
?[0m?[0;34mHibernate: insert into quiz_options (quiz_id, options) values (?, ?)
?[1;31m
Start test 65?[0m
?[0m?[0;34mHibernate: select userwebqui0_.id as id1_4_, userwebqui0_.email as email2_4_, userwebqui0_.password as password3_4_, userwebqui0_.role as role4_4_ from user_web_quiz userwebqui0_ where userwebqui0_.email=?
?[0m?[0;34mEmail = test@google.com
?[0m?[0;34m[ROLE_USER]
?[0m?[0;34mHibernate: select quiz0_.id as id1_0_, quiz0_.create_by_user_id as create_b4_0_, quiz0_.text as text2_0_, quiz0_.title as title3_0_ from quiz quiz0_ where quiz0_.id=?
?[0m?[0;34mHibernate: select userwebqui0_.id as id1_4_0_, userwebqui0_.email as email2_4_0_, userwebqui0_.password as password3_4_0_, userwebqui0_.role as role4_4_0_ from user_web_quiz userwebqui0_ where userwebqui0_.id=?
?[0m?[0;34mHibernate: select options0_.quiz_id as quiz_id1_2_0_, options0_.options as options2_2_0_ from quiz_options options0_ where options0_.quiz_id=?
?[1;31m
Start test 66?[0m
?[0m?[0;34mHibernate: select userwebqui0_.id as id1_4_, userwebqui0_.email as email2_4_, userwebqui0_.password as password3_4_, userwebqui0_.role as role4_4_ from user_web_quiz userwebqui0_ where userwebqui0_.email=?
?[0m?[0;34mEmail = test@google.com
?[0m?[0;34m[ROLE_USER]
?[0m?[0;34mHibernate: select quiz0_.id as id1_0_, quiz0_.create_by_user_id as create_b4_0_, quiz0_.text as text2_0_, quiz0_.title as title3_0_ from quiz quiz0_ where quiz0_.id=?
?[1;31m
Start test 67?[0m
?[0m?[0;34mHibernate: select userwebqui0_.id as id1_4_, userwebqui0_.email as email2_4_, userwebqui0_.password as password3_4_, userwebqui0_.role as role4_4_ from user_web_quiz userwebqui0_ where userwebqui0_.email=?
?[0m?[0;34mEmail = test@google.com
?[0m?[0;34m[ROLE_USER]
?[0m?[0;34mHibernate: select userwebqui0_.id as id1_4_, userwebqui0_.email as email2_4_, userwebqui0_.password as password3_4_, userwebqui0_.role as role4_4_ from user_web_quiz userwebqui0_ where userwebqui0_.email=?
?[0m?[0;34mHibernate: select quiz0_.id as id1_0_, quiz0_.create_by_user_id as create_b4_0_, quiz0_.text as text2_0_, quiz0_.title as title3_0_ from quiz quiz0_ where quiz0_.id=?
?[0m?[0;34mHibernate: select answer0_.quiz_id as quiz_id1_1_0_, answer0_.answer as answer2_1_0_ from quiz_answer answer0_ where answer0_.quiz_id=?
?[0m?[0;34myour answer is false
?[1;31m
Start test 68?[0m
?[0m?[0;34mHibernate: select userwebqui0_.id as id1_4_, userwebqui0_.email as email2_4_, userwebqui0_.password as password3_4_, userwebqui0_.role as role4_4_ from user_web_quiz userwebqui0_ where userwebqui0_.email=?
?[0m?[0;34mEmail = user@google.com
?[0m?[0;34m[ROLE_USER]
?[0m?[0;34mHibernate: select userwebqui0_.id as id1_4_, userwebqui0_.email as email2_4_, userwebqui0_.password as password3_4_, userwebqui0_.role as role4_4_ from user_web_quiz userwebqui0_ where userwebqui0_.email=?
?[0m?[0;34mHibernate: select quiz0_.id as id1_0_, quiz0_.create_by_user_id as create_b4_0_, quiz0_.text as text2_0_, quiz0_.title as title3_0_ from quiz quiz0_ where quiz0_.id=?
?[0m?[0;34mHibernate: select userwebqui0_.id as id1_4_0_, userwebqui0_.email as email2_4_0_, userwebqui0_.password as password3_4_0_, userwebqui0_.role as role4_4_0_ from user_web_quiz userwebqui0_ where userwebqui0_.id=?
?[0m?[0;34mHibernate: select answer0_.quiz_id as quiz_id1_1_0_, answer0_.answer as answer2_1_0_ from quiz_answer answer0_ where answer0_.quiz_id=?
?[0m?[0;34myour answer is false
?[1;31m
Start test 69?[0m
?[0m?[0;34mHibernate: select userwebqui0_.id as id1_4_, userwebqui0_.email as email2_4_, userwebqui0_.password as password3_4_, userwebqui0_.role as role4_4_ from user_web_quiz userwebqui0_ where userwebqui0_.email=?
?[0m?[0;34mEmail = test@google.com
?[0m?[0;34m[ROLE_USER]
?[0m?[0;34mHibernate: select userwebqui0_.id as id1_4_, userwebqui0_.email as email2_4_, userwebqui0_.password as password3_4_, userwebqui0_.role as role4_4_ from user_web_quiz userwebqui0_ where userwebqui0_.email=?
?[0m?[0;34mHibernate: select quiz0_.id as id1_0_, quiz0_.create_by_user_id as create_b4_0_, quiz0_.text as text2_0_, quiz0_.title as title3_0_ from quiz quiz0_ where quiz0_.id=?
?[0m?[0;34mHibernate: select answer0_.quiz_id as quiz_id1_1_0_, answer0_.answer as answer2_1_0_ from quiz_answer answer0_ where answer0_.quiz_id=?
?[0m?[0;34myour answer is false
?[1;31m
Start test 70?[0m
?[0m?[0;34mHibernate: select userwebqui0_.id as id1_4_, userwebqui0_.email as email2_4_, userwebqui0_.password as password3_4_, userwebqui0_.role as role4_4_ from user_web_quiz userwebqui0_ where userwebqui0_.email=?
?[0m?[0;34mEmail = user@google.com
?[0m?[0;34m[ROLE_USER]
?[0m?[0;34mHibernate: select userwebqui0_.id as id1_4_, userwebqui0_.email as email2_4_, userwebqui0_.password as password3_4_, userwebqui0_.role as role4_4_ from user_web_quiz userwebqui0_ where userwebqui0_.email=?
?[0m?[0;34mHibernate: select quiz0_.id as id1_0_, quiz0_.create_by_user_id as create_b4_0_, quiz0_.text as text2_0_, quiz0_.title as title3_0_ from quiz quiz0_ where quiz0_.id=?
?[0m?[0;34mHibernate: select userwebqui0_.id as id1_4_0_, userwebqui0_.email as email2_4_0_, userwebqui0_.password as password3_4_0_, userwebqui0_.role as role4_4_0_ from user_web_quiz userwebqui0_ where userwebqui0_.id=?
?[0m?[0;34mHibernate: select answer0_.quiz_id as quiz_id1_1_0_, answer0_.answer as answer2_1_0_ from quiz_answer answer0_ where answer0_.quiz_id=?
?[0m?[0;34myour answer is false
?[1;31m
Start test 71?[0m
?[0m?[0;34mHibernate: select userwebqui0_.id as id1_4_, userwebqui0_.email as email2_4_, userwebqui0_.password as password3_4_, userwebqui0_.role as role4_4_ from user_web_quiz userwebqui0_ where userwebqui0_.email=?
?[0m?[0;34mEmail = test@google.com
?[0m?[0;34m[ROLE_USER]
?[0m?[0;34mHibernate: select userwebqui0_.id as id1_4_, userwebqui0_.email as email2_4_, userwebqui0_.password as password3_4_, userwebqui0_.role as role4_4_ from user_web_quiz userwebqui0_ where userwebqui0_.email=?
?[0m?[0;34mHibernate: select quiz0_.id as id1_0_, quiz0_.create_by_user_id as create_b4_0_, quiz0_.text as text2_0_, quiz0_.title as title3_0_ from quiz quiz0_ where quiz0_.id=?
?[0m?[0;34mHibernate: select answer0_.quiz_id as quiz_id1_1_0_, answer0_.answer as answer2_1_0_ from quiz_answer answer0_ where answer0_.quiz_id=?
?[0m?[0;34myour answer is false
?[1;31m
Start test 72?[0m
?[0m?[0;34mHibernate: select userwebqui0_.id as id1_4_, userwebqui0_.email as email2_4_, userwebqui0_.password as password3_4_, userwebqui0_.role as role4_4_ from user_web_quiz userwebqui0_ where userwebqui0_.email=?
?[0m?[0;34mEmail = user@google.com
?[0m?[0;34m[ROLE_USER]
?[0m?[0;34mHibernate: select userwebqui0_.id as id1_4_, userwebqui0_.email as email2_4_, userwebqui0_.password as password3_4_, userwebqui0_.role as role4_4_ from user_web_quiz userwebqui0_ where userwebqui0_.email=?
?[0m?[0;34mHibernate: select quiz0_.id as id1_0_, quiz0_.create_by_user_id as create_b4_0_, quiz0_.text as text2_0_, quiz0_.title as title3_0_ from quiz quiz0_ where quiz0_.id=?
?[0m?[0;34mHibernate: select userwebqui0_.id as id1_4_0_, userwebqui0_.email as email2_4_0_, userwebqui0_.password as password3_4_0_, userwebqui0_.role as role4_4_0_ from user_web_quiz userwebqui0_ where userwebqui0_.id=?
?[0m?[0;34mHibernate: select answer0_.quiz_id as quiz_id1_1_0_, answer0_.answer as answer2_1_0_ from quiz_answer answer0_ where answer0_.quiz_id=?
?[0m?[0;34mHibernate: insert into result (result_id, completed_at, id, userwebquiz_id) values (null, ?, ?, ?)
?[0m?[0;34myour answer is true
?[1;31m
Start test 73?[0m
?[0m?[0;34mHibernate: select userwebqui0_.id as id1_4_, userwebqui0_.email as email2_4_, userwebqui0_.password as password3_4_, userwebqui0_.role as role4_4_ from user_web_quiz userwebqui0_ where userwebqui0_.email=?
?[0m?[0;34mEmail = test@google.com
?[0m?[0;34m[ROLE_USER]
?[0m?[0;34mHibernate: select userwebqui0_.id as id1_4_, userwebqui0_.email as email2_4_, userwebqui0_.password as password3_4_, userwebqui0_.role as role4_4_ from user_web_quiz userwebqui0_ where userwebqui0_.email=?
?[0m?[0;34mHibernate: select quiz0_.id as id1_0_, quiz0_.create_by_user_id as create_b4_0_, quiz0_.text as text2_0_, quiz0_.title as title3_0_ from quiz quiz0_ where quiz0_.id=?
?[0m?[0;34mHibernate: select answer0_.quiz_id as quiz_id1_1_0_, answer0_.answer as answer2_1_0_ from quiz_answer answer0_ where answer0_.quiz_id=?
?[0m?[0;34myour answer is false
?[1;31m
Start test 74?[0m
?[0m?[0;34mHibernate: select userwebqui0_.id as id1_4_, userwebqui0_.email as email2_4_, userwebqui0_.password as password3_4_, userwebqui0_.role as role4_4_ from user_web_quiz userwebqui0_ where userwebqui0_.email=?
?[0m?[0;34mEmail = user@google.com
?[0m?[0;34m[ROLE_USER]
?[0m?[0;34mHibernate: select userwebqui0_.id as id1_4_, userwebqui0_.email as email2_4_, userwebqui0_.password as password3_4_, userwebqui0_.role as role4_4_ from user_web_quiz userwebqui0_ where userwebqui0_.email=?
?[0m?[0;34mHibernate: select quiz0_.id as id1_0_, quiz0_.create_by_user_id as create_b4_0_, quiz0_.text as text2_0_, quiz0_.title as title3_0_ from quiz quiz0_ where quiz0_.id=?
?[0m?[0;34mHibernate: select userwebqui0_.id as id1_4_0_, userwebqui0_.email as email2_4_0_, userwebqui0_.password as password3_4_0_, userwebqui0_.role as role4_4_0_ from user_web_quiz userwebqui0_ where userwebqui0_.id=?
?[0m?[0;34mHibernate: select answer0_.quiz_id as quiz_id1_1_0_, answer0_.answer as answer2_1_0_ from quiz_answer answer0_ where answer0_.quiz_id=?
?[0m?[0;34myour answer is false
?[1;31m
Start test 75?[0m
?[0m?[0;34mHibernate: select userwebqui0_.id as id1_4_, userwebqui0_.email as email2_4_, userwebqui0_.password as password3_4_, userwebqui0_.role as role4_4_ from user_web_quiz userwebqui0_ where userwebqui0_.email=?
?[0m?[0;34mEmail = test@google.com
?[0m?[0;34m[ROLE_USER]
?[0m?[0;34mHibernate: select userwebqui0_.id as id1_4_, userwebqui0_.email as email2_4_, userwebqui0_.password as password3_4_, userwebqui0_.role as role4_4_ from user_web_quiz userwebqui0_ where userwebqui0_.email=?
?[0m?[0;34mHibernate: select quiz0_.id as id1_0_, quiz0_.create_by_user_id as create_b4_0_, quiz0_.text as text2_0_, quiz0_.title as title3_0_ from quiz quiz0_ where quiz0_.id=?
?[0m?[0;34mHibernate: select answer0_.quiz_id as quiz_id1_1_0_, answer0_.answer as answer2_1_0_ from quiz_answer answer0_ where answer0_.quiz_id=?
?[0m?[0;34myour answer is false
?[1;31m
Start test 76?[0m
?[0m?[0;34mHibernate: select userwebqui0_.id as id1_4_, userwebqui0_.email as email2_4_, userwebqui0_.password as password3_4_, userwebqui0_.role as role4_4_ from user_web_quiz userwebqui0_ where userwebqui0_.email=?
?[0m?[0;34mEmail = user@google.com
?[0m?[0;34m[ROLE_USER]
?[0m?[0;34mHibernate: select userwebqui0_.id as id1_4_, userwebqui0_.email as email2_4_, userwebqui0_.password as password3_4_, userwebqui0_.role as role4_4_ from user_web_quiz userwebqui0_ where userwebqui0_.email=?
?[0m?[0;34mHibernate: select quiz0_.id as id1_0_, quiz0_.create_by_user_id as create_b4_0_, quiz0_.text as text2_0_, quiz0_.title as title3_0_ from quiz quiz0_ where quiz0_.id=?
?[0m?[0;34mHibernate: select userwebqui0_.id as id1_4_0_, userwebqui0_.email as email2_4_0_, userwebqui0_.password as password3_4_0_, userwebqui0_.role as role4_4_0_ from user_web_quiz userwebqui0_ where userwebqui0_.id=?
?[0m?[0;34mHibernate: select answer0_.quiz_id as quiz_id1_1_0_, answer0_.answer as answer2_1_0_ from quiz_answer answer0_ where answer0_.quiz_id=?
?[0m?[0;34myour answer is false
?[1;31m
Start test 77?[0m
?[0m?[0;34mHibernate: select userwebqui0_.id as id1_4_, userwebqui0_.email as email2_4_, userwebqui0_.password as password3_4_, userwebqui0_.role as role4_4_ from user_web_quiz userwebqui0_ where userwebqui0_.email=?
?[0m?[0;34mEmail = test@google.com
?[0m?[0;34m[ROLE_USER]
?[0m?[0;34mHibernate: select userwebqui0_.id as id1_4_, userwebqui0_.email as email2_4_, userwebqui0_.password as password3_4_, userwebqui0_.role as role4_4_ from user_web_quiz userwebqui0_ where userwebqui0_.email=?
?[0m?[0;34mHibernate: select quiz0_.id as id1_0_, quiz0_.create_by_user_id as create_b4_0_, quiz0_.text as text2_0_, quiz0_.title as title3_0_ from quiz quiz0_ where quiz0_.id=?
?[0m?[0;34mHibernate: select answer0_.quiz_id as quiz_id1_1_0_, answer0_.answer as answer2_1_0_ from quiz_answer answer0_ where answer0_.quiz_id=?
?[0m?[0;34myour answer is false
?[1;31m
Start test 78?[0m
?[0m?[0;34mHibernate: select userwebqui0_.id as id1_4_, userwebqui0_.email as email2_4_, userwebqui0_.password as password3_4_, userwebqui0_.role as role4_4_ from user_web_quiz userwebqui0_ where userwebqui0_.email=?
?[0m?[0;34mEmail = user@google.com
?[0m?[0;34m[ROLE_USER]
?[0m?[0;34mHibernate: select userwebqui0_.id as id1_4_, userwebqui0_.email as email2_4_, userwebqui0_.password as password3_4_, userwebqui0_.role as role4_4_ from user_web_quiz userwebqui0_ where userwebqui0_.email=?
?[0m?[0;34mHibernate: select quiz0_.id as id1_0_, quiz0_.create_by_user_id as create_b4_0_, quiz0_.text as text2_0_, quiz0_.title as title3_0_ from quiz quiz0_ where quiz0_.id=?
?[0m?[0;34mHibernate: select userwebqui0_.id as id1_4_0_, userwebqui0_.email as email2_4_0_, userwebqui0_.password as password3_4_0_, userwebqui0_.role as role4_4_0_ from user_web_quiz userwebqui0_ where userwebqui0_.id=?
?[0m?[0;34mHibernate: select answer0_.quiz_id as quiz_id1_1_0_, answer0_.answer as answer2_1_0_ from quiz_answer answer0_ where answer0_.quiz_id=?
?[0m?[0;34myour answer is false
?[1;31m
Start test 79?[0m
?[0m?[0;34mHibernate: select userwebqui0_.id as id1_4_, userwebqui0_.email as email2_4_, userwebqui0_.password as password3_4_, userwebqui0_.role as role4_4_ from user_web_quiz userwebqui0_ where userwebqui0_.email=?
?[0m?[0;34mEmail = test@google.com
?[0m?[0;34m[ROLE_USER]
?[0m?[0;34mHibernate: select userwebqui0_.id as id1_4_, userwebqui0_.email as email2_4_, userwebqui0_.password as password3_4_, userwebqui0_.role as role4_4_ from user_web_quiz userwebqui0_ where userwebqui0_.email=?
?[0m?[0;34mHibernate: select quiz0_.id as id1_0_, quiz0_.create_by_user_id as create_b4_0_, quiz0_.text as text2_0_, quiz0_.title as title3_0_ from quiz quiz0_ where quiz0_.id=?
?[0m?[0;34mHibernate: select answer0_.quiz_id as quiz_id1_1_0_, answer0_.answer as answer2_1_0_ from quiz_answer answer0_ where answer0_.quiz_id=?
?[0m?[0;34myour answer is false
?[1;31m
Start test 80?[0m
?[0m?[0;34mHibernate: select userwebqui0_.id as id1_4_, userwebqui0_.email as email2_4_, userwebqui0_.password as password3_4_, userwebqui0_.role as role4_4_ from user_web_quiz userwebqui0_ where userwebqui0_.email=?
?[0m?[0;34mEmail = user@google.com
?[0m?[0;34m[ROLE_USER]
?[0m?[0;34mHibernate: select userwebqui0_.id as id1_4_, userwebqui0_.email as email2_4_, userwebqui0_.password as password3_4_, userwebqui0_.role as role4_4_ from user_web_quiz userwebqui0_ where userwebqui0_.email=?
?[0m?[0;34mHibernate: select quiz0_.id as id1_0_, quiz0_.create_by_user_id as create_b4_0_, quiz0_.text as text2_0_, quiz0_.title as title3_0_ from quiz quiz0_ where quiz0_.id=?
?[0m?[0;34mHibernate: select userwebqui0_.id as id1_4_0_, userwebqui0_.email as email2_4_0_, userwebqui0_.password as password3_4_0_, userwebqui0_.role as role4_4_0_ from user_web_quiz userwebqui0_ where userwebqui0_.id=?
?[0m?[0;34mHibernate: select answer0_.quiz_id as quiz_id1_1_0_, answer0_.answer as answer2_1_0_ from quiz_answer answer0_ where answer0_.quiz_id=?
?[0m?[0;34myour answer is false
?[1;31m
Start test 81?[0m
?[0m?[0;34mHibernate: select userwebqui0_.id as id1_4_, userwebqui0_.email as email2_4_, userwebqui0_.password as password3_4_, userwebqui0_.role as role4_4_ from user_web_quiz userwebqui0_ where userwebqui0_.email=?
?[0m?[0;34mEmail = test@google.com
?[0m?[0;34m[ROLE_USER]
?[0m?[0;34mHibernate: select userwebqui0_.id as id1_4_, userwebqui0_.email as email2_4_, userwebqui0_.password as password3_4_, userwebqui0_.role as role4_4_ from user_web_quiz userwebqui0_ where userwebqui0_.email=?
?[0m?[0;34mHibernate: select quiz0_.id as id1_0_, quiz0_.create_by_user_id as create_b4_0_, quiz0_.text as text2_0_, quiz0_.title as title3_0_ from quiz quiz0_ where quiz0_.id=?
?[0m?[0;34mHibernate: select answer0_.quiz_id as quiz_id1_1_0_, answer0_.answer as answer2_1_0_ from quiz_answer answer0_ where answer0_.quiz_id=?
?[0m?[0;34myour answer is false
?[1;31m
Start test 82?[0m
?[0m?[0;34mHibernate: select userwebqui0_.id as id1_4_, userwebqui0_.email as email2_4_, userwebqui0_.password as password3_4_, userwebqui0_.role as role4_4_ from user_web_quiz userwebqui0_ where userwebqui0_.email=?
?[0m?[0;34mEmail = test@google.com
?[0m?[0;34m[ROLE_USER]
?[0m?[0;34mHibernate: select userwebqui0_.id as id1_4_, userwebqui0_.email as email2_4_, userwebqui0_.password as password3_4_, userwebqui0_.role as role4_4_ from user_web_quiz userwebqui0_ where userwebqui0_.email=?
?[0m?[0;34mHibernate: insert into quiz (id, create_by_user_id, text, title) values (null, ?, ?, ?)
?[0m?[0;34mHibernate: insert into quiz_answer (quiz_id, answer) values (?, ?)
?[0m?[0;34mHibernate: insert into quiz_answer (quiz_id, answer) values (?, ?)
?[0m?[0;34mHibernate: insert into quiz_options (quiz_id, options) values (?, ?)
?[0m?[0;34mHibernate: insert into quiz_options (quiz_id, options) values (?, ?)
?[0m?[0;34mHibernate: insert into quiz_options (quiz_id, options) values (?, ?)
?[0m?[0;34mHibernate: insert into quiz_options (quiz_id, options) values (?, ?)
?[1;31m
Start test 83?[0m
?[0m?[0;34mHibernate: select userwebqui0_.id as id1_4_, userwebqui0_.email as email2_4_, userwebqui0_.password as password3_4_, userwebqui0_.role as role4_4_ from user_web_quiz userwebqui0_ where userwebqui0_.email=?
?[0m?[0;34mEmail = test@google.com
?[0m?[0;34m[ROLE_USER]
?[0m?[0;34mHibernate: select quiz0_.id as id1_0_, quiz0_.create_by_user_id as create_b4_0_, quiz0_.text as text2_0_, quiz0_.title as title3_0_ from quiz quiz0_ where quiz0_.id=?
?[0m?[0;34mHibernate: select userwebqui0_.id as id1_4_0_, userwebqui0_.email as email2_4_0_, userwebqui0_.password as password3_4_0_, userwebqui0_.role as role4_4_0_ from user_web_quiz userwebqui0_ where userwebqui0_.id=?
?[0m?[0;34mHibernate: select options0_.quiz_id as quiz_id1_2_0_, options0_.options as options2_2_0_ from quiz_options options0_ where options0_.quiz_id=?
?[1;31m
Start test 84?[0m
?[0m?[0;34mHibernate: select userwebqui0_.id as id1_4_, userwebqui0_.email as email2_4_, userwebqui0_.password as password3_4_, userwebqui0_.role as role4_4_ from user_web_quiz userwebqui0_ where userwebqui0_.email=?
?[0m?[0;34mEmail = test@google.com
?[0m?[0;34m[ROLE_USER]
?[0m?[0;34mHibernate: select quiz0_.id as id1_0_, quiz0_.create_by_user_id as create_b4_0_, quiz0_.text as text2_0_, quiz0_.title as title3_0_ from quiz quiz0_ where quiz0_.id=?
?[1;31m
Start test 85?[0m
?[0m?[0;34mHibernate: select userwebqui0_.id as id1_4_, userwebqui0_.email as email2_4_, userwebqui0_.password as password3_4_, userwebqui0_.role as role4_4_ from user_web_quiz userwebqui0_ where userwebqui0_.email=?
?[0m?[0;34mEmail = test@google.com
?[0m?[0;34m[ROLE_USER]
?[0m?[0;34mHibernate: select userwebqui0_.id as id1_4_, userwebqui0_.email as email2_4_, userwebqui0_.password as password3_4_, userwebqui0_.role as role4_4_ from user_web_quiz userwebqui0_ where userwebqui0_.email=?
?[0m?[0;34mHibernate: select quiz0_.id as id1_0_, quiz0_.create_by_user_id as create_b4_0_, quiz0_.text as text2_0_, quiz0_.title as title3_0_ from quiz quiz0_ where quiz0_.id=?
?[0m?[0;34mHibernate: select answer0_.quiz_id as quiz_id1_1_0_, answer0_.answer as answer2_1_0_ from quiz_answer answer0_ where answer0_.quiz_id=?
?[0m?[0;34myour answer is false
?[1;31m
Start test 86?[0m
?[0m?[0;34mHibernate: select userwebqui0_.id as id1_4_, userwebqui0_.email as email2_4_, userwebqui0_.password as password3_4_, userwebqui0_.role as role4_4_ from user_web_quiz userwebqui0_ where userwebqui0_.email=?
?[0m?[0;34mEmail = user@google.com
?[0m?[0;34m[ROLE_USER]
?[0m?[0;34mHibernate: select userwebqui0_.id as id1_4_, userwebqui0_.email as email2_4_, userwebqui0_.password as password3_4_, userwebqui0_.role as role4_4_ from user_web_quiz userwebqui0_ where userwebqui0_.email=?
?[0m?[0;34mHibernate: select quiz0_.id as id1_0_, quiz0_.create_by_user_id as create_b4_0_, quiz0_.text as text2_0_, quiz0_.title as title3_0_ from quiz quiz0_ where quiz0_.id=?
?[0m?[0;34mHibernate: select userwebqui0_.id as id1_4_0_, userwebqui0_.email as email2_4_0_, userwebqui0_.password as password3_4_0_, userwebqui0_.role as role4_4_0_ from user_web_quiz userwebqui0_ where userwebqui0_.id=?
?[0m?[0;34mHibernate: select answer0_.quiz_id as quiz_id1_1_0_, answer0_.answer as answer2_1_0_ from quiz_answer answer0_ where answer0_.quiz_id=?
?[0m?[0;34myour answer is false
?[1;31m
Start test 87?[0m
?[0m?[0;34mHibernate: select userwebqui0_.id as id1_4_, userwebqui0_.email as email2_4_, userwebqui0_.password as password3_4_, userwebqui0_.role as role4_4_ from user_web_quiz userwebqui0_ where userwebqui0_.email=?
?[0m?[0;34mEmail = test@google.com
?[0m?[0;34m[ROLE_USER]
?[0m?[0;34mHibernate: select userwebqui0_.id as id1_4_, userwebqui0_.email as email2_4_, userwebqui0_.password as password3_4_, userwebqui0_.role as role4_4_ from user_web_quiz userwebqui0_ where userwebqui0_.email=?
?[0m?[0;34mHibernate: select quiz0_.id as id1_0_, quiz0_.create_by_user_id as create_b4_0_, quiz0_.text as text2_0_, quiz0_.title as title3_0_ from quiz quiz0_ where quiz0_.id=?
?[0m?[0;34mHibernate: select answer0_.quiz_id as quiz_id1_1_0_, answer0_.answer as answer2_1_0_ from quiz_answer answer0_ where answer0_.quiz_id=?
?[0m?[0;34myour answer is false
?[1;31m
Start test 88?[0m
?[0m?[0;34mHibernate: select userwebqui0_.id as id1_4_, userwebqui0_.email as email2_4_, userwebqui0_.password as password3_4_, userwebqui0_.role as role4_4_ from user_web_quiz userwebqui0_ where userwebqui0_.email=?
?[0m?[0;34mEmail = user@google.com
?[0m?[0;34m[ROLE_USER]
?[0m?[0;34mHibernate: select userwebqui0_.id as id1_4_, userwebqui0_.email as email2_4_, userwebqui0_.password as password3_4_, userwebqui0_.role as role4_4_ from user_web_quiz userwebqui0_ where userwebqui0_.email=?
?[0m?[0;34mHibernate: select quiz0_.id as id1_0_, quiz0_.create_by_user_id as create_b4_0_, quiz0_.text as text2_0_, quiz0_.title as title3_0_ from quiz quiz0_ where quiz0_.id=?
?[0m?[0;34mHibernate: select userwebqui0_.id as id1_4_0_, userwebqui0_.email as email2_4_0_, userwebqui0_.password as password3_4_0_, userwebqui0_.role as role4_4_0_ from user_web_quiz userwebqui0_ where userwebqui0_.id=?
?[0m?[0;34mHibernate: select answer0_.quiz_id as quiz_id1_1_0_, answer0_.answer as answer2_1_0_ from quiz_answer answer0_ where answer0_.quiz_id=?
?[0m?[0;34myour answer is false
?[1;31m
Start test 89?[0m
?[0m?[0;34mHibernate: select userwebqui0_.id as id1_4_, userwebqui0_.email as email2_4_, userwebqui0_.password as password3_4_, userwebqui0_.role as role4_4_ from user_web_quiz userwebqui0_ where userwebqui0_.email=?
?[0m?[0;34mEmail = test@google.com
?[0m?[0;34m[ROLE_USER]
?[0m?[0;34mHibernate: select userwebqui0_.id as id1_4_, userwebqui0_.email as email2_4_, userwebqui0_.password as password3_4_, userwebqui0_.role as role4_4_ from user_web_quiz userwebqui0_ where userwebqui0_.email=?
?[0m?[0;34mHibernate: select quiz0_.id as id1_0_, quiz0_.create_by_user_id as create_b4_0_, quiz0_.text as text2_0_, quiz0_.title as title3_0_ from quiz quiz0_ where quiz0_.id=?
?[0m?[0;34mHibernate: select answer0_.quiz_id as quiz_id1_1_0_, answer0_.answer as answer2_1_0_ from quiz_answer answer0_ where answer0_.quiz_id=?
?[0m?[0;34myour answer is false
?[1;31m
Start test 90?[0m
?[0m?[0;34mHibernate: select userwebqui0_.id as id1_4_, userwebqui0_.email as email2_4_, userwebqui0_.password as password3_4_, userwebqui0_.role as role4_4_ from user_web_quiz userwebqui0_ where userwebqui0_.email=?
?[0m?[0;34mEmail = user@google.com
?[0m?[0;34m[ROLE_USER]
?[0m?[0;34mHibernate: select userwebqui0_.id as id1_4_, userwebqui0_.email as email2_4_, userwebqui0_.password as password3_4_, userwebqui0_.role as role4_4_ from user_web_quiz userwebqui0_ where userwebqui0_.email=?
?[0m?[0;34mHibernate: select quiz0_.id as id1_0_, quiz0_.create_by_user_id as create_b4_0_, quiz0_.text as text2_0_, quiz0_.title as title3_0_ from quiz quiz0_ where quiz0_.id=?
?[0m?[0;34mHibernate: select userwebqui0_.id as id1_4_0_, userwebqui0_.email as email2_4_0_, userwebqui0_.password as password3_4_0_, userwebqui0_.role as role4_4_0_ from user_web_quiz userwebqui0_ where userwebqui0_.id=?
?[0m?[0;34mHibernate: select answer0_.quiz_id as quiz_id1_1_0_, answer0_.answer as answer2_1_0_ from quiz_answer answer0_ where answer0_.quiz_id=?
?[0m?[0;34myour answer is false
?[1;31m
Start test 91?[0m
?[0m?[0;34mHibernate: select userwebqui0_.id as id1_4_, userwebqui0_.email as email2_4_, userwebqui0_.password as password3_4_, userwebqui0_.role as role4_4_ from user_web_quiz userwebqui0_ where userwebqui0_.email=?
?[0m?[0;34mEmail = test@google.com
?[0m?[0;34m[ROLE_USER]
?[0m?[0;34mHibernate: select userwebqui0_.id as id1_4_, userwebqui0_.email as email2_4_, userwebqui0_.password as password3_4_, userwebqui0_.role as role4_4_ from user_web_quiz userwebqui0_ where userwebqui0_.email=?
?[0m?[0;34mHibernate: select quiz0_.id as id1_0_, quiz0_.create_by_user_id as create_b4_0_, quiz0_.text as text2_0_, quiz0_.title as title3_0_ from quiz quiz0_ where quiz0_.id=?
?[0m?[0;34mHibernate: select answer0_.quiz_id as quiz_id1_1_0_, answer0_.answer as answer2_1_0_ from quiz_answer answer0_ where answer0_.quiz_id=?
?[0m?[0;34myour answer is false
?[1;31m
Start test 92?[0m
?[0m?[0;34mHibernate: select userwebqui0_.id as id1_4_, userwebqui0_.email as email2_4_, userwebqui0_.password as password3_4_, userwebqui0_.role as role4_4_ from user_web_quiz userwebqui0_ where userwebqui0_.email=?
?[0m?[0;34mEmail = user@google.com
?[0m?[0;34m[ROLE_USER]
?[0m?[0;34mHibernate: select userwebqui0_.id as id1_4_, userwebqui0_.email as email2_4_, userwebqui0_.password as password3_4_, userwebqui0_.role as role4_4_ from user_web_quiz userwebqui0_ where userwebqui0_.email=?
?[0m?[0;34mHibernate: select quiz0_.id as id1_0_, quiz0_.create_by_user_id as create_b4_0_, quiz0_.text as text2_0_, quiz0_.title as title3_0_ from quiz quiz0_ where quiz0_.id=?
?[0m?[0;34mHibernate: select userwebqui0_.id as id1_4_0_, userwebqui0_.email as email2_4_0_, userwebqui0_.password as password3_4_0_, userwebqui0_.role as role4_4_0_ from user_web_quiz userwebqui0_ where userwebqui0_.id=?
?[0m?[0;34mHibernate: select answer0_.quiz_id as quiz_id1_1_0_, answer0_.answer as answer2_1_0_ from quiz_answer answer0_ where answer0_.quiz_id=?
?[0m?[0;34myour answer is false
?[1;31m
Start test 93?[0m
?[0m?[0;34mHibernate: select userwebqui0_.id as id1_4_, userwebqui0_.email as email2_4_, userwebqui0_.password as password3_4_, userwebqui0_.role as role4_4_ from user_web_quiz userwebqui0_ where userwebqui0_.email=?
?[0m?[0;34mEmail = test@google.com
?[0m?[0;34m[ROLE_USER]
?[0m?[0;34mHibernate: select userwebqui0_.id as id1_4_, userwebqui0_.email as email2_4_, userwebqui0_.password as password3_4_, userwebqui0_.role as role4_4_ from user_web_quiz userwebqui0_ where userwebqui0_.email=?
?[0m?[0;34mHibernate: select quiz0_.id as id1_0_, quiz0_.create_by_user_id as create_b4_0_, quiz0_.text as text2_0_, quiz0_.title as title3_0_ from quiz quiz0_ where quiz0_.id=?
?[0m?[0;34mHibernate: select answer0_.quiz_id as quiz_id1_1_0_, answer0_.answer as answer2_1_0_ from quiz_answer answer0_ where answer0_.quiz_id=?
?[0m?[0;34myour answer is false
?[1;31m
Start test 94?[0m
?[0m?[0;34mHibernate: select userwebqui0_.id as id1_4_, userwebqui0_.email as email2_4_, userwebqui0_.password as password3_4_, userwebqui0_.role as role4_4_ from user_web_quiz userwebqui0_ where userwebqui0_.email=?
?[0m?[0;34mEmail = user@google.com
?[0m?[0;34m[ROLE_USER]
?[0m?[0;34mHibernate: select userwebqui0_.id as id1_4_, userwebqui0_.email as email2_4_, userwebqui0_.password as password3_4_, userwebqui0_.role as role4_4_ from user_web_quiz userwebqui0_ where userwebqui0_.email=?
?[0m?[0;34mHibernate: select quiz0_.id as id1_0_, quiz0_.create_by_user_id as create_b4_0_, quiz0_.text as text2_0_, quiz0_.title as title3_0_ from quiz quiz0_ where quiz0_.id=?
?[0m?[0;34mHibernate: select userwebqui0_.id as id1_4_0_, userwebqui0_.email as email2_4_0_, userwebqui0_.password as password3_4_0_, userwebqui0_.role as role4_4_0_ from user_web_quiz userwebqui0_ where userwebqui0_.id=?
?[0m?[0;34mHibernate: select answer0_.quiz_id as quiz_id1_1_0_, answer0_.answer as answer2_1_0_ from quiz_answer answer0_ where answer0_.quiz_id=?
?[0m?[0;34mHibernate: insert into result (result_id, completed_at, id, userwebquiz_id) values (null, ?, ?, ?)
?[0m?[0;34myour answer is true
?[1;31m
Start test 95?[0m
?[0m?[0;34mHibernate: select userwebqui0_.id as id1_4_, userwebqui0_.email as email2_4_, userwebqui0_.password as password3_4_, userwebqui0_.role as role4_4_ from user_web_quiz userwebqui0_ where userwebqui0_.email=?
?[0m?[0;34mEmail = test@google.com
?[0m?[0;34m[ROLE_USER]
?[0m?[0;34mHibernate: select userwebqui0_.id as id1_4_, userwebqui0_.email as email2_4_, userwebqui0_.password as password3_4_, userwebqui0_.role as role4_4_ from user_web_quiz userwebqui0_ where userwebqui0_.email=?
?[0m?[0;34mHibernate: select quiz0_.id as id1_0_, quiz0_.create_by_user_id as create_b4_0_, quiz0_.text as text2_0_, quiz0_.title as title3_0_ from quiz quiz0_ where quiz0_.id=?
?[0m?[0;34mHibernate: select answer0_.quiz_id as quiz_id1_1_0_, answer0_.answer as answer2_1_0_ from quiz_answer answer0_ where answer0_.quiz_id=?
?[0m?[0;34myour answer is false
?[1;31m
Start test 96?[0m
?[0m?[0;34mHibernate: select userwebqui0_.id as id1_4_, userwebqui0_.email as email2_4_, userwebqui0_.password as password3_4_, userwebqui0_.role as role4_4_ from user_web_quiz userwebqui0_ where userwebqui0_.email=?
?[0m?[0;34mEmail = user@google.com
?[0m?[0;34m[ROLE_USER]
?[0m?[0;34mHibernate: select userwebqui0_.id as id1_4_, userwebqui0_.email as email2_4_, userwebqui0_.password as password3_4_, userwebqui0_.role as role4_4_ from user_web_quiz userwebqui0_ where userwebqui0_.email=?
?[0m?[0;34mHibernate: select quiz0_.id as id1_0_, quiz0_.create_by_user_id as create_b4_0_, quiz0_.text as text2_0_, quiz0_.title as title3_0_ from quiz quiz0_ where quiz0_.id=?
?[0m?[0;34mHibernate: select userwebqui0_.id as id1_4_0_, userwebqui0_.email as email2_4_0_, userwebqui0_.password as password3_4_0_, userwebqui0_.role as role4_4_0_ from user_web_quiz userwebqui0_ where userwebqui0_.id=?
?[0m?[0;34mHibernate: select answer0_.quiz_id as quiz_id1_1_0_, answer0_.answer as answer2_1_0_ from quiz_answer answer0_ where answer0_.quiz_id=?
?[0m?[0;34myour answer is false
?[1;31m
Start test 97?[0m
?[0m?[0;34mHibernate: select userwebqui0_.id as id1_4_, userwebqui0_.email as email2_4_, userwebqui0_.password as password3_4_, userwebqui0_.role as role4_4_ from user_web_quiz userwebqui0_ where userwebqui0_.email=?
?[0m?[0;34mEmail = test@google.com
?[0m?[0;34m[ROLE_USER]
?[0m?[0;34mHibernate: select userwebqui0_.id as id1_4_, userwebqui0_.email as email2_4_, userwebqui0_.password as password3_4_, userwebqui0_.role as role4_4_ from user_web_quiz userwebqui0_ where userwebqui0_.email=?
?[0m?[0;34mHibernate: select quiz0_.id as id1_0_, quiz0_.create_by_user_id as create_b4_0_, quiz0_.text as text2_0_, quiz0_.title as title3_0_ from quiz quiz0_ where quiz0_.id=?
?[0m?[0;34mHibernate: select answer0_.quiz_id as quiz_id1_1_0_, answer0_.answer as answer2_1_0_ from quiz_answer answer0_ where answer0_.quiz_id=?
?[0m?[0;34myour answer is false
?[1;31m
Start test 98?[0m
?[0m?[0;34mHibernate: select userwebqui0_.id as id1_4_, userwebqui0_.email as email2_4_, userwebqui0_.password as password3_4_, userwebqui0_.role as role4_4_ from user_web_quiz userwebqui0_ where userwebqui0_.email=?
?[0m?[0;34mEmail = user@google.com
?[0m?[0;34m[ROLE_USER]
?[0m?[0;34mHibernate: select userwebqui0_.id as id1_4_, userwebqui0_.email as email2_4_, userwebqui0_.password as password3_4_, userwebqui0_.role as role4_4_ from user_web_quiz userwebqui0_ where userwebqui0_.email=?
?[0m?[0;34mHibernate: select quiz0_.id as id1_0_, quiz0_.create_by_user_id as create_b4_0_, quiz0_.text as text2_0_, quiz0_.title as title3_0_ from quiz quiz0_ where quiz0_.id=?
?[0m?[0;34mHibernate: select userwebqui0_.id as id1_4_0_, userwebqui0_.email as email2_4_0_, userwebqui0_.password as password3_4_0_, userwebqui0_.role as role4_4_0_ from user_web_quiz userwebqui0_ where userwebqui0_.id=?
?[0m?[0;34mHibernate: select answer0_.quiz_id as quiz_id1_1_0_, answer0_.answer as answer2_1_0_ from quiz_answer answer0_ where answer0_.quiz_id=?
?[0m?[0;34myour answer is false
?[1;31m
Start test 99?[0m
?[0m?[0;34mHibernate: select userwebqui0_.id as id1_4_, userwebqui0_.email as email2_4_, userwebqui0_.password as password3_4_, userwebqui0_.role as role4_4_ from user_web_quiz userwebqui0_ where userwebqui0_.email=?
?[0m?[0;34mEmail = test@google.com
?[0m?[0;34m[ROLE_USER]
?[0m?[0;34mHibernate: select userwebqui0_.id as id1_4_, userwebqui0_.email as email2_4_, userwebqui0_.password as password3_4_, userwebqui0_.role as role4_4_ from user_web_quiz userwebqui0_ where userwebqui0_.email=?
?[0m?[0;34mHibernate: select quiz0_.id as id1_0_, quiz0_.create_by_user_id as create_b4_0_, quiz0_.text as text2_0_, quiz0_.title as title3_0_ from quiz quiz0_ where quiz0_.id=?
?[0m?[0;34mHibernate: select answer0_.quiz_id as quiz_id1_1_0_, answer0_.answer as answer2_1_0_ from quiz_answer answer0_ where answer0_.quiz_id=?
?[0m?[0;34myour answer is false
?[1;31m
Start test 100?[0m
?[0m?[0;34mHibernate: select userwebqui0_.id as id1_4_, userwebqui0_.email as email2_4_, userwebqui0_.password as password3_4_, userwebqui0_.role as role4_4_ from user_web_quiz userwebqui0_ where userwebqui0_.email=?
?[0m?[0;34mEmail = test@google.com
?[0m?[0;34m[ROLE_USER]
?[0m?[0;34mHibernate: select userwebqui0_.id as id1_4_, userwebqui0_.email as email2_4_, userwebqui0_.password as password3_4_, userwebqui0_.role as role4_4_ from user_web_quiz userwebqui0_ where userwebqui0_.email=?
?[0m?[0;34mHibernate: insert into quiz (id, create_by_user_id, text, title) values (null, ?, ?, ?)
?[0m?[0;34mHibernate: insert into quiz_options (quiz_id, options) values (?, ?)
?[0m?[0;34mHibernate: insert into quiz_options (quiz_id, options) values (?, ?)
?[0m?[0;34mHibernate: insert into quiz_options (quiz_id, options) values (?, ?)
?[0m?[0;34mHibernate: insert into quiz_options (quiz_id, options) values (?, ?)
?[1;31m
Start test 101?[0m
?[0m?[0;34mHibernate: select userwebqui0_.id as id1_4_, userwebqui0_.email as email2_4_, userwebqui0_.password as password3_4_, userwebqui0_.role as role4_4_ from user_web_quiz userwebqui0_ where userwebqui0_.email=?
?[0m?[0;34mEmail = test@google.com
?[0m?[0;34m[ROLE_USER]
?[0m?[0;34mHibernate: select quiz0_.id as id1_0_, quiz0_.create_by_user_id as create_b4_0_, quiz0_.text as text2_0_, quiz0_.title as title3_0_ from quiz quiz0_ where quiz0_.id=?
?[0m?[0;34mHibernate: select userwebqui0_.id as id1_4_0_, userwebqui0_.email as email2_4_0_, userwebqui0_.password as password3_4_0_, userwebqui0_.role as role4_4_0_ from user_web_quiz userwebqui0_ where userwebqui0_.id=?
?[0m?[0;34mHibernate: select options0_.quiz_id as quiz_id1_2_0_, options0_.options as options2_2_0_ from quiz_options options0_ where options0_.quiz_id=?
?[1;31m
Start test 102?[0m
?[0m?[0;34mHibernate: select userwebqui0_.id as id1_4_, userwebqui0_.email as email2_4_, userwebqui0_.password as password3_4_, userwebqui0_.role as role4_4_ from user_web_quiz userwebqui0_ where userwebqui0_.email=?
?[0m?[0;34mEmail = test@google.com
?[0m?[0;34m[ROLE_USER]
?[0m?[0;34mHibernate: select quiz0_.id as id1_0_, quiz0_.create_by_user_id as create_b4_0_, quiz0_.text as text2_0_, quiz0_.title as title3_0_ from quiz quiz0_ where quiz0_.id=?
?[1;31m
Start test 103?[0m
?[0m?[0;34mHibernate: select userwebqui0_.id as id1_4_, userwebqui0_.email as email2_4_, userwebqui0_.password as password3_4_, userwebqui0_.role as role4_4_ from user_web_quiz userwebqui0_ where userwebqui0_.email=?
?[0m?[0;34mEmail = test@google.com
?[0m?[0;34m[ROLE_USER]
?[0m?[0;34mHibernate: select userwebqui0_.id as id1_4_, userwebqui0_.email as email2_4_, userwebqui0_.password as password3_4_, userwebqui0_.role as role4_4_ from user_web_quiz userwebqui0_ where userwebqui0_.email=?
?[0m?[0;34mHibernate: select quiz0_.id as id1_0_, quiz0_.create_by_user_id as create_b4_0_, quiz0_.text as text2_0_, quiz0_.title as title3_0_ from quiz quiz0_ where quiz0_.id=?
?[0m?[0;34mHibernate: select answer0_.quiz_id as quiz_id1_1_0_, answer0_.answer as answer2_1_0_ from quiz_answer answer0_ where answer0_.quiz_id=?
?[0m?[0;34mHibernate: insert into result (result_id, completed_at, id, userwebquiz_id) values (null, ?, ?, ?)
?[0m?[0;34myour answer is true
?[1;31m
Start test 104?[0m
?[0m?[0;34mHibernate: select userwebqui0_.id as id1_4_, userwebqui0_.email as email2_4_, userwebqui0_.password as password3_4_, userwebqui0_.role as role4_4_ from user_web_quiz userwebqui0_ where userwebqui0_.email=?
?[0m?[0;34mEmail = user@google.com
?[0m?[0;34m[ROLE_USER]
?[0m?[0;34mHibernate: select userwebqui0_.id as id1_4_, userwebqui0_.email as email2_4_, userwebqui0_.password as password3_4_, userwebqui0_.role as role4_4_ from user_web_quiz userwebqui0_ where userwebqui0_.email=?
?[0m?[0;34mHibernate: select quiz0_.id as id1_0_, quiz0_.create_by_user_id as create_b4_0_, quiz0_.text as text2_0_, quiz0_.title as title3_0_ from quiz quiz0_ where quiz0_.id=?
?[0m?[0;34mHibernate: select userwebqui0_.id as id1_4_0_, userwebqui0_.email as email2_4_0_, userwebqui0_.password as password3_4_0_, userwebqui0_.role as role4_4_0_ from user_web_quiz userwebqui0_ where userwebqui0_.id=?
?[0m?[0;34mHibernate: select answer0_.quiz_id as quiz_id1_1_0_, answer0_.answer as answer2_1_0_ from quiz_answer answer0_ where answer0_.quiz_id=?
?[0m?[0;34myour answer is false
?[1;31m
Start test 105?[0m
?[0m?[0;34mHibernate: select userwebqui0_.id as id1_4_, userwebqui0_.email as email2_4_, userwebqui0_.password as password3_4_, userwebqui0_.role as role4_4_ from user_web_quiz userwebqui0_ where userwebqui0_.email=?
?[0m?[0;34mEmail = test@google.com
?[0m?[0;34m[ROLE_USER]
?[0m?[0;34mHibernate: select userwebqui0_.id as id1_4_, userwebqui0_.email as email2_4_, userwebqui0_.password as password3_4_, userwebqui0_.role as role4_4_ from user_web_quiz userwebqui0_ where userwebqui0_.email=?
?[0m?[0;34mHibernate: select quiz0_.id as id1_0_, quiz0_.create_by_user_id as create_b4_0_, quiz0_.text as text2_0_, quiz0_.title as title3_0_ from quiz quiz0_ where quiz0_.id=?
?[0m?[0;34mHibernate: select answer0_.quiz_id as quiz_id1_1_0_, answer0_.answer as answer2_1_0_ from quiz_answer answer0_ where answer0_.quiz_id=?
?[0m?[0;34myour answer is false
?[1;31m
Start test 106?[0m
?[0m?[0;34mHibernate: select userwebqui0_.id as id1_4_, userwebqui0_.email as email2_4_, userwebqui0_.password as password3_4_, userwebqui0_.role as role4_4_ from user_web_quiz userwebqui0_ where userwebqui0_.email=?
?[0m?[0;34mEmail = user@google.com
?[0m?[0;34m[ROLE_USER]
?[0m?[0;34mHibernate: select userwebqui0_.id as id1_4_, userwebqui0_.email as email2_4_, userwebqui0_.password as password3_4_, userwebqui0_.role as role4_4_ from user_web_quiz userwebqui0_ where userwebqui0_.email=?
?[0m?[0;34mHibernate: select quiz0_.id as id1_0_, quiz0_.create_by_user_id as create_b4_0_, quiz0_.text as text2_0_, quiz0_.title as title3_0_ from quiz quiz0_ where quiz0_.id=?
?[0m?[0;34mHibernate: select userwebqui0_.id as id1_4_0_, userwebqui0_.email as email2_4_0_, userwebqui0_.password as password3_4_0_, userwebqui0_.role as role4_4_0_ from user_web_quiz userwebqui0_ where userwebqui0_.id=?
?[0m?[0;34mHibernate: select answer0_.quiz_id as quiz_id1_1_0_, answer0_.answer as answer2_1_0_ from quiz_answer answer0_ where answer0_.quiz_id=?
?[0m?[0;34myour answer is false
?[1;31m
Start test 107?[0m
?[0m?[0;34mHibernate: select userwebqui0_.id as id1_4_, userwebqui0_.email as email2_4_, userwebqui0_.password as password3_4_, userwebqui0_.role as role4_4_ from user_web_quiz userwebqui0_ where userwebqui0_.email=?
?[0m?[0;34mEmail = test@google.com
?[0m?[0;34m[ROLE_USER]
?[0m?[0;34mHibernate: select userwebqui0_.id as id1_4_, userwebqui0_.email as email2_4_, userwebqui0_.password as password3_4_, userwebqui0_.role as role4_4_ from user_web_quiz userwebqui0_ where userwebqui0_.email=?
?[0m?[0;34mHibernate: select quiz0_.id as id1_0_, quiz0_.create_by_user_id as create_b4_0_, quiz0_.text as text2_0_, quiz0_.title as title3_0_ from quiz quiz0_ where quiz0_.id=?
?[0m?[0;34mHibernate: select answer0_.quiz_id as quiz_id1_1_0_, answer0_.answer as answer2_1_0_ from quiz_answer answer0_ where answer0_.quiz_id=?
?[0m?[0;34myour answer is false
?[1;31m
Start test 108?[0m
?[0m?[0;34mHibernate: select userwebqui0_.id as id1_4_, userwebqui0_.email as email2_4_, userwebqui0_.password as password3_4_, userwebqui0_.role as role4_4_ from user_web_quiz userwebqui0_ where userwebqui0_.email=?
?[0m?[0;34mEmail = user@google.com
?[0m?[0;34m[ROLE_USER]
?[0m?[0;34mHibernate: select userwebqui0_.id as id1_4_, userwebqui0_.email as email2_4_, userwebqui0_.password as password3_4_, userwebqui0_.role as role4_4_ from user_web_quiz userwebqui0_ where userwebqui0_.email=?
?[0m?[0;34mHibernate: select quiz0_.id as id1_0_, quiz0_.create_by_user_id as create_b4_0_, quiz0_.text as text2_0_, quiz0_.title as title3_0_ from quiz quiz0_ where quiz0_.id=?
?[0m?[0;34mHibernate: select userwebqui0_.id as id1_4_0_, userwebqui0_.email as email2_4_0_, userwebqui0_.password as password3_4_0_, userwebqui0_.role as role4_4_0_ from user_web_quiz userwebqui0_ where userwebqui0_.id=?
?[0m?[0;34mHibernate: select answer0_.quiz_id as quiz_id1_1_0_, answer0_.answer as answer2_1_0_ from quiz_answer answer0_ where answer0_.quiz_id=?
?[0m?[0;34myour answer is false
?[1;31m
Start test 109?[0m
?[0m?[0;34mHibernate: select userwebqui0_.id as id1_4_, userwebqui0_.email as email2_4_, userwebqui0_.password as password3_4_, userwebqui0_.role as role4_4_ from user_web_quiz userwebqui0_ where userwebqui0_.email=?
?[0m?[0;34mEmail = test@google.com
?[0m?[0;34m[ROLE_USER]
?[0m?[0;34mHibernate: select userwebqui0_.id as id1_4_, userwebqui0_.email as email2_4_, userwebqui0_.password as password3_4_, userwebqui0_.role as role4_4_ from user_web_quiz userwebqui0_ where userwebqui0_.email=?
?[0m?[0;34mHibernate: select quiz0_.id as id1_0_, quiz0_.create_by_user_id as create_b4_0_, quiz0_.text as text2_0_, quiz0_.title as title3_0_ from quiz quiz0_ where quiz0_.id=?
?[0m?[0;34mHibernate: select answer0_.quiz_id as quiz_id1_1_0_, answer0_.answer as answer2_1_0_ from quiz_answer answer0_ where answer0_.quiz_id=?
?[0m?[0;34myour answer is false
?[1;31m
Start test 110?[0m
?[0m?[0;34mHibernate: select userwebqui0_.id as id1_4_, userwebqui0_.email as email2_4_, userwebqui0_.password as password3_4_, userwebqui0_.role as role4_4_ from user_web_quiz userwebqui0_ where userwebqui0_.email=?
?[0m?[0;34mEmail = user@google.com
?[0m?[0;34m[ROLE_USER]
?[0m?[0;34mHibernate: select userwebqui0_.id as id1_4_, userwebqui0_.email as email2_4_, userwebqui0_.password as password3_4_, userwebqui0_.role as role4_4_ from user_web_quiz userwebqui0_ where userwebqui0_.email=?
?[0m?[0;34mHibernate: select quiz0_.id as id1_0_, quiz0_.create_by_user_id as create_b4_0_, quiz0_.text as text2_0_, quiz0_.title as title3_0_ from quiz quiz0_ where quiz0_.id=?
?[0m?[0;34mHibernate: select userwebqui0_.id as id1_4_0_, userwebqui0_.email as email2_4_0_, userwebqui0_.password as password3_4_0_, userwebqui0_.role as role4_4_0_ from user_web_quiz userwebqui0_ where userwebqui0_.id=?
?[0m?[0;34mHibernate: select answer0_.quiz_id as quiz_id1_1_0_, answer0_.answer as answer2_1_0_ from quiz_answer answer0_ where answer0_.quiz_id=?
?[0m?[0;34myour answer is false
?[1;31m
Start test 111?[0m
?[0m?[0;34mHibernate: select userwebqui0_.id as id1_4_, userwebqui0_.email as email2_4_, userwebqui0_.password as password3_4_, userwebqui0_.role as role4_4_ from user_web_quiz userwebqui0_ where userwebqui0_.email=?
?[0m?[0;34mEmail = test@google.com
?[0m?[0;34m[ROLE_USER]
?[0m?[0;34mHibernate: select userwebqui0_.id as id1_4_, userwebqui0_.email as email2_4_, userwebqui0_.password as password3_4_, userwebqui0_.role as role4_4_ from user_web_quiz userwebqui0_ where userwebqui0_.email=?
?[0m?[0;34mHibernate: select quiz0_.id as id1_0_, quiz0_.create_by_user_id as create_b4_0_, quiz0_.text as text2_0_, quiz0_.title as title3_0_ from quiz quiz0_ where quiz0_.id=?
?[0m?[0;34mHibernate: select answer0_.quiz_id as quiz_id1_1_0_, answer0_.answer as answer2_1_0_ from quiz_answer answer0_ where answer0_.quiz_id=?
?[0m?[0;34myour answer is false
?[1;31m
Start test 112?[0m
?[0m?[0;34mHibernate: select userwebqui0_.id as id1_4_, userwebqui0_.email as email2_4_, userwebqui0_.password as password3_4_, userwebqui0_.role as role4_4_ from user_web_quiz userwebqui0_ where userwebqui0_.email=?
?[0m?[0;34mEmail = user@google.com
?[0m?[0;34m[ROLE_USER]
?[0m?[0;34mHibernate: select userwebqui0_.id as id1_4_, userwebqui0_.email as email2_4_, userwebqui0_.password as password3_4_, userwebqui0_.role as role4_4_ from user_web_quiz userwebqui0_ where userwebqui0_.email=?
?[0m?[0;34mHibernate: select quiz0_.id as id1_0_, quiz0_.create_by_user_id as create_b4_0_, quiz0_.text as text2_0_, quiz0_.title as title3_0_ from quiz quiz0_ where quiz0_.id=?
?[0m?[0;34mHibernate: select userwebqui0_.id as id1_4_0_, userwebqui0_.email as email2_4_0_, userwebqui0_.password as password3_4_0_, userwebqui0_.role as role4_4_0_ from user_web_quiz userwebqui0_ where userwebqui0_.id=?
?[0m?[0;34mHibernate: select answer0_.quiz_id as quiz_id1_1_0_, answer0_.answer as answer2_1_0_ from quiz_answer answer0_ where answer0_.quiz_id=?
?[0m?[0;34myour answer is false
?[1;31m
Start test 113?[0m
?[0m?[0;34mHibernate: select userwebqui0_.id as id1_4_, userwebqui0_.email as email2_4_, userwebqui0_.password as password3_4_, userwebqui0_.role as role4_4_ from user_web_quiz userwebqui0_ where userwebqui0_.email=?
?[0m?[0;34mEmail = test@google.com
?[0m?[0;34m[ROLE_USER]
?[0m?[0;34mHibernate: select userwebqui0_.id as id1_4_, userwebqui0_.email as email2_4_, userwebqui0_.password as password3_4_, userwebqui0_.role as role4_4_ from user_web_quiz userwebqui0_ where userwebqui0_.email=?
?[0m?[0;34mHibernate: select quiz0_.id as id1_0_, quiz0_.create_by_user_id as create_b4_0_, quiz0_.text as text2_0_, quiz0_.title as title3_0_ from quiz quiz0_ where quiz0_.id=?
?[0m?[0;34mHibernate: select answer0_.quiz_id as quiz_id1_1_0_, answer0_.answer as answer2_1_0_ from quiz_answer answer0_ where answer0_.quiz_id=?
?[0m?[0;34myour answer is false
?[1;31m
Start test 114?[0m
?[0m?[0;34mHibernate: select userwebqui0_.id as id1_4_, userwebqui0_.email as email2_4_, userwebqui0_.password as password3_4_, userwebqui0_.role as role4_4_ from user_web_quiz userwebqui0_ where userwebqui0_.email=?
?[0m?[0;34mEmail = test@google.com
?[0m?[0;34m[ROLE_USER]
?[0m?[0;34mHibernate: select userwebqui0_.id as id1_4_, userwebqui0_.email as email2_4_, userwebqui0_.password as password3_4_, userwebqui0_.role as role4_4_ from user_web_quiz userwebqui0_ where userwebqui0_.email=?
?[0m?[0;34mHibernate: select quiz0_.id as id1_0_, quiz0_.create_by_user_id as create_b4_0_, quiz0_.text as text2_0_, quiz0_.title as title3_0_ from quiz quiz0_ where quiz0_.id=?
?[0m?[0;34mHibernate: select answer0_.quiz_id as quiz_id1_1_0_, answer0_.answer as answer2_1_0_ from quiz_answer answer0_ where answer0_.quiz_id=?
?[0m?[0;34myour answer is false
?[1;31m
Start test 115?[0m
?[0m?[0;34mHibernate: select userwebqui0_.id as id1_4_, userwebqui0_.email as email2_4_, userwebqui0_.password as password3_4_, userwebqui0_.role as role4_4_ from user_web_quiz userwebqui0_ where userwebqui0_.email=?
?[0m?[0;34mEmail = user@google.com
?[0m?[0;34m[ROLE_USER]
?[0m?[0;34mHibernate: select userwebqui0_.id as id1_4_, userwebqui0_.email as email2_4_, userwebqui0_.password as password3_4_, userwebqui0_.role as role4_4_ from user_web_quiz userwebqui0_ where userwebqui0_.email=?
?[0m?[0;34mHibernate: select quiz0_.id as id1_0_, quiz0_.create_by_user_id as create_b4_0_, quiz0_.text as text2_0_, quiz0_.title as title3_0_ from quiz quiz0_ where quiz0_.id=?
?[0m?[0;34mHibernate: select userwebqui0_.id as id1_4_0_, userwebqui0_.email as email2_4_0_, userwebqui0_.password as password3_4_0_, userwebqui0_.role as role4_4_0_ from user_web_quiz userwebqui0_ where userwebqui0_.id=?
?[0m?[0;34mHibernate: select answer0_.quiz_id as quiz_id1_1_0_, answer0_.answer as answer2_1_0_ from quiz_answer answer0_ where answer0_.quiz_id=?
?[0m?[0;34myour answer is false
?[1;31m
Start test 116?[0m
?[0m?[0;34mHibernate: select userwebqui0_.id as id1_4_, userwebqui0_.email as email2_4_, userwebqui0_.password as password3_4_, userwebqui0_.role as role4_4_ from user_web_quiz userwebqui0_ where userwebqui0_.email=?
?[0m?[0;34mEmail = test@google.com
?[0m?[0;34m[ROLE_USER]
?[0m?[0;34mHibernate: select userwebqui0_.id as id1_4_, userwebqui0_.email as email2_4_, userwebqui0_.password as password3_4_, userwebqui0_.role as role4_4_ from user_web_quiz userwebqui0_ where userwebqui0_.email=?
?[0m?[0;34mHibernate: select quiz0_.id as id1_0_, quiz0_.create_by_user_id as create_b4_0_, quiz0_.text as text2_0_, quiz0_.title as title3_0_ from quiz quiz0_ where quiz0_.id=?
?[0m?[0;34mHibernate: select answer0_.quiz_id as quiz_id1_1_0_, answer0_.answer as answer2_1_0_ from quiz_answer answer0_ where answer0_.quiz_id=?
?[0m?[0;34myour answer is false
?[1;31m
Start test 117?[0m
?[0m?[0;34mHibernate: select userwebqui0_.id as id1_4_, userwebqui0_.email as email2_4_, userwebqui0_.password as password3_4_, userwebqui0_.role as role4_4_ from user_web_quiz userwebqui0_ where userwebqui0_.email=?
?[0m?[0;34mEmail = user@google.com
?[0m?[0;34m[ROLE_USER]
?[0m?[0;34mHibernate: select userwebqui0_.id as id1_4_, userwebqui0_.email as email2_4_, userwebqui0_.password as password3_4_, userwebqui0_.role as role4_4_ from user_web_quiz userwebqui0_ where userwebqui0_.email=?
?[0m?[0;34mHibernate: select quiz0_.id as id1_0_, quiz0_.create_by_user_id as create_b4_0_, quiz0_.text as text2_0_, quiz0_.title as title3_0_ from quiz quiz0_ where quiz0_.id=?
?[0m?[0;34mHibernate: select userwebqui0_.id as id1_4_0_, userwebqui0_.email as email2_4_0_, userwebqui0_.password as password3_4_0_, userwebqui0_.role as role4_4_0_ from user_web_quiz userwebqui0_ where userwebqui0_.id=?
?[0m?[0;34mHibernate: select answer0_.quiz_id as quiz_id1_1_0_, answer0_.answer as answer2_1_0_ from quiz_answer answer0_ where answer0_.quiz_id=?
?[0m?[0;34myour answer is false
?[1;31m
Start test 118?[0m
?[0m?[0;34mHibernate: select userwebqui0_.id as id1_4_, userwebqui0_.email as email2_4_, userwebqui0_.password as password3_4_, userwebqui0_.role as role4_4_ from user_web_quiz userwebqui0_ where userwebqui0_.email=?
?[0m?[0;34mEmail = test@google.com
?[0m?[0;34m[ROLE_USER]
?[0m?[0;34mHibernate: select userwebqui0_.id as id1_4_, userwebqui0_.email as email2_4_, userwebqui0_.password as password3_4_, userwebqui0_.role as role4_4_ from user_web_quiz userwebqui0_ where userwebqui0_.email=?
?[0m?[0;34mHibernate: insert into quiz (id, create_by_user_id, text, title) values (null, ?, ?, ?)
?[0m?[0;34mHibernate: insert into quiz_options (quiz_id, options) values (?, ?)
?[0m?[0;34mHibernate: insert into quiz_options (quiz_id, options) values (?, ?)
?[0m?[0;34mHibernate: insert into quiz_options (quiz_id, options) values (?, ?)
?[0m?[0;34mHibernate: insert into quiz_options (quiz_id, options) values (?, ?)
?[1;31m
Start test 119?[0m
?[0m?[0;34mHibernate: select userwebqui0_.id as id1_4_, userwebqui0_.email as email2_4_, userwebqui0_.password as password3_4_, userwebqui0_.role as role4_4_ from user_web_quiz userwebqui0_ where userwebqui0_.email=?
?[0m?[0;34mEmail = test@google.com
?[0m?[0;34m[ROLE_USER]
?[0m?[0;34mHibernate: select quiz0_.id as id1_0_, quiz0_.create_by_user_id as create_b4_0_, quiz0_.text as text2_0_, quiz0_.title as title3_0_ from quiz quiz0_ where quiz0_.id=?
?[0m?[0;34mHibernate: select userwebqui0_.id as id1_4_0_, userwebqui0_.email as email2_4_0_, userwebqui0_.password as password3_4_0_, userwebqui0_.role as role4_4_0_ from user_web_quiz userwebqui0_ where userwebqui0_.id=?
?[0m?[0;34mHibernate: select options0_.quiz_id as quiz_id1_2_0_, options0_.options as options2_2_0_ from quiz_options options0_ where options0_.quiz_id=?
?[1;31m
Start test 120?[0m
?[0m?[0;34mHibernate: select userwebqui0_.id as id1_4_, userwebqui0_.email as email2_4_, userwebqui0_.password as password3_4_, userwebqui0_.role as role4_4_ from user_web_quiz userwebqui0_ where userwebqui0_.email=?
?[0m?[0;34mEmail = test@google.com
?[0m?[0;34m[ROLE_USER]
?[0m?[0;34mHibernate: select quiz0_.id as id1_0_, quiz0_.create_by_user_id as create_b4_0_, quiz0_.text as text2_0_, quiz0_.title as title3_0_ from quiz quiz0_ where quiz0_.id=?
?[1;31m
Start test 121?[0m
?[0m?[0;34mHibernate: select userwebqui0_.id as id1_4_, userwebqui0_.email as email2_4_, userwebqui0_.password as password3_4_, userwebqui0_.role as role4_4_ from user_web_quiz userwebqui0_ where userwebqui0_.email=?
?[0m?[0;34mEmail = test@google.com
?[0m?[0;34m[ROLE_USER]
?[0m?[0;34mHibernate: select userwebqui0_.id as id1_4_, userwebqui0_.email as email2_4_, userwebqui0_.password as password3_4_, userwebqui0_.role as role4_4_ from user_web_quiz userwebqui0_ where userwebqui0_.email=?
?[0m?[0;34mHibernate: select quiz0_.id as id1_0_, quiz0_.create_by_user_id as create_b4_0_, quiz0_.text as text2_0_, quiz0_.title as title3_0_ from quiz quiz0_ where quiz0_.id=?
?[0m?[0;34mHibernate: select answer0_.quiz_id as quiz_id1_1_0_, answer0_.answer as answer2_1_0_ from quiz_answer answer0_ where answer0_.quiz_id=?
?[0m?[0;34mHibernate: insert into result (result_id, completed_at, id, userwebquiz_id) values (null, ?, ?, ?)
?[0m?[0;34myour answer is true
?[1;31m
Start test 122?[0m
?[0m?[0;34mHibernate: select userwebqui0_.id as id1_4_, userwebqui0_.email as email2_4_, userwebqui0_.password as password3_4_, userwebqui0_.role as role4_4_ from user_web_quiz userwebqui0_ where userwebqui0_.email=?
?[0m?[0;34mEmail = test@google.com
?[0m?[0;34m[ROLE_USER]
?[0m?[0;34mHibernate: select userwebqui0_.id as id1_4_, userwebqui0_.email as email2_4_, userwebqui0_.password as password3_4_, userwebqui0_.role as role4_4_ from user_web_quiz userwebqui0_ where userwebqui0_.email=?
?[0m?[0;34mHibernate: select quiz0_.id as id1_0_, quiz0_.create_by_user_id as create_b4_0_, quiz0_.text as text2_0_, quiz0_.title as title3_0_ from quiz quiz0_ where quiz0_.id=?
?[0m?[0;34mHibernate: select answer0_.quiz_id as quiz_id1_1_0_, answer0_.answer as answer2_1_0_ from quiz_answer answer0_ where answer0_.quiz_id=?
?[0m?[0;34myour answer is false
?[1;31m
Start test 123?[0m
?[0m?[0;34mHibernate: select userwebqui0_.id as id1_4_, userwebqui0_.email as email2_4_, userwebqui0_.password as password3_4_, userwebqui0_.role as role4_4_ from user_web_quiz userwebqui0_ where userwebqui0_.email=?
?[0m?[0;34mEmail = test@google.com
?[0m?[0;34m[ROLE_USER]
?[0m?[0;34mHibernate: select userwebqui0_.id as id1_4_, userwebqui0_.email as email2_4_, userwebqui0_.password as password3_4_, userwebqui0_.role as role4_4_ from user_web_quiz userwebqui0_ where userwebqui0_.email=?
?[0m?[0;34mHibernate: select quiz0_.id as id1_0_, quiz0_.create_by_user_id as create_b4_0_, quiz0_.text as text2_0_, quiz0_.title as title3_0_ from quiz quiz0_ where quiz0_.id=?
?[0m?[0;34mHibernate: select answer0_.quiz_id as quiz_id1_1_0_, answer0_.answer as answer2_1_0_ from quiz_answer answer0_ where answer0_.quiz_id=?
?[0m?[0;34myour answer is false
?[1;31m
Start test 124?[0m
?[0m?[0;34mHibernate: select userwebqui0_.id as id1_4_, userwebqui0_.email as email2_4_, userwebqui0_.password as password3_4_, userwebqui0_.role as role4_4_ from user_web_quiz userwebqui0_ where userwebqui0_.email=?
?[0m?[0;34mEmail = test@google.com
?[0m?[0;34m[ROLE_USER]
?[0m?[0;34mHibernate: select userwebqui0_.id as id1_4_, userwebqui0_.email as email2_4_, userwebqui0_.password as password3_4_, userwebqui0_.role as role4_4_ from user_web_quiz userwebqui0_ where userwebqui0_.email=?
?[0m?[0;34mHibernate: select quiz0_.id as id1_0_, quiz0_.create_by_user_id as create_b4_0_, quiz0_.text as text2_0_, quiz0_.title as title3_0_ from quiz quiz0_ where quiz0_.id=?
?[0m?[0;34mHibernate: select answer0_.quiz_id as quiz_id1_1_0_, answer0_.answer as answer2_1_0_ from quiz_answer answer0_ where answer0_.quiz_id=?
?[0m?[0;34myour answer is false
?[1;31m
Start test 125?[0m
?[0m?[0;34mHibernate: select userwebqui0_.id as id1_4_, userwebqui0_.email as email2_4_, userwebqui0_.password as password3_4_, userwebqui0_.role as role4_4_ from user_web_quiz userwebqui0_ where userwebqui0_.email=?
?[0m?[0;34mEmail = test@google.com
?[0m?[0;34m[ROLE_USER]
?[0m?[0;34mHibernate: select userwebqui0_.id as id1_4_, userwebqui0_.email as email2_4_, userwebqui0_.password as password3_4_, userwebqui0_.role as role4_4_ from user_web_quiz userwebqui0_ where userwebqui0_.email=?
?[0m?[0;34mHibernate: select quiz0_.id as id1_0_, quiz0_.create_by_user_id as create_b4_0_, quiz0_.text as text2_0_, quiz0_.title as title3_0_ from quiz quiz0_ where quiz0_.id=?
?[0m?[0;34mHibernate: select answer0_.quiz_id as quiz_id1_1_0_, answer0_.answer as answer2_1_0_ from quiz_answer answer0_ where answer0_.quiz_id=?
?[0m?[0;34myour answer is false
?[1;31m
Start test 126?[0m
?[0m?[0;34mHibernate: select userwebqui0_.id as id1_4_, userwebqui0_.email as email2_4_, userwebqui0_.password as password3_4_, userwebqui0_.role as role4_4_ from user_web_quiz userwebqui0_ where userwebqui0_.email=?
?[0m?[0;34mEmail = test@google.com
?[0m?[0;34m[ROLE_USER]
?[0m?[0;34mHibernate: select userwebqui0_.id as id1_4_, userwebqui0_.email as email2_4_, userwebqui0_.password as password3_4_, userwebqui0_.role as role4_4_ from user_web_quiz userwebqui0_ where userwebqui0_.email=?
?[0m?[0;34mHibernate: select quiz0_.id as id1_0_, quiz0_.create_by_user_id as create_b4_0_, quiz0_.text as text2_0_, quiz0_.title as title3_0_ from quiz quiz0_ where quiz0_.id=?
?[0m?[0;34mHibernate: select answer0_.quiz_id as quiz_id1_1_0_, answer0_.answer as answer2_1_0_ from quiz_answer answer0_ where answer0_.quiz_id=?
?[0m?[0;34myour answer is false
?[1;31m
Start test 127?[0m
?[0m?[0;34mHibernate: select userwebqui0_.id as id1_4_, userwebqui0_.email as email2_4_, userwebqui0_.password as password3_4_, userwebqui0_.role as role4_4_ from user_web_quiz userwebqui0_ where userwebqui0_.email=?
?[0m?[0;34mEmail = test@google.com
?[0m?[0;34m[ROLE_USER]
?[0m?[0;34mHibernate: select userwebqui0_.id as id1_4_, userwebqui0_.email as email2_4_, userwebqui0_.password as password3_4_, userwebqui0_.role as role4_4_ from user_web_quiz userwebqui0_ where userwebqui0_.email=?
?[0m?[0;34mHibernate: select quiz0_.id as id1_0_, quiz0_.create_by_user_id as create_b4_0_, quiz0_.text as text2_0_, quiz0_.title as title3_0_ from quiz quiz0_ where quiz0_.id=?
?[0m?[0;34mHibernate: select answer0_.quiz_id as quiz_id1_1_0_, answer0_.answer as answer2_1_0_ from quiz_answer answer0_ where answer0_.quiz_id=?
?[0m?[0;34myour answer is false
?[1;31m
Start test 128?[0m
?[0m?[0;34mHibernate: select userwebqui0_.id as id1_4_, userwebqui0_.email as email2_4_, userwebqui0_.password as password3_4_, userwebqui0_.role as role4_4_ from user_web_quiz userwebqui0_ where userwebqui0_.email=?
?[0m?[0;34mEmail = test@google.com
?[0m?[0;34m[ROLE_USER]
?[0m?[0;34mHibernate: select userwebqui0_.id as id1_4_, userwebqui0_.email as email2_4_, userwebqui0_.password as password3_4_, userwebqui0_.role as role4_4_ from user_web_quiz userwebqui0_ where userwebqui0_.email=?
?[0m?[0;34mHibernate: select quiz0_.id as id1_0_, quiz0_.create_by_user_id as create_b4_0_, quiz0_.text as text2_0_, quiz0_.title as title3_0_ from quiz quiz0_ where quiz0_.id=?
?[0m?[0;34mHibernate: select answer0_.quiz_id as quiz_id1_1_0_, answer0_.answer as answer2_1_0_ from quiz_answer answer0_ where answer0_.quiz_id=?
?[0m?[0;34myour answer is false
?[1;31m
Start test 129?[0m
?[0m?[0;34mHibernate: select userwebqui0_.id as id1_4_, userwebqui0_.email as email2_4_, userwebqui0_.password as password3_4_, userwebqui0_.role as role4_4_ from user_web_quiz userwebqui0_ where userwebqui0_.email=?
?[0m?[0;34mEmail = test@google.com
?[0m?[0;34m[ROLE_USER]
?[0m?[0;34mHibernate: select userwebqui0_.id as id1_4_, userwebqui0_.email as email2_4_, userwebqui0_.password as password3_4_, userwebqui0_.role as role4_4_ from user_web_quiz userwebqui0_ where userwebqui0_.email=?
?[0m?[0;34mHibernate: select quiz0_.id as id1_0_, quiz0_.create_by_user_id as create_b4_0_, quiz0_.text as text2_0_, quiz0_.title as title3_0_ from quiz quiz0_ where quiz0_.id=?
?[0m?[0;34mHibernate: select answer0_.quiz_id as quiz_id1_1_0_, answer0_.answer as answer2_1_0_ from quiz_answer answer0_ where answer0_.quiz_id=?
?[0m?[0;34myour answer is false
?[1;31m
Start test 130?[0m
?[0m?[0;34mHibernate: select userwebqui0_.id as id1_4_, userwebqui0_.email as email2_4_, userwebqui0_.password as password3_4_, userwebqui0_.role as role4_4_ from user_web_quiz userwebqui0_ where userwebqui0_.email=?
?[0m?[0;34mEmail = test@google.com
?[0m?[0;34m[ROLE_USER]
?[0m?[0;34mHibernate: select userwebqui0_.id as id1_4_, userwebqui0_.email as email2_4_, userwebqui0_.password as password3_4_, userwebqui0_.role as role4_4_ from user_web_quiz userwebqui0_ where userwebqui0_.email=?
?[0m?[0;34mHibernate: select quiz0_.id as id1_0_, quiz0_.create_by_user_id as create_b4_0_, quiz0_.text as text2_0_, quiz0_.title as title3_0_ from quiz quiz0_ where quiz0_.id=?
?[0m?[0;34mHibernate: select answer0_.quiz_id as quiz_id1_1_0_, answer0_.answer as answer2_1_0_ from quiz_answer answer0_ where answer0_.quiz_id=?
?[0m?[0;34myour answer is false
?[1;31m
Start test 131?[0m
?[0m?[0;34mHibernate: select userwebqui0_.id as id1_4_, userwebqui0_.email as email2_4_, userwebqui0_.password as password3_4_, userwebqui0_.role as role4_4_ from user_web_quiz userwebqui0_ where userwebqui0_.email=?
?[0m?[0;34mEmail = test@google.com
?[0m?[0;34m[ROLE_USER]
?[0m?[0;34mHibernate: select userwebqui0_.id as id1_4_, userwebqui0_.email as email2_4_, userwebqui0_.password as password3_4_, userwebqui0_.role as role4_4_ from user_web_quiz userwebqui0_ where userwebqui0_.email=?
?[0m?[0;34mHibernate: select quiz0_.id as id1_0_, quiz0_.create_by_user_id as create_b4_0_, quiz0_.text as text2_0_, quiz0_.title as title3_0_ from quiz quiz0_ where quiz0_.id=?
?[0m?[0;34mHibernate: select answer0_.quiz_id as quiz_id1_1_0_, answer0_.answer as answer2_1_0_ from quiz_answer answer0_ where answer0_.quiz_id=?
?[0m?[0;34myour answer is false
?[1;31m
Start test 132?[0m
?[0m?[0;34mHibernate: select userwebqui0_.id as id1_4_, userwebqui0_.email as email2_4_, userwebqui0_.password as password3_4_, userwebqui0_.role as role4_4_ from user_web_quiz userwebqui0_ where userwebqui0_.email=?
?[0m?[0;34mEmail = test@google.com
?[0m?[0;34m[ROLE_USER]
?[0m?[0;34mHibernate: select userwebqui0_.id as id1_4_, userwebqui0_.email as email2_4_, userwebqui0_.password as password3_4_, userwebqui0_.role as role4_4_ from user_web_quiz userwebqui0_ where userwebqui0_.email=?
?[0m?[0;34mHibernate: select quiz0_.id as id1_0_, quiz0_.create_by_user_id as create_b4_0_, quiz0_.text as text2_0_, quiz0_.title as title3_0_ from quiz quiz0_ where quiz0_.id=?
?[0m?[0;34mHibernate: select answer0_.quiz_id as quiz_id1_1_0_, answer0_.answer as answer2_1_0_ from quiz_answer answer0_ where answer0_.quiz_id=?
?[0m?[0;34myour answer is false
?[1;31m
Start test 133?[0m
?[0m?[0;34mHibernate: select userwebqui0_.id as id1_4_, userwebqui0_.email as email2_4_, userwebqui0_.password as password3_4_, userwebqui0_.role as role4_4_ from user_web_quiz userwebqui0_ where userwebqui0_.email=?
?[0m?[0;34mEmail = test@google.com
?[0m?[0;34m[ROLE_USER]
?[0m?[0;34mHibernate: select userwebqui0_.id as id1_4_, userwebqui0_.email as email2_4_, userwebqui0_.password as password3_4_, userwebqui0_.role as role4_4_ from user_web_quiz userwebqui0_ where userwebqui0_.email=?
?[0m?[0;34mHibernate: select quiz0_.id as id1_0_, quiz0_.create_by_user_id as create_b4_0_, quiz0_.text as text2_0_, quiz0_.title as title3_0_ from quiz quiz0_ where quiz0_.id=?
?[0m?[0;34mHibernate: select answer0_.quiz_id as quiz_id1_1_0_, answer0_.answer as answer2_1_0_ from quiz_answer answer0_ where answer0_.quiz_id=?
?[0m?[0;34myour answer is false
?[1;31m
Start test 134?[0m
?[0m?[0;34mHibernate: select userwebqui0_.id as id1_4_, userwebqui0_.email as email2_4_, userwebqui0_.password as password3_4_, userwebqui0_.role as role4_4_ from user_web_quiz userwebqui0_ where userwebqui0_.email=?
?[0m?[0;34mEmail = test@google.com
?[0m?[0;34m[ROLE_USER]
?[0m?[0;34mHibernate: select userwebqui0_.id as id1_4_, userwebqui0_.email as email2_4_, userwebqui0_.password as password3_4_, userwebqui0_.role as role4_4_ from user_web_quiz userwebqui0_ where userwebqui0_.email=?
?[0m?[0;34mHibernate: select quiz0_.id as id1_0_, quiz0_.create_by_user_id as create_b4_0_, quiz0_.text as text2_0_, quiz0_.title as title3_0_ from quiz quiz0_ where quiz0_.id=?
?[0m?[0;34mHibernate: select answer0_.quiz_id as quiz_id1_1_0_, answer0_.answer as answer2_1_0_ from quiz_answer answer0_ where answer0_.quiz_id=?
?[0m?[0;34myour answer is false
?[1;31m
Start test 135?[0m
?[0m?[0;34mHibernate: select userwebqui0_.id as id1_4_, userwebqui0_.email as email2_4_, userwebqui0_.password as password3_4_, userwebqui0_.role as role4_4_ from user_web_quiz userwebqui0_ where userwebqui0_.email=?
?[0m?[0;34mEmail = test@google.com
?[0m?[0;34m[ROLE_USER]
?[0m?[0;34mHibernate: select userwebqui0_.id as id1_4_, userwebqui0_.email as email2_4_, userwebqui0_.password as password3_4_, userwebqui0_.role as role4_4_ from user_web_quiz userwebqui0_ where userwebqui0_.email=?
?[0m?[0;34mHibernate: select quiz0_.id as id1_0_, quiz0_.create_by_user_id as create_b4_0_, quiz0_.text as text2_0_, quiz0_.title as title3_0_ from quiz quiz0_ where quiz0_.id=?
?[0m?[0;34mHibernate: select answer0_.quiz_id as quiz_id1_1_0_, answer0_.answer as answer2_1_0_ from quiz_answer answer0_ where answer0_.quiz_id=?
?[0m?[0;34myour answer is false
?[1;31m
Start test 136?[0m
?[0m?[0;34mHibernate: select userwebqui0_.id as id1_4_, userwebqui0_.email as email2_4_, userwebqui0_.password as password3_4_, userwebqui0_.role as role4_4_ from user_web_quiz userwebqui0_ where userwebqui0_.email=?
?[0m?[0;34mEmail = test@google.com
?[0m?[0;34m[ROLE_USER]
?[0m?[0;34mHibernate: select userwebqui0_.id as id1_4_, userwebqui0_.email as email2_4_, userwebqui0_.password as password3_4_, userwebqui0_.role as role4_4_ from user_web_quiz userwebqui0_ where userwebqui0_.email=?
?[0m?[0;34mHibernate: insert into quiz (id, create_by_user_id, text, title) values (null, ?, ?, ?)
?[0m?[0;34mHibernate: insert into quiz_answer (quiz_id, answer) values (?, ?)
?[0m?[0;34mHibernate: insert into quiz_answer (quiz_id, answer) values (?, ?)
?[0m?[0;34mHibernate: insert into quiz_answer (quiz_id, answer) values (?, ?)
?[0m?[0;34mHibernate: insert into quiz_options (quiz_id, options) values (?, ?)
?[0m?[0;34mHibernate: insert into quiz_options (quiz_id, options) values (?, ?)
?[0m?[0;34mHibernate: insert into quiz_options (quiz_id, options) values (?, ?)
?[0m?[0;34mHibernate: insert into quiz_options (quiz_id, options) values (?, ?)
?[1;31m
Start test 137?[0m
?[0m?[0;34mHibernate: select userwebqui0_.id as id1_4_, userwebqui0_.email as email2_4_, userwebqui0_.password as password3_4_, userwebqui0_.role as role4_4_ from user_web_quiz userwebqui0_ where userwebqui0_.email=?
?[0m?[0;34mEmail = test@google.com
?[0m?[0;34m[ROLE_USER]
?[0m?[0;34mHibernate: select quiz0_.id as id1_0_, quiz0_.create_by_user_id as create_b4_0_, quiz0_.text as text2_0_, quiz0_.title as title3_0_ from quiz quiz0_ where quiz0_.id=?
?[0m?[0;34mHibernate: select userwebqui0_.id as id1_4_0_, userwebqui0_.email as email2_4_0_, userwebqui0_.password as password3_4_0_, userwebqui0_.role as role4_4_0_ from user_web_quiz userwebqui0_ where userwebqui0_.id=?
?[0m?[0;34mHibernate: select options0_.quiz_id as quiz_id1_2_0_, options0_.options as options2_2_0_ from quiz_options options0_ where options0_.quiz_id=?
?[1;31m
Start test 138?[0m
?[0m?[0;34mHibernate: select userwebqui0_.id as id1_4_, userwebqui0_.email as email2_4_, userwebqui0_.password as password3_4_, userwebqui0_.role as role4_4_ from user_web_quiz userwebqui0_ where userwebqui0_.email=?
?[0m?[0;34mEmail = test@google.com
?[0m?[0;34m[ROLE_USER]
?[0m?[0;34mHibernate: select quiz0_.id as id1_0_, quiz0_.create_by_user_id as create_b4_0_, quiz0_.text as text2_0_, quiz0_.title as title3_0_ from quiz quiz0_ where quiz0_.id=?
?[1;31m
Start test 139?[0m
?[0m?[0;34mHibernate: select userwebqui0_.id as id1_4_, userwebqui0_.email as email2_4_, userwebqui0_.password as password3_4_, userwebqui0_.role as role4_4_ from user_web_quiz userwebqui0_ where userwebqui0_.email=?
?[0m?[0;34mEmail = user@google.com
?[0m?[0;34m[ROLE_USER]
?[0m?[0;34mHibernate: select userwebqui0_.id as id1_4_, userwebqui0_.email as email2_4_, userwebqui0_.password as password3_4_, userwebqui0_.role as role4_4_ from user_web_quiz userwebqui0_ where userwebqui0_.email=?
?[0m?[0;34mHibernate: select quiz0_.id as id1_0_, quiz0_.create_by_user_id as create_b4_0_, quiz0_.text as text2_0_, quiz0_.title as title3_0_ from quiz quiz0_ where quiz0_.id=?
?[0m?[0;34mHibernate: select userwebqui0_.id as id1_4_0_, userwebqui0_.email as email2_4_0_, userwebqui0_.password as password3_4_0_, userwebqui0_.role as role4_4_0_ from user_web_quiz userwebqui0_ where userwebqui0_.id=?
?[0m?[0;34mHibernate: select answer0_.quiz_id as quiz_id1_1_0_, answer0_.answer as answer2_1_0_ from quiz_answer answer0_ where answer0_.quiz_id=?
?[0m?[0;34myour answer is false
?[1;31m
Start test 140?[0m
?[0m?[0;34mHibernate: select userwebqui0_.id as id1_4_, userwebqui0_.email as email2_4_, userwebqui0_.password as password3_4_, userwebqui0_.role as role4_4_ from user_web_quiz userwebqui0_ where userwebqui0_.email=?
?[0m?[0;34mEmail = user@google.com
?[0m?[0;34m[ROLE_USER]
?[0m?[0;34mHibernate: select userwebqui0_.id as id1_4_, userwebqui0_.email as email2_4_, userwebqui0_.password as password3_4_, userwebqui0_.role as role4_4_ from user_web_quiz userwebqui0_ where userwebqui0_.email=?
?[0m?[0;34mHibernate: select quiz0_.id as id1_0_, quiz0_.create_by_user_id as create_b4_0_, quiz0_.text as text2_0_, quiz0_.title as title3_0_ from quiz quiz0_ where quiz0_.id=?
?[0m?[0;34mHibernate: select userwebqui0_.id as id1_4_0_, userwebqui0_.email as email2_4_0_, userwebqui0_.password as password3_4_0_, userwebqui0_.role as role4_4_0_ from user_web_quiz userwebqui0_ where userwebqui0_.id=?
?[0m?[0;34mHibernate: select answer0_.quiz_id as quiz_id1_1_0_, answer0_.answer as answer2_1_0_ from quiz_answer answer0_ where answer0_.quiz_id=?
?[0m?[0;34myour answer is false
?[1;31m
Start test 141?[0m
?[0m?[0;34mHibernate: select userwebqui0_.id as id1_4_, userwebqui0_.email as email2_4_, userwebqui0_.password as password3_4_, userwebqui0_.role as role4_4_ from user_web_quiz userwebqui0_ where userwebqui0_.email=?
?[0m?[0;34mEmail = user@google.com
?[0m?[0;34m[ROLE_USER]
?[0m?[0;34mHibernate: select userwebqui0_.id as id1_4_, userwebqui0_.email as email2_4_, userwebqui0_.password as password3_4_, userwebqui0_.role as role4_4_ from user_web_quiz userwebqui0_ where userwebqui0_.email=?
?[0m?[0;34mHibernate: select quiz0_.id as id1_0_, quiz0_.create_by_user_id as create_b4_0_, quiz0_.text as text2_0_, quiz0_.title as title3_0_ from quiz quiz0_ where quiz0_.id=?
?[0m?[0;34mHibernate: select userwebqui0_.id as id1_4_0_, userwebqui0_.email as email2_4_0_, userwebqui0_.password as password3_4_0_, userwebqui0_.role as role4_4_0_ from user_web_quiz userwebqui0_ where userwebqui0_.id=?
?[0m?[0;34mHibernate: select answer0_.quiz_id as quiz_id1_1_0_, answer0_.answer as answer2_1_0_ from quiz_answer answer0_ where answer0_.quiz_id=?
?[0m?[0;34myour answer is false
?[1;31m
Start test 142?[0m
?[0m?[0;34mHibernate: select userwebqui0_.id as id1_4_, userwebqui0_.email as email2_4_, userwebqui0_.password as password3_4_, userwebqui0_.role as role4_4_ from user_web_quiz userwebqui0_ where userwebqui0_.email=?
?[0m?[0;34mEmail = user@google.com
?[0m?[0;34m[ROLE_USER]
?[0m?[0;34mHibernate: select userwebqui0_.id as id1_4_, userwebqui0_.email as email2_4_, userwebqui0_.password as password3_4_, userwebqui0_.role as role4_4_ from user_web_quiz userwebqui0_ where userwebqui0_.email=?
?[0m?[0;34mHibernate: select quiz0_.id as id1_0_, quiz0_.create_by_user_id as create_b4_0_, quiz0_.text as text2_0_, quiz0_.title as title3_0_ from quiz quiz0_ where quiz0_.id=?
?[0m?[0;34mHibernate: select userwebqui0_.id as id1_4_0_, userwebqui0_.email as email2_4_0_, userwebqui0_.password as password3_4_0_, userwebqui0_.role as role4_4_0_ from user_web_quiz userwebqui0_ where userwebqui0_.id=?
?[0m?[0;34mHibernate: select answer0_.quiz_id as quiz_id1_1_0_, answer0_.answer as answer2_1_0_ from quiz_answer answer0_ where answer0_.quiz_id=?
?[0m?[0;34myour answer is false
?[1;31m
Start test 143?[0m
?[0m?[0;34mHibernate: select userwebqui0_.id as id1_4_, userwebqui0_.email as email2_4_, userwebqui0_.password as password3_4_, userwebqui0_.role as role4_4_ from user_web_quiz userwebqui0_ where userwebqui0_.email=?
?[0m?[0;34mEmail = user@google.com
?[0m?[0;34m[ROLE_USER]
?[0m?[0;34mHibernate: select userwebqui0_.id as id1_4_, userwebqui0_.email as email2_4_, userwebqui0_.password as password3_4_, userwebqui0_.role as role4_4_ from user_web_quiz userwebqui0_ where userwebqui0_.email=?
?[0m?[0;34mHibernate: select quiz0_.id as id1_0_, quiz0_.create_by_user_id as create_b4_0_, quiz0_.text as text2_0_, quiz0_.title as title3_0_ from quiz quiz0_ where quiz0_.id=?
?[0m?[0;34mHibernate: select userwebqui0_.id as id1_4_0_, userwebqui0_.email as email2_4_0_, userwebqui0_.password as password3_4_0_, userwebqui0_.role as role4_4_0_ from user_web_quiz userwebqui0_ where userwebqui0_.id=?
?[0m?[0;34mHibernate: select answer0_.quiz_id as quiz_id1_1_0_, answer0_.answer as answer2_1_0_ from quiz_answer answer0_ where answer0_.quiz_id=?
?[0m?[0;34myour answer is false
?[1;31m
Start test 144?[0m
?[0m?[0;34mHibernate: select userwebqui0_.id as id1_4_, userwebqui0_.email as email2_4_, userwebqui0_.password as password3_4_, userwebqui0_.role as role4_4_ from user_web_quiz userwebqui0_ where userwebqui0_.email=?
?[0m?[0;34mEmail = user@google.com
?[0m?[0;34m[ROLE_USER]
?[0m?[0;34mHibernate: select userwebqui0_.id as id1_4_, userwebqui0_.email as email2_4_, userwebqui0_.password as password3_4_, userwebqui0_.role as role4_4_ from user_web_quiz userwebqui0_ where userwebqui0_.email=?
?[0m?[0;34mHibernate: select quiz0_.id as id1_0_, quiz0_.create_by_user_id as create_b4_0_, quiz0_.text as text2_0_, quiz0_.title as title3_0_ from quiz quiz0_ where quiz0_.id=?
?[0m?[0;34mHibernate: select userwebqui0_.id as id1_4_0_, userwebqui0_.email as email2_4_0_, userwebqui0_.password as password3_4_0_, userwebqui0_.role as role4_4_0_ from user_web_quiz userwebqui0_ where userwebqui0_.id=?
?[0m?[0;34mHibernate: select answer0_.quiz_id as quiz_id1_1_0_, answer0_.answer as answer2_1_0_ from quiz_answer answer0_ where answer0_.quiz_id=?
?[0m?[0;34myour answer is false
?[1;31m
Start test 145?[0m
?[0m?[0;34mHibernate: select userwebqui0_.id as id1_4_, userwebqui0_.email as email2_4_, userwebqui0_.password as password3_4_, userwebqui0_.role as role4_4_ from user_web_quiz userwebqui0_ where userwebqui0_.email=?
?[0m?[0;34mEmail = user@google.com
?[0m?[0;34m[ROLE_USER]
?[0m?[0;34mHibernate: select userwebqui0_.id as id1_4_, userwebqui0_.email as email2_4_, userwebqui0_.password as password3_4_, userwebqui0_.role as role4_4_ from user_web_quiz userwebqui0_ where userwebqui0_.email=?
?[0m?[0;34mHibernate: select quiz0_.id as id1_0_, quiz0_.create_by_user_id as create_b4_0_, quiz0_.text as text2_0_, quiz0_.title as title3_0_ from quiz quiz0_ where quiz0_.id=?
?[0m?[0;34mHibernate: select userwebqui0_.id as id1_4_0_, userwebqui0_.email as email2_4_0_, userwebqui0_.password as password3_4_0_, userwebqui0_.role as role4_4_0_ from user_web_quiz userwebqui0_ where userwebqui0_.id=?
?[0m?[0;34mHibernate: select answer0_.quiz_id as quiz_id1_1_0_, answer0_.answer as answer2_1_0_ from quiz_answer answer0_ where answer0_.quiz_id=?
?[0m?[0;34myour answer is false
?[1;31m
Start test 146?[0m
?[0m?[0;34mHibernate: select userwebqui0_.id as id1_4_, userwebqui0_.email as email2_4_, userwebqui0_.password as password3_4_, userwebqui0_.role as role4_4_ from user_web_quiz userwebqui0_ where userwebqui0_.email=?
?[0m?[0;34mEmail = user@google.com
?[0m?[0;34m[ROLE_USER]
?[0m?[0;34mHibernate: select userwebqui0_.id as id1_4_, userwebqui0_.email as email2_4_, userwebqui0_.password as password3_4_, userwebqui0_.role as role4_4_ from user_web_quiz userwebqui0_ where userwebqui0_.email=?
?[0m?[0;34mHibernate: select quiz0_.id as id1_0_, quiz0_.create_by_user_id as create_b4_0_, quiz0_.text as text2_0_, quiz0_.title as title3_0_ from quiz quiz0_ where quiz0_.id=?
?[0m?[0;34mHibernate: select userwebqui0_.id as id1_4_0_, userwebqui0_.email as email2_4_0_, userwebqui0_.password as password3_4_0_, userwebqui0_.role as role4_4_0_ from user_web_quiz userwebqui0_ where userwebqui0_.id=?
?[0m?[0;34mHibernate: select answer0_.quiz_id as quiz_id1_1_0_, answer0_.answer as answer2_1_0_ from quiz_answer answer0_ where answer0_.quiz_id=?
?[0m?[0;34myour answer is false
?[1;31m
Start test 147?[0m
?[0m?[0;34mHibernate: select userwebqui0_.id as id1_4_, userwebqui0_.email as email2_4_, userwebqui0_.password as password3_4_, userwebqui0_.role as role4_4_ from user_web_quiz userwebqui0_ where userwebqui0_.email=?
?[0m?[0;34mEmail = user@google.com
?[0m?[0;34m[ROLE_USER]
?[0m?[0;34mHibernate: select userwebqui0_.id as id1_4_, userwebqui0_.email as email2_4_, userwebqui0_.password as password3_4_, userwebqui0_.role as role4_4_ from user_web_quiz userwebqui0_ where userwebqui0_.email=?
?[0m?[0;34mHibernate: select quiz0_.id as id1_0_, quiz0_.create_by_user_id as create_b4_0_, quiz0_.text as text2_0_, quiz0_.title as title3_0_ from quiz quiz0_ where quiz0_.id=?
?[0m?[0;34mHibernate: select userwebqui0_.id as id1_4_0_, userwebqui0_.email as email2_4_0_, userwebqui0_.password as password3_4_0_, userwebqui0_.role as role4_4_0_ from user_web_quiz userwebqui0_ where userwebqui0_.id=?
?[0m?[0;34mHibernate: select answer0_.quiz_id as quiz_id1_1_0_, answer0_.answer as answer2_1_0_ from quiz_answer answer0_ where answer0_.quiz_id=?
?[0m?[0;34myour answer is false
?[1;31m
Start test 148?[0m
?[0m?[0;34mHibernate: select userwebqui0_.id as id1_4_, userwebqui0_.email as email2_4_, userwebqui0_.password as password3_4_, userwebqui0_.role as role4_4_ from user_web_quiz userwebqui0_ where userwebqui0_.email=?
?[0m?[0;34mEmail = user@google.com
?[0m?[0;34m[ROLE_USER]
?[0m?[0;34mHibernate: select userwebqui0_.id as id1_4_, userwebqui0_.email as email2_4_, userwebqui0_.password as password3_4_, userwebqui0_.role as role4_4_ from user_web_quiz userwebqui0_ where userwebqui0_.email=?
?[0m?[0;34mHibernate: select quiz0_.id as id1_0_, quiz0_.create_by_user_id as create_b4_0_, quiz0_.text as text2_0_, quiz0_.title as title3_0_ from quiz quiz0_ where quiz0_.id=?
?[0m?[0;34mHibernate: select userwebqui0_.id as id1_4_0_, userwebqui0_.email as email2_4_0_, userwebqui0_.password as password3_4_0_, userwebqui0_.role as role4_4_0_ from user_web_quiz userwebqui0_ where userwebqui0_.id=?
?[0m?[0;34mHibernate: select answer0_.quiz_id as quiz_id1_1_0_, answer0_.answer as answer2_1_0_ from quiz_answer answer0_ where answer0_.quiz_id=?
?[0m?[0;34myour answer is false
?[1;31m
Start test 149?[0m
?[0m?[0;34mHibernate: select userwebqui0_.id as id1_4_, userwebqui0_.email as email2_4_, userwebqui0_.password as password3_4_, userwebqui0_.role as role4_4_ from user_web_quiz userwebqui0_ where userwebqui0_.email=?
?[0m?[0;34mEmail = user@google.com
?[0m?[0;34m[ROLE_USER]
?[0m?[0;34mHibernate: select userwebqui0_.id as id1_4_, userwebqui0_.email as email2_4_, userwebqui0_.password as password3_4_, userwebqui0_.role as role4_4_ from user_web_quiz userwebqui0_ where userwebqui0_.email=?
?[0m?[0;34mHibernate: select quiz0_.id as id1_0_, quiz0_.create_by_user_id as create_b4_0_, quiz0_.text as text2_0_, quiz0_.title as title3_0_ from quiz quiz0_ where quiz0_.id=?
?[0m?[0;34mHibernate: select userwebqui0_.id as id1_4_0_, userwebqui0_.email as email2_4_0_, userwebqui0_.password as password3_4_0_, userwebqui0_.role as role4_4_0_ from user_web_quiz userwebqui0_ where userwebqui0_.id=?
?[0m?[0;34mHibernate: select answer0_.quiz_id as quiz_id1_1_0_, answer0_.answer as answer2_1_0_ from quiz_answer answer0_ where answer0_.quiz_id=?
?[0m?[0;34myour answer is false
?[1;31m
Start test 150?[0m
?[0m?[0;34mHibernate: select userwebqui0_.id as id1_4_, userwebqui0_.email as email2_4_, userwebqui0_.password as password3_4_, userwebqui0_.role as role4_4_ from user_web_quiz userwebqui0_ where userwebqui0_.email=?
?[0m?[0;34mEmail = user@google.com
?[0m?[0;34m[ROLE_USER]
?[0m?[0;34mHibernate: select userwebqui0_.id as id1_4_, userwebqui0_.email as email2_4_, userwebqui0_.password as password3_4_, userwebqui0_.role as role4_4_ from user_web_quiz userwebqui0_ where userwebqui0_.email=?
?[0m?[0;34mHibernate: select quiz0_.id as id1_0_, quiz0_.create_by_user_id as create_b4_0_, quiz0_.text as text2_0_, quiz0_.title as title3_0_ from quiz quiz0_ where quiz0_.id=?
?[0m?[0;34mHibernate: select userwebqui0_.id as id1_4_0_, userwebqui0_.email as email2_4_0_, userwebqui0_.password as password3_4_0_, userwebqui0_.role as role4_4_0_ from user_web_quiz userwebqui0_ where userwebqui0_.id=?
?[0m?[0;34mHibernate: select answer0_.quiz_id as quiz_id1_1_0_, answer0_.answer as answer2_1_0_ from quiz_answer answer0_ where answer0_.quiz_id=?
?[0m?[0;34myour answer is false
?[1;31m
Start test 151?[0m
?[0m?[0;34mHibernate: select userwebqui0_.id as id1_4_, userwebqui0_.email as email2_4_, userwebqui0_.password as password3_4_, userwebqui0_.role as role4_4_ from user_web_quiz userwebqui0_ where userwebqui0_.email=?
?[0m?[0;34mEmail = user@google.com
?[0m?[0;34m[ROLE_USER]
?[0m?[0;34mHibernate: select userwebqui0_.id as id1_4_, userwebqui0_.email as email2_4_, userwebqui0_.password as password3_4_, userwebqui0_.role as role4_4_ from user_web_quiz userwebqui0_ where userwebqui0_.email=?
?[0m?[0;34mHibernate: select quiz0_.id as id1_0_, quiz0_.create_by_user_id as create_b4_0_, quiz0_.text as text2_0_, quiz0_.title as title3_0_ from quiz quiz0_ where quiz0_.id=?
?[0m?[0;34mHibernate: select userwebqui0_.id as id1_4_0_, userwebqui0_.email as email2_4_0_, userwebqui0_.password as password3_4_0_, userwebqui0_.role as role4_4_0_ from user_web_quiz userwebqui0_ where userwebqui0_.id=?
?[0m?[0;34mHibernate: select answer0_.quiz_id as quiz_id1_1_0_, answer0_.answer as answer2_1_0_ from quiz_answer answer0_ where answer0_.quiz_id=?
?[0m?[0;34mHibernate: insert into result (result_id, completed_at, id, userwebquiz_id) values (null, ?, ?, ?)
?[0m?[0;34myour answer is true
?[1;31m
Start test 152?[0m
?[0m?[0;34mHibernate: select userwebqui0_.id as id1_4_, userwebqui0_.email as email2_4_, userwebqui0_.password as password3_4_, userwebqui0_.role as role4_4_ from user_web_quiz userwebqui0_ where userwebqui0_.email=?
?[0m?[0;34mEmail = user@google.com
?[0m?[0;34m[ROLE_USER]
?[0m?[0;34mHibernate: select userwebqui0_.id as id1_4_, userwebqui0_.email as email2_4_, userwebqui0_.password as password3_4_, userwebqui0_.role as role4_4_ from user_web_quiz userwebqui0_ where userwebqui0_.email=?
?[0m?[0;34mHibernate: select quiz0_.id as id1_0_, quiz0_.create_by_user_id as create_b4_0_, quiz0_.text as text2_0_, quiz0_.title as title3_0_ from quiz quiz0_ where quiz0_.id=?
?[0m?[0;34mHibernate: select userwebqui0_.id as id1_4_0_, userwebqui0_.email as email2_4_0_, userwebqui0_.password as password3_4_0_, userwebqui0_.role as role4_4_0_ from user_web_quiz userwebqui0_ where userwebqui0_.id=?
?[0m?[0;34mHibernate: select answer0_.quiz_id as quiz_id1_1_0_, answer0_.answer as answer2_1_0_ from quiz_answer answer0_ where answer0_.quiz_id=?
?[0m?[0;34myour answer is false
?[1;31m
Start test 153?[0m
?[0m?[0;34mHibernate: select userwebqui0_.id as id1_4_, userwebqui0_.email as email2_4_, userwebqui0_.password as password3_4_, userwebqui0_.role as role4_4_ from user_web_quiz userwebqui0_ where userwebqui0_.email=?
?[0m?[0;34mEmail = user@google.com
?[0m?[0;34m[ROLE_USER]
?[0m?[0;34mHibernate: select userwebqui0_.id as id1_4_, userwebqui0_.email as email2_4_, userwebqui0_.password as password3_4_, userwebqui0_.role as role4_4_ from user_web_quiz userwebqui0_ where userwebqui0_.email=?
?[0m?[0;34mHibernate: select quiz0_.id as id1_0_, quiz0_.create_by_user_id as create_b4_0_, quiz0_.text as text2_0_, quiz0_.title as title3_0_ from quiz quiz0_ where quiz0_.id=?
?[0m?[0;34mHibernate: select userwebqui0_.id as id1_4_0_, userwebqui0_.email as email2_4_0_, userwebqui0_.password as password3_4_0_, userwebqui0_.role as role4_4_0_ from user_web_quiz userwebqui0_ where userwebqui0_.id=?
?[0m?[0;34mHibernate: select answer0_.quiz_id as quiz_id1_1_0_, answer0_.answer as answer2_1_0_ from quiz_answer answer0_ where answer0_.quiz_id=?
?[0m?[0;34myour answer is false
?[1;31m
Start test 154?[0m
?[0m?[0;34mHibernate: select userwebqui0_.id as id1_4_, userwebqui0_.email as email2_4_, userwebqui0_.password as password3_4_, userwebqui0_.role as role4_4_ from user_web_quiz userwebqui0_ where userwebqui0_.email=?
?[0m?[0;34mEmail = user@google.com
?[0m?[0;34m[ROLE_USER]
?[0m?[0;34mHibernate: select quiz0_.id as id1_0_, quiz0_.create_by_user_id as create_b4_0_, quiz0_.text as text2_0_, quiz0_.title as title3_0_ from quiz quiz0_ limit ?
?[0m?[0;34mHibernate: select userwebqui0_.id as id1_4_0_, userwebqui0_.email as email2_4_0_, userwebqui0_.password as password3_4_0_, userwebqui0_.role as role4_4_0_ from user_web_quiz userwebqui0_ where userwebqui0_.id=?
?[0m?[0;34mHibernate: select userwebqui0_.id as id1_4_0_, userwebqui0_.email as email2_4_0_, userwebqui0_.password as password3_4_0_, userwebqui0_.role as role4_4_0_ from user_web_quiz userwebqui0_ where userwebqui0_.id=?
?[0m?[0;34mHibernate: select options0_.quiz_id as quiz_id1_2_0_, options0_.options as options2_2_0_ from quiz_options options0_ where options0_.quiz_id=?
?[0m?[0;34mHibernate: select options0_.quiz_id as quiz_id1_2_0_, options0_.options as options2_2_0_ from quiz_options options0_ where options0_.quiz_id=?
?[0m?[0;34mHibernate: select options0_.quiz_id as quiz_id1_2_0_, options0_.options as options2_2_0_ from quiz_options options0_ where options0_.quiz_id=?
?[0m?[0;34mHibernate: select options0_.quiz_id as quiz_id1_2_0_, options0_.options as options2_2_0_ from quiz_options options0_ where options0_.quiz_id=?
?[0m?[0;34mHibernate: select options0_.quiz_id as quiz_id1_2_0_, options0_.options as options2_2_0_ from quiz_options options0_ where options0_.quiz_id=?
?[0m?[0;34mHibernate: select options0_.quiz_id as quiz_id1_2_0_, options0_.options as options2_2_0_ from quiz_options options0_ where options0_.quiz_id=?
?[0m?[0;34mHibernate: select options0_.quiz_id as quiz_id1_2_0_, options0_.options as options2_2_0_ from quiz_options options0_ where options0_.quiz_id=?
?[1;31m
Start test 155?[0m
?[0;34m2022-11-06 15:47:09.347  INFO 18592 --- [       Thread-7] j.LocalContainerEntityManagerFactoryBean : Closing JPA EntityManagerFactory for persistence unit 'default'
?[0m?[0;34m2022-11-06 15:47:09.347  INFO 18592 --- [       Thread-7] com.zaxxer.hikari.HikariDataSource       : HikariPool-2 - Shutdown initiated...
?[0m?[0;34m2022-11-06 15:47:09.627  INFO 18592 --- [       Thread-7] com.zaxxer.hikari.HikariDataSource       : HikariPool-2 - Shutdown completed.
?[0;34m
?[0m?[0;34m  .   ____          _            __ _ _
?[0m?[0;34m /\\ / ___'_ __ _ _(_)_ __  __ _ \ \ \ \
?[0m?[0;34m( ( )\___ | '_ | '_| | '_ \/ _` | \ \ \ \
?[0m?[0;34m \\/  ___)| |_)| | | | | || (_| |  ) ) ) )
?[0m?[0;34m  '  |____| .__|_| |_|_| |_\__, | / / / /
?[0m?[0;34m =========|_|==============|___/=/_/_/_/
?[0m?[0;34m :: Spring Boot ::                (v2.5.6)
?[0m?[0;34m
?[0m?[0;34m2022-11-06 15:47:19.774  INFO 18592 --- [    Test worker] engine.WebQuizEngine                     : Starting WebQuizEngine using Java 17.0.4.1 on DESKTOP-87JLN8B with PID 18592 (started by Admin in D:\HyperSkill\Web Quiz Engine\Web Quiz Engine\task)
?[0m?[0;34m2022-11-06 15:47:19.774  INFO 18592 --- [    Test worker] engine.WebQuizEngine                     : No active profile set, falling back to default profiles: default
?[0m?[0;34m2022-11-06 15:47:20.002  INFO 18592 --- [    Test worker] .s.d.r.c.RepositoryConfigurationDelegate : Bootstrapping Spring Data JPA repositories in DEFAULT mode.
?[0m?[0;34m2022-11-06 15:47:20.010  INFO 18592 --- [    Test worker] .s.d.r.c.RepositoryConfigurationDelegate : Finished Spring Data repository scanning in 7 ms. Found 3 JPA repository interfaces.
?[0m?[0;34m2022-11-06 15:47:20.085  INFO 18592 --- [    Test worker] o.s.b.w.embedded.tomcat.TomcatWebServer  : Tomcat initialized with port(s): 8889 (http)
?[0m?[0;34m2022-11-06 15:47:20.086  INFO 18592 --- [    Test worker] o.apache.catalina.core.StandardService   : Starting service [Tomcat]
?[0m?[0;34m2022-11-06 15:47:20.086  INFO 18592 --- [    Test worker] org.apache.catalina.core.StandardEngine  : Starting Servlet engine: [Apache Tomcat/9.0.54]
?[0m?[0;34m2022-11-06 15:47:20.108  INFO 18592 --- [    Test worker] o.a.c.c.C.[Tomcat].[localhost].[/]       : Initializing Spring embedded WebApplicationContext
?[0m?[0;34m2022-11-06 15:47:20.108  INFO 18592 --- [    Test worker] w.s.c.ServletWebServerApplicationContext : Root WebApplicationContext: initialization completed in 331 ms
?[0m?[0;34m2022-11-06 15:47:20.133  INFO 18592 --- [    Test worker] com.zaxxer.hikari.HikariDataSource       : HikariPool-3 - Starting...
?[0m?[0;34m2022-11-06 15:47:20.141  INFO 18592 --- [    Test worker] com.zaxxer.hikari.HikariDataSource       : HikariPool-3 - Start completed.
?[0m?[0;34m2022-11-06 15:47:20.141  INFO 18592 --- [    Test worker] o.s.b.a.h2.H2ConsoleAutoConfiguration    : H2 console available at '/h2-console'. Database available at 'jdbc:h2:file:D:/HyperSkill/Web Quiz Engine/Web Quiz Engine/task/src/db/quizdb'
?[0m?[0;34m2022-11-06 15:47:20.177  INFO 18592 --- [    Test worker] o.hibernate.jpa.internal.util.LogHelper  : HHH000204: Processing PersistenceUnitInfo [name: default]
?[0m?[0;34m2022-11-06 15:47:20.183  INFO 18592 --- [    Test worker] org.hibernate.dialect.Dialect            : HHH000400: Using dialect: org.hibernate.dialect.H2Dialect
?[0m?[0;34m2022-11-06 15:47:20.241  INFO 18592 --- [    Test worker] o.h.e.t.j.p.i.JtaPlatformInitiator       : HHH000490: Using JtaPlatform implementation: [org.hibernate.engine.transaction.jta.platform.internal.NoJtaPlatform]
?[0m?[0;34m2022-11-06 15:47:20.242  INFO 18592 --- [    Test worker] j.LocalContainerEntityManagerFactoryBean : Initialized JPA EntityManagerFactory for persistence unit 'default'
?[0m?[0;34m2022-11-06 15:47:20.326  WARN 18592 --- [    Test worker] JpaBaseConfiguration$JpaWebConfiguration : spring.jpa.open-in-view is enabled by default. Therefore, database queries may be performed during view rendering. Explicitly configure spring.jpa.open-in-view to disable this warning
?[0m?[0;34m2022-11-06 15:47:20.409  INFO 18592 --- [    Test worker] o.s.b.a.e.web.EndpointLinksResolver      : Exposing 14 endpoint(s) beneath base path '/actuator'
?[0m?[0;34m2022-11-06 15:47:20.417  INFO 18592 --- [    Test worker] o.s.s.web.DefaultSecurityFilterChain     : Will secure any request with [org.springframework.security.web.context.request.async.WebAsyncManagerIntegrationFilter@54950027, org.springframework.security.web.context.SecurityContextPersistenceFilter@561f982f, org.springframework.security.web.header.HeaderWriterFilter@601c953c, org.springframework.security.web.authentication.logout.LogoutFilter@7f69a16b, org.springframework.security.web.authentication.www.BasicAuthenticationFilter@58477355, org.springframework.security.web.savedrequest.RequestCacheAwareFilter@3ed79f41, org.springframework.security.web.servletapi.SecurityContextHolderAwareRequestFilter@3ae648d2, org.springframework.security.web.authentication.AnonymousAuthenticationFilter@11b5b1f2, org.springframework.security.web.session.SessionManagementFilter@5ca67657, org.springframework.security.web.access.ExceptionTranslationFilter@29483d10, org.springframework.security.web.access.intercept.FilterSecurityInterceptor@3d805670]
?[0m?[0;34m2022-11-06 15:47:20.473  INFO 18592 --- [    Test worker] o.s.b.w.embedded.tomcat.TomcatWebServer  : Tomcat started on port(s): 8889 (http) with context path ''
?[0m?[0;34m2022-11-06 15:47:20.478  INFO 18592 --- [    Test worker] engine.WebQuizEngine                     : Started WebQuizEngine in 0.724 seconds (JVM running for 572.431)
?[0m?[1;31m
Start test 156?[0m
?[0;34m2022-11-06 15:47:20.497  INFO 18592 --- [nio-8889-exec-1] o.a.c.c.C.[Tomcat].[localhost].[/]       : Initializing Spring DispatcherServlet 'dispatcherServlet'
?[0m?[0;34m2022-11-06 15:47:20.497  INFO 18592 --- [nio-8889-exec-1] o.s.web.servlet.DispatcherServlet        : Initializing Servlet 'dispatcherServlet'
?[0m?[0;34m2022-11-06 15:47:20.498  INFO 18592 --- [nio-8889-exec-1] o.s.web.servlet.DispatcherServlet        : Completed initialization in 1 ms
?[0m?[0;34mHibernate: select userwebqui0_.id as id1_4_, userwebqui0_.email as email2_4_, userwebqui0_.password as password3_4_, userwebqui0_.role as role4_4_ from user_web_quiz userwebqui0_ where userwebqui0_.email=?
?[0m?[0;34mEmail = user@google.com
?[0m?[0;34m[ROLE_USER]
?[0m?[0;34mHibernate: select quiz0_.id as id1_0_, quiz0_.create_by_user_id as create_b4_0_, quiz0_.text as text2_0_, quiz0_.title as title3_0_ from quiz quiz0_ limit ?
?[0m?[0;34mHibernate: select userwebqui0_.id as id1_4_0_, userwebqui0_.email as email2_4_0_, userwebqui0_.password as password3_4_0_, userwebqui0_.role as role4_4_0_ from user_web_quiz userwebqui0_ where userwebqui0_.id=?
?[0m?[0;34mHibernate: select userwebqui0_.id as id1_4_0_, userwebqui0_.email as email2_4_0_, userwebqui0_.password as password3_4_0_, userwebqui0_.role as role4_4_0_ from user_web_quiz userwebqui0_ where userwebqui0_.id=?
?[0m?[0;34mHibernate: select options0_.quiz_id as quiz_id1_2_0_, options0_.options as options2_2_0_ from quiz_options options0_ where options0_.quiz_id=?
?[0m?[0;34mHibernate: select options0_.quiz_id as quiz_id1_2_0_, options0_.options as options2_2_0_ from quiz_options options0_ where options0_.quiz_id=?
?[0m?[0;34mHibernate: select options0_.quiz_id as quiz_id1_2_0_, options0_.options as options2_2_0_ from quiz_options options0_ where options0_.quiz_id=?
?[0m?[0;34mHibernate: select options0_.quiz_id as quiz_id1_2_0_, options0_.options as options2_2_0_ from quiz_options options0_ where options0_.quiz_id=?
?[0m?[0;34mHibernate: select options0_.quiz_id as quiz_id1_2_0_, options0_.options as options2_2_0_ from quiz_options options0_ where options0_.quiz_id=?
?[0m?[0;34mHibernate: select options0_.quiz_id as quiz_id1_2_0_, options0_.options as options2_2_0_ from quiz_options options0_ where options0_.quiz_id=?
?[0m?[0;34mHibernate: select options0_.quiz_id as quiz_id1_2_0_, options0_.options as options2_2_0_ from quiz_options options0_ where options0_.quiz_id=?
?[1;31m
Start test 157?[0m
?[0;34mHibernate: select userwebqui0_.id as id1_4_, userwebqui0_.email as email2_4_, userwebqui0_.password as password3_4_, userwebqui0_.role as role4_4_ from user_web_quiz userwebqui0_ where userwebqui0_.email=?
?[0m?[0;34mEmail = test@google.com
?[0m?[0;34m[ROLE_USER]
?[0m?[0;34mHibernate: select userwebqui0_.id as id1_4_, userwebqui0_.email as email2_4_, userwebqui0_.password as password3_4_, userwebqui0_.role as role4_4_ from user_web_quiz userwebqui0_ where userwebqui0_.email=?
?[0m?[0;34mHibernate: select quiz0_.id as id1_0_, quiz0_.create_by_user_id as create_b4_0_, quiz0_.text as text2_0_, quiz0_.title as title3_0_ from quiz quiz0_ where quiz0_.id=?
?[0m?[0;34mHibernate: select answer0_.quiz_id as quiz_id1_1_0_, answer0_.answer as answer2_1_0_ from quiz_answer answer0_ where answer0_.quiz_id=?
?[0m?[0;34mHibernate: insert into result (result_id, completed_at, id, userwebquiz_id) values (null, ?, ?, ?)
?[0m?[0;34myour answer is true
?[1;31m
Start test 158?[0m
?[0m?[0;34mHibernate: select userwebqui0_.id as id1_4_, userwebqui0_.email as email2_4_, userwebqui0_.password as password3_4_, userwebqui0_.role as role4_4_ from user_web_quiz userwebqui0_ where userwebqui0_.email=?
?[0m?[0;34mEmail = user@google.com
?[0m?[0;34m[ROLE_USER]
?[0m?[0;34mHibernate: select userwebqui0_.id as id1_4_, userwebqui0_.email as email2_4_, userwebqui0_.password as password3_4_, userwebqui0_.role as role4_4_ from user_web_quiz userwebqui0_ where userwebqui0_.email=?
?[0m?[0;34mHibernate: select quiz0_.id as id1_0_, quiz0_.create_by_user_id as create_b4_0_, quiz0_.text as text2_0_, quiz0_.title as title3_0_ from quiz quiz0_ where quiz0_.id=?
?[0m?[0;34mHibernate: select userwebqui0_.id as id1_4_0_, userwebqui0_.email as email2_4_0_, userwebqui0_.password as password3_4_0_, userwebqui0_.role as role4_4_0_ from user_web_quiz userwebqui0_ where userwebqui0_.id=?
?[0m?[0;34mHibernate: select answer0_.quiz_id as quiz_id1_1_0_, answer0_.answer as answer2_1_0_ from quiz_answer answer0_ where answer0_.quiz_id=?
?[0m?[0;34myour answer is false
?[1;31m
Start test 159?[0m
?[0;34mHibernate: select userwebqui0_.id as id1_4_, userwebqui0_.email as email2_4_, userwebqui0_.password as password3_4_, userwebqui0_.role as role4_4_ from user_web_quiz userwebqui0_ where userwebqui0_.email=?
?[0m?[0;34mEmail = test@google.com
?[0m?[0;34m[ROLE_USER]
?[0m?[0;34mHibernate: select userwebqui0_.id as id1_4_, userwebqui0_.email as email2_4_, userwebqui0_.password as password3_4_, userwebqui0_.role as role4_4_ from user_web_quiz userwebqui0_ where userwebqui0_.email=?
?[0m?[0;34mHibernate: select quiz0_.id as id1_0_, quiz0_.create_by_user_id as create_b4_0_, quiz0_.text as text2_0_, quiz0_.title as title3_0_ from quiz quiz0_ where quiz0_.id=?
?[0m?[0;34mHibernate: select answer0_.quiz_id as quiz_id1_1_0_, answer0_.answer as answer2_1_0_ from quiz_answer answer0_ where answer0_.quiz_id=?
?[0m?[0;34myour answer is false
?[1;31m
Start test 160?[0m
?[0;34mHibernate: select userwebqui0_.id as id1_4_, userwebqui0_.email as email2_4_, userwebqui0_.password as password3_4_, userwebqui0_.role as role4_4_ from user_web_quiz userwebqui0_ where userwebqui0_.email=?
?[0m?[0;34mEmail = user@google.com
?[0m?[0;34m[ROLE_USER]
?[0m?[0;34mHibernate: select userwebqui0_.id as id1_4_, userwebqui0_.email as email2_4_, userwebqui0_.password as password3_4_, userwebqui0_.role as role4_4_ from user_web_quiz userwebqui0_ where userwebqui0_.email=?
?[0m?[0;34mHibernate: select quiz0_.id as id1_0_, quiz0_.create_by_user_id as create_b4_0_, quiz0_.text as text2_0_, quiz0_.title as title3_0_ from quiz quiz0_ where quiz0_.id=?
?[0m?[0;34mHibernate: select userwebqui0_.id as id1_4_0_, userwebqui0_.email as email2_4_0_, userwebqui0_.password as password3_4_0_, userwebqui0_.role as role4_4_0_ from user_web_quiz userwebqui0_ where userwebqui0_.id=?
?[0m?[0;34mHibernate: select answer0_.quiz_id as quiz_id1_1_0_, answer0_.answer as answer2_1_0_ from quiz_answer answer0_ where answer0_.quiz_id=?
?[0m?[0;34mHibernate: insert into result (result_id, completed_at, id, userwebquiz_id) values (null, ?, ?, ?)
?[0m?[0;34myour answer is true
?[1;31m
Start test 161?[0m
?[0;34mHibernate: select userwebqui0_.id as id1_4_, userwebqui0_.email as email2_4_, userwebqui0_.password as password3_4_, userwebqui0_.role as role4_4_ from user_web_quiz userwebqui0_ where userwebqui0_.email=?
?[0m?[0;34mEmail = test@google.com
?[0m?[0;34m[ROLE_USER]
?[0m?[0;34mHibernate: select userwebqui0_.id as id1_4_, userwebqui0_.email as email2_4_, userwebqui0_.password as password3_4_, userwebqui0_.role as role4_4_ from user_web_quiz userwebqui0_ where userwebqui0_.email=?
?[0m?[0;34mHibernate: select result0_.result_id as result_i1_3_, result0_.completed_at as complete2_3_, result0_.id as id3_3_, result0_.userwebquiz_id as userwebq4_3_ from result result0_ where result0_.userwebquiz_id=? order by result0_.completed_at desc limit ?
?[0m?[0;34mcreating page
?[1;31m
Start test 162?[0m
?[0;34mHibernate: select userwebqui0_.id as id1_4_, userwebqui0_.email as email2_4_, userwebqui0_.password as password3_4_, userwebqui0_.role as role4_4_ from user_web_quiz userwebqui0_ where userwebqui0_.email=?
?[0m?[0;34mEmail = test@google.com
?[0m?[0;34m[ROLE_USER]
?[0m?[0;34mHibernate: select userwebqui0_.id as id1_4_, userwebqui0_.email as email2_4_, userwebqui0_.password as password3_4_, userwebqui0_.role as role4_4_ from user_web_quiz userwebqui0_ where userwebqui0_.email=?
?[0m?[0;34mHibernate: select result0_.result_id as result_i1_3_, result0_.completed_at as complete2_3_, result0_.id as id3_3_, result0_.userwebquiz_id as userwebq4_3_ from result result0_ where result0_.userwebquiz_id=? order by result0_.completed_at desc limit ?
?[0m?[0;34mcreating page
?[1;31m
Start test 163?[0m
?[0;34mHibernate: select userwebqui0_.id as id1_4_, userwebqui0_.email as email2_4_, userwebqui0_.password as password3_4_, userwebqui0_.role as role4_4_ from user_web_quiz userwebqui0_ where userwebqui0_.email=?
?[0m?[0;34mEmail = test@google.com
?[0m?[0;34m[ROLE_USER]
?[0m?[0;34mHibernate: select userwebqui0_.id as id1_4_, userwebqui0_.email as email2_4_, userwebqui0_.password as password3_4_, userwebqui0_.role as role4_4_ from user_web_quiz userwebqui0_ where userwebqui0_.email=?
?[0m?[0;34mHibernate: select result0_.result_id as result_i1_3_, result0_.completed_at as complete2_3_, result0_.id as id3_3_, result0_.userwebquiz_id as userwebq4_3_ from result result0_ where result0_.userwebquiz_id=? order by result0_.completed_at desc limit ?
?[0m?[0;34mcreating page
?[1;31m
Start test 164?[0m
?[0m?[0;34mHibernate: select userwebqui0_.id as id1_4_, userwebqui0_.email as email2_4_, userwebqui0_.password as password3_4_, userwebqui0_.role as role4_4_ from user_web_quiz userwebqui0_ where userwebqui0_.email=?
?[0m?[0;34mEmail = test@google.com
?[0m?[0;34m[ROLE_USER]
?[0m?[0;34mHibernate: select userwebqui0_.id as id1_4_, userwebqui0_.email as email2_4_, userwebqui0_.password as password3_4_, userwebqui0_.role as role4_4_ from user_web_quiz userwebqui0_ where userwebqui0_.email=?
?[0m?[0;34mHibernate: select result0_.result_id as result_i1_3_, result0_.completed_at as complete2_3_, result0_.id as id3_3_, result0_.userwebquiz_id as userwebq4_3_ from result result0_ where result0_.userwebquiz_id=? order by result0_.completed_at desc limit ?
?[0m?[0;34mcreating page
?[1;31m
Start test 165?[0m
?[0m?[0;34mHibernate: select userwebqui0_.id as id1_4_, userwebqui0_.email as email2_4_, userwebqui0_.password as password3_4_, userwebqui0_.role as role4_4_ from user_web_quiz userwebqui0_ where userwebqui0_.email=?
?[0m?[0;34mEmail = test@google.com
?[0m?[0;34m[ROLE_USER]
?[0m?[0;34mHibernate: select userwebqui0_.id as id1_4_, userwebqui0_.email as email2_4_, userwebqui0_.password as password3_4_, userwebqui0_.role as role4_4_ from user_web_quiz userwebqui0_ where userwebqui0_.email=?
?[0m?[0;34mHibernate: select result0_.result_id as result_i1_3_, result0_.completed_at as complete2_3_, result0_.id as id3_3_, result0_.userwebquiz_id as userwebq4_3_ from result result0_ where result0_.userwebquiz_id=? order by result0_.completed_at desc limit ?
?[0m?[0;34mcreating page
?[1;31m
Start test 166?[0m
?[0;34mHibernate: select userwebqui0_.id as id1_4_, userwebqui0_.email as email2_4_, userwebqui0_.password as password3_4_, userwebqui0_.role as role4_4_ from user_web_quiz userwebqui0_ where userwebqui0_.email=?
?[0m?[0;34mEmail = user@google.com
?[0m?[0;34m[ROLE_USER]
?[0m?[0;34mHibernate: select userwebqui0_.id as id1_4_, userwebqui0_.email as email2_4_, userwebqui0_.password as password3_4_, userwebqui0_.role as role4_4_ from user_web_quiz userwebqui0_ where userwebqui0_.email=?
?[0m?[0;34mHibernate: select result0_.result_id as result_i1_3_, result0_.completed_at as complete2_3_, result0_.id as id3_3_, result0_.userwebquiz_id as userwebq4_3_ from result result0_ where result0_.userwebquiz_id=? order by result0_.completed_at desc limit ?
?[0m?[0;34mcreating page
?[1;31m
Start test 167?[0m
?[0;34mHibernate: select userwebqui0_.id as id1_4_, userwebqui0_.email as email2_4_, userwebqui0_.password as password3_4_, userwebqui0_.role as role4_4_ from user_web_quiz userwebqui0_ where userwebqui0_.email=?
?[0m?[0;34mEmail = user@google.com
?[0m?[0;34m[ROLE_USER]
?[0m?[0;34mHibernate: select userwebqui0_.id as id1_4_, userwebqui0_.email as email2_4_, userwebqui0_.password as password3_4_, userwebqui0_.role as role4_4_ from user_web_quiz userwebqui0_ where userwebqui0_.email=?
?[0m?[0;34mHibernate: select result0_.result_id as result_i1_3_, result0_.completed_at as complete2_3_, result0_.id as id3_3_, result0_.userwebquiz_id as userwebq4_3_ from result result0_ where result0_.userwebquiz_id=? order by result0_.completed_at desc limit ?
?[0m?[0;34mcreating page
?[1;31m
Start test 168?[0m
?[0m?[0;34mHibernate: select userwebqui0_.id as id1_4_, userwebqui0_.email as email2_4_, userwebqui0_.password as password3_4_, userwebqui0_.role as role4_4_ from user_web_quiz userwebqui0_ where userwebqui0_.email=?
?[0m?[0;34mEmail = user@google.com
?[0m?[0;34m[ROLE_USER]
?[0m?[0;34mHibernate: select userwebqui0_.id as id1_4_, userwebqui0_.email as email2_4_, userwebqui0_.password as password3_4_, userwebqui0_.role as role4_4_ from user_web_quiz userwebqui0_ where userwebqui0_.email=?
?[0m?[0;34mHibernate: select result0_.result_id as result_i1_3_, result0_.completed_at as complete2_3_, result0_.id as id3_3_, result0_.userwebquiz_id as userwebq4_3_ from result result0_ where result0_.userwebquiz_id=? order by result0_.completed_at desc limit ?
?[0m?[0;34mcreating page
?[1;31m
Start test 169?[0m
?[0m?[0;34mHibernate: select userwebqui0_.id as id1_4_, userwebqui0_.email as email2_4_, userwebqui0_.password as password3_4_, userwebqui0_.role as role4_4_ from user_web_quiz userwebqui0_ where userwebqui0_.email=?
?[0m?[0;34mEmail = user@google.com
?[0m?[0;34m[ROLE_USER]
?[0m?[0;34mHibernate: select userwebqui0_.id as id1_4_, userwebqui0_.email as email2_4_, userwebqui0_.password as password3_4_, userwebqui0_.role as role4_4_ from user_web_quiz userwebqui0_ where userwebqui0_.email=?
?[0m?[0;34mHibernate: select result0_.result_id as result_i1_3_, result0_.completed_at as complete2_3_, result0_.id as id3_3_, result0_.userwebquiz_id as userwebq4_3_ from result result0_ where result0_.userwebquiz_id=? order by result0_.completed_at desc limit ?
?[0m?[0;34mcreating page
?[1;31m
Start test 170?[0m
?[0m?[0;34mHibernate: select userwebqui0_.id as id1_4_, userwebqui0_.email as email2_4_, userwebqui0_.password as password3_4_, userwebqui0_.role as role4_4_ from user_web_quiz userwebqui0_ where userwebqui0_.email=?
?[0m?[0;34mEmail = user@google.com
?[0m?[0;34m[ROLE_USER]
?[0m?[0;34mHibernate: select userwebqui0_.id as id1_4_, userwebqui0_.email as email2_4_, userwebqui0_.password as password3_4_, userwebqui0_.role as role4_4_ from user_web_quiz userwebqui0_ where userwebqui0_.email=?
?[0m?[0;34mHibernate: select result0_.result_id as result_i1_3_, result0_.completed_at as complete2_3_, result0_.id as id3_3_, result0_.userwebquiz_id as userwebq4_3_ from result result0_ where result0_.userwebquiz_id=? order by result0_.completed_at desc limit ?
?[0m?[0;34mcreating page
?[1;31m
Start test 171?[0m
?[0;34mHibernate: select userwebqui0_.id as id1_4_, userwebqui0_.email as email2_4_, userwebqui0_.password as password3_4_, userwebqui0_.role as role4_4_ from user_web_quiz userwebqui0_ where userwebqui0_.email=?
?[0m?[0;34mEmail = user@google.com
?[0m?[0;34m[ROLE_USER]
?[0m?[0;34mHibernate: select userwebqui0_.id as id1_4_, userwebqui0_.email as email2_4_, userwebqui0_.password as password3_4_, userwebqui0_.role as role4_4_ from user_web_quiz userwebqui0_ where userwebqui0_.email=?
?[0m?[0;34mHibernate: select result0_.result_id as result_i1_3_, result0_.completed_at as complete2_3_, result0_.id as id3_3_, result0_.userwebquiz_id as userwebq4_3_ from result result0_ where result0_.userwebquiz_id=? order by result0_.completed_at desc limit ?
?[0m?[0;34mcreating page
?[1;31m
Start test 172?[0m
?[0m?[0;34mHibernate: select userwebqui0_.id as id1_4_, userwebqui0_.email as email2_4_, userwebqui0_.password as password3_4_, userwebqui0_.role as role4_4_ from user_web_quiz userwebqui0_ where userwebqui0_.email=?
?[0m?[0;34mEmail = test@google.com
?[0m?[0;34m[ROLE_USER]
?[0m?[0;34mHibernate: select userwebqui0_.id as id1_4_, userwebqui0_.email as email2_4_, userwebqui0_.password as password3_4_, userwebqui0_.role as role4_4_ from user_web_quiz userwebqui0_ where userwebqui0_.email=?
?[0m?[0;34mHibernate: select quiz0_.id as id1_0_, quiz0_.create_by_user_id as create_b4_0_, quiz0_.text as text2_0_, quiz0_.title as title3_0_ from quiz quiz0_ where quiz0_.id=?
?[0m?[0;34mHibernate: select answer0_.quiz_id as quiz_id1_1_0_, answer0_.answer as answer2_1_0_ from quiz_answer answer0_ where answer0_.quiz_id=?
?[0m?[0;34mHibernate: insert into result (result_id, completed_at, id, userwebquiz_id) values (null, ?, ?, ?)
?[0m?[0;34myour answer is true
?[1;31m
Start test 173?[0m
?[0m?[0;34mHibernate: select userwebqui0_.id as id1_4_, userwebqui0_.email as email2_4_, userwebqui0_.password as password3_4_, userwebqui0_.role as role4_4_ from user_web_quiz userwebqui0_ where userwebqui0_.email=?
?[0m?[0;34mEmail = test@google.com
?[0m?[0;34m[ROLE_USER]
?[0m?[0;34mHibernate: select userwebqui0_.id as id1_4_, userwebqui0_.email as email2_4_, userwebqui0_.password as password3_4_, userwebqui0_.role as role4_4_ from user_web_quiz userwebqui0_ where userwebqui0_.email=?
?[0m?[0;34mHibernate: select quiz0_.id as id1_0_, quiz0_.create_by_user_id as create_b4_0_, quiz0_.text as text2_0_, quiz0_.title as title3_0_ from quiz quiz0_ where quiz0_.id=?
?[0m?[0;34mHibernate: select answer0_.quiz_id as quiz_id1_1_0_, answer0_.answer as answer2_1_0_ from quiz_answer answer0_ where answer0_.quiz_id=?
?[0m?[0;34mHibernate: insert into result (result_id, completed_at, id, userwebquiz_id) values (null, ?, ?, ?)
?[0m?[0;34myour answer is true
?[1;31m
Start test 174?[0m
?[0m?[0;34mHibernate: select userwebqui0_.id as id1_4_, userwebqui0_.email as email2_4_, userwebqui0_.password as password3_4_, userwebqui0_.role as role4_4_ from user_web_quiz userwebqui0_ where userwebqui0_.email=?
?[0m?[0;34mEmail = test@google.com
?[0m?[0;34m[ROLE_USER]
?[0m?[0;34mHibernate: select userwebqui0_.id as id1_4_, userwebqui0_.email as email2_4_, userwebqui0_.password as password3_4_, userwebqui0_.role as role4_4_ from user_web_quiz userwebqui0_ where userwebqui0_.email=?
?[0m?[0;34mHibernate: select quiz0_.id as id1_0_, quiz0_.create_by_user_id as create_b4_0_, quiz0_.text as text2_0_, quiz0_.title as title3_0_ from quiz quiz0_ where quiz0_.id=?
?[0m?[0;34mHibernate: select answer0_.quiz_id as quiz_id1_1_0_, answer0_.answer as answer2_1_0_ from quiz_answer answer0_ where answer0_.quiz_id=?
?[0m?[0;34mHibernate: insert into result (result_id, completed_at, id, userwebquiz_id) values (null, ?, ?, ?)
?[0m?[0;34myour answer is true
?[1;31m
Start test 175?[0m
?[0m?[0;34mHibernate: select userwebqui0_.id as id1_4_, userwebqui0_.email as email2_4_, userwebqui0_.password as password3_4_, userwebqui0_.role as role4_4_ from user_web_quiz userwebqui0_ where userwebqui0_.email=?
?[0m?[0;34mEmail = test@google.com
?[0m?[0;34m[ROLE_USER]
?[0m?[0;34mHibernate: select userwebqui0_.id as id1_4_, userwebqui0_.email as email2_4_, userwebqui0_.password as password3_4_, userwebqui0_.role as role4_4_ from user_web_quiz userwebqui0_ where userwebqui0_.email=?
?[0m?[0;34mHibernate: select quiz0_.id as id1_0_, quiz0_.create_by_user_id as create_b4_0_, quiz0_.text as text2_0_, quiz0_.title as title3_0_ from quiz quiz0_ where quiz0_.id=?
?[0m?[0;34mHibernate: select answer0_.quiz_id as quiz_id1_1_0_, answer0_.answer as answer2_1_0_ from quiz_answer answer0_ where answer0_.quiz_id=?
?[0m?[0;34mHibernate: insert into result (result_id, completed_at, id, userwebquiz_id) values (null, ?, ?, ?)
?[0m?[0;34myour answer is true
?[1;31m
Start test 176?[0m
?[0m?[0;34mHibernate: select userwebqui0_.id as id1_4_, userwebqui0_.email as email2_4_, userwebqui0_.password as password3_4_, userwebqui0_.role as role4_4_ from user_web_quiz userwebqui0_ where userwebqui0_.email=?
?[0m?[0;34mEmail = test@google.com
?[0m?[0;34m[ROLE_USER]
?[0m?[0;34mHibernate: select userwebqui0_.id as id1_4_, userwebqui0_.email as email2_4_, userwebqui0_.password as password3_4_, userwebqui0_.role as role4_4_ from user_web_quiz userwebqui0_ where userwebqui0_.email=?
?[0m?[0;34mHibernate: select quiz0_.id as id1_0_, quiz0_.create_by_user_id as create_b4_0_, quiz0_.text as text2_0_, quiz0_.title as title3_0_ from quiz quiz0_ where quiz0_.id=?
?[0m?[0;34mHibernate: select answer0_.quiz_id as quiz_id1_1_0_, answer0_.answer as answer2_1_0_ from quiz_answer answer0_ where answer0_.quiz_id=?
?[0m?[0;34mHibernate: insert into result (result_id, completed_at, id, userwebquiz_id) values (null, ?, ?, ?)
?[0m?[0;34myour answer is true
?[1;31m
Start test 177?[0m
?[0m?[0;34mHibernate: select userwebqui0_.id as id1_4_, userwebqui0_.email as email2_4_, userwebqui0_.password as password3_4_, userwebqui0_.role as role4_4_ from user_web_quiz userwebqui0_ where userwebqui0_.email=?
?[0m?[0;34mEmail = test@google.com
?[0m?[0;34m[ROLE_USER]
?[0m?[0;34mHibernate: select userwebqui0_.id as id1_4_, userwebqui0_.email as email2_4_, userwebqui0_.password as password3_4_, userwebqui0_.role as role4_4_ from user_web_quiz userwebqui0_ where userwebqui0_.email=?
?[0m?[0;34mHibernate: select quiz0_.id as id1_0_, quiz0_.create_by_user_id as create_b4_0_, quiz0_.text as text2_0_, quiz0_.title as title3_0_ from quiz quiz0_ where quiz0_.id=?
?[0m?[0;34mHibernate: select answer0_.quiz_id as quiz_id1_1_0_, answer0_.answer as answer2_1_0_ from quiz_answer answer0_ where answer0_.quiz_id=?
?[0m?[0;34mHibernate: insert into result (result_id, completed_at, id, userwebquiz_id) values (null, ?, ?, ?)
?[0m?[0;34myour answer is true
?[1;31m
Start test 178?[0m
?[0m?[0;34mHibernate: select userwebqui0_.id as id1_4_, userwebqui0_.email as email2_4_, userwebqui0_.password as password3_4_, userwebqui0_.role as role4_4_ from user_web_quiz userwebqui0_ where userwebqui0_.email=?
?[0m?[0;34mEmail = user@google.com
?[0m?[0;34m[ROLE_USER]
?[0m?[0;34mHibernate: select userwebqui0_.id as id1_4_, userwebqui0_.email as email2_4_, userwebqui0_.password as password3_4_, userwebqui0_.role as role4_4_ from user_web_quiz userwebqui0_ where userwebqui0_.email=?
?[0m?[0;34mHibernate: select quiz0_.id as id1_0_, quiz0_.create_by_user_id as create_b4_0_, quiz0_.text as text2_0_, quiz0_.title as title3_0_ from quiz quiz0_ where quiz0_.id=?
?[0m?[0;34mHibernate: select userwebqui0_.id as id1_4_0_, userwebqui0_.email as email2_4_0_, userwebqui0_.password as password3_4_0_, userwebqui0_.role as role4_4_0_ from user_web_quiz userwebqui0_ where userwebqui0_.id=?
?[0m?[0;34mHibernate: select answer0_.quiz_id as quiz_id1_1_0_, answer0_.answer as answer2_1_0_ from quiz_answer answer0_ where answer0_.quiz_id=?
?[0m?[0;34mHibernate: insert into result (result_id, completed_at, id, userwebquiz_id) values (null, ?, ?, ?)
?[0m?[0;34myour answer is true
?[1;31m
Start test 179?[0m
?[0m?[0;34mHibernate: select userwebqui0_.id as id1_4_, userwebqui0_.email as email2_4_, userwebqui0_.password as password3_4_, userwebqui0_.role as role4_4_ from user_web_quiz userwebqui0_ where userwebqui0_.email=?
?[0m?[0;34mEmail = user@google.com
?[0m?[0;34m[ROLE_USER]
?[0m?[0;34mHibernate: select userwebqui0_.id as id1_4_, userwebqui0_.email as email2_4_, userwebqui0_.password as password3_4_, userwebqui0_.role as role4_4_ from user_web_quiz userwebqui0_ where userwebqui0_.email=?
?[0m?[0;34mHibernate: select quiz0_.id as id1_0_, quiz0_.create_by_user_id as create_b4_0_, quiz0_.text as text2_0_, quiz0_.title as title3_0_ from quiz quiz0_ where quiz0_.id=?
?[0m?[0;34mHibernate: select userwebqui0_.id as id1_4_0_, userwebqui0_.email as email2_4_0_, userwebqui0_.password as password3_4_0_, userwebqui0_.role as role4_4_0_ from user_web_quiz userwebqui0_ where userwebqui0_.id=?
?[0m?[0;34mHibernate: select answer0_.quiz_id as quiz_id1_1_0_, answer0_.answer as answer2_1_0_ from quiz_answer answer0_ where answer0_.quiz_id=?
?[0m?[0;34mHibernate: insert into result (result_id, completed_at, id, userwebquiz_id) values (null, ?, ?, ?)
?[0m?[0;34myour answer is true
?[1;31m
Start test 180?[0m
?[0m?[0;34mHibernate: select userwebqui0_.id as id1_4_, userwebqui0_.email as email2_4_, userwebqui0_.password as password3_4_, userwebqui0_.role as role4_4_ from user_web_quiz userwebqui0_ where userwebqui0_.email=?
?[0m?[0;34mEmail = user@google.com
?[0m?[0;34m[ROLE_USER]
?[0m?[0;34mHibernate: select userwebqui0_.id as id1_4_, userwebqui0_.email as email2_4_, userwebqui0_.password as password3_4_, userwebqui0_.role as role4_4_ from user_web_quiz userwebqui0_ where userwebqui0_.email=?
?[0m?[0;34mHibernate: select quiz0_.id as id1_0_, quiz0_.create_by_user_id as create_b4_0_, quiz0_.text as text2_0_, quiz0_.title as title3_0_ from quiz quiz0_ where quiz0_.id=?
?[0m?[0;34mHibernate: select userwebqui0_.id as id1_4_0_, userwebqui0_.email as email2_4_0_, userwebqui0_.password as password3_4_0_, userwebqui0_.role as role4_4_0_ from user_web_quiz userwebqui0_ where userwebqui0_.id=?
?[0m?[0;34mHibernate: select answer0_.quiz_id as quiz_id1_1_0_, answer0_.answer as answer2_1_0_ from quiz_answer answer0_ where answer0_.quiz_id=?
?[0m?[0;34mHibernate: insert into result (result_id, completed_at, id, userwebquiz_id) values (null, ?, ?, ?)
?[0m?[0;34myour answer is true
?[1;31m
Start test 181?[0m
?[0m?[0;34mHibernate: select userwebqui0_.id as id1_4_, userwebqui0_.email as email2_4_, userwebqui0_.password as password3_4_, userwebqui0_.role as role4_4_ from user_web_quiz userwebqui0_ where userwebqui0_.email=?
?[0m?[0;34mEmail = user@google.com
?[0m?[0;34m[ROLE_USER]
?[0m?[0;34mHibernate: select userwebqui0_.id as id1_4_, userwebqui0_.email as email2_4_, userwebqui0_.password as password3_4_, userwebqui0_.role as role4_4_ from user_web_quiz userwebqui0_ where userwebqui0_.email=?
?[0m?[0;34mHibernate: select quiz0_.id as id1_0_, quiz0_.create_by_user_id as create_b4_0_, quiz0_.text as text2_0_, quiz0_.title as title3_0_ from quiz quiz0_ where quiz0_.id=?
?[0m?[0;34mHibernate: select userwebqui0_.id as id1_4_0_, userwebqui0_.email as email2_4_0_, userwebqui0_.password as password3_4_0_, userwebqui0_.role as role4_4_0_ from user_web_quiz userwebqui0_ where userwebqui0_.id=?
?[0m?[0;34mHibernate: select answer0_.quiz_id as quiz_id1_1_0_, answer0_.answer as answer2_1_0_ from quiz_answer answer0_ where answer0_.quiz_id=?
?[0m?[0;34mHibernate: insert into result (result_id, completed_at, id, userwebquiz_id) values (null, ?, ?, ?)
?[0m?[0;34myour answer is true
?[1;31m
Start test 182?[0m
?[0m?[0;34mHibernate: select userwebqui0_.id as id1_4_, userwebqui0_.email as email2_4_, userwebqui0_.password as password3_4_, userwebqui0_.role as role4_4_ from user_web_quiz userwebqui0_ where userwebqui0_.email=?
?[0m?[0;34mEmail = user@google.com
?[0m?[0;34m[ROLE_USER]
?[0m?[0;34mHibernate: select userwebqui0_.id as id1_4_, userwebqui0_.email as email2_4_, userwebqui0_.password as password3_4_, userwebqui0_.role as role4_4_ from user_web_quiz userwebqui0_ where userwebqui0_.email=?
?[0m?[0;34mHibernate: select quiz0_.id as id1_0_, quiz0_.create_by_user_id as create_b4_0_, quiz0_.text as text2_0_, quiz0_.title as title3_0_ from quiz quiz0_ where quiz0_.id=?
?[0m?[0;34mHibernate: select userwebqui0_.id as id1_4_0_, userwebqui0_.email as email2_4_0_, userwebqui0_.password as password3_4_0_, userwebqui0_.role as role4_4_0_ from user_web_quiz userwebqui0_ where userwebqui0_.id=?
?[0m?[0;34mHibernate: select answer0_.quiz_id as quiz_id1_1_0_, answer0_.answer as answer2_1_0_ from quiz_answer answer0_ where answer0_.quiz_id=?
?[0m?[0;34mHibernate: insert into result (result_id, completed_at, id, userwebquiz_id) values (null, ?, ?, ?)
?[0m?[0;34myour answer is true
?[1;31m
Start test 183?[0m
?[0m?[0;34mHibernate: select userwebqui0_.id as id1_4_, userwebqui0_.email as email2_4_, userwebqui0_.password as password3_4_, userwebqui0_.role as role4_4_ from user_web_quiz userwebqui0_ where userwebqui0_.email=?
?[0m?[0;34mEmail = user@google.com
?[0m?[0;34m[ROLE_USER]
?[0m?[0;34mHibernate: select userwebqui0_.id as id1_4_, userwebqui0_.email as email2_4_, userwebqui0_.password as password3_4_, userwebqui0_.role as role4_4_ from user_web_quiz userwebqui0_ where userwebqui0_.email=?
?[0m?[0;34mHibernate: select quiz0_.id as id1_0_, quiz0_.create_by_user_id as create_b4_0_, quiz0_.text as text2_0_, quiz0_.title as title3_0_ from quiz quiz0_ where quiz0_.id=?
?[0m?[0;34mHibernate: select userwebqui0_.id as id1_4_0_, userwebqui0_.email as email2_4_0_, userwebqui0_.password as password3_4_0_, userwebqui0_.role as role4_4_0_ from user_web_quiz userwebqui0_ where userwebqui0_.id=?
?[0m?[0;34mHibernate: select answer0_.quiz_id as quiz_id1_1_0_, answer0_.answer as answer2_1_0_ from quiz_answer answer0_ where answer0_.quiz_id=?
?[0m?[0;34mHibernate: insert into result (result_id, completed_at, id, userwebquiz_id) values (null, ?, ?, ?)
?[0m?[0;34myour answer is true
?[1;31m
Start test 184?[0m
?[0m?[0;34mHibernate: select userwebqui0_.id as id1_4_, userwebqui0_.email as email2_4_, userwebqui0_.password as password3_4_, userwebqui0_.role as role4_4_ from user_web_quiz userwebqui0_ where userwebqui0_.email=?
?[0m?[0;34mEmail = test@google.com
?[0m?[0;34m[ROLE_USER]
?[0m?[0;34mHibernate: select userwebqui0_.id as id1_4_, userwebqui0_.email as email2_4_, userwebqui0_.password as password3_4_, userwebqui0_.role as role4_4_ from user_web_quiz userwebqui0_ where userwebqui0_.email=?
?[0m?[0;34mHibernate: select result0_.result_id as result_i1_3_, result0_.completed_at as complete2_3_, result0_.id as id3_3_, result0_.userwebquiz_id as userwebq4_3_ from result result0_ where result0_.userwebquiz_id=? order by result0_.completed_at desc limit ?
?[0m?[0;34mHibernate: select count(result0_.result_id) as col_0_0_ from result result0_ where result0_.userwebquiz_id=?
?[0m?[0;34mcreating page
?[1;31m
Start test 185?[0m
?[0m?[0;34mHibernate: select userwebqui0_.id as id1_4_, userwebqui0_.email as email2_4_, userwebqui0_.password as password3_4_, userwebqui0_.role as role4_4_ from user_web_quiz userwebqui0_ where userwebqui0_.email=?
?[0m?[0;34mEmail = test@google.com
?[0m?[0;34m[ROLE_USER]
?[0m?[0;34mHibernate: select userwebqui0_.id as id1_4_, userwebqui0_.email as email2_4_, userwebqui0_.password as password3_4_, userwebqui0_.role as role4_4_ from user_web_quiz userwebqui0_ where userwebqui0_.email=?
?[0m?[0;34mHibernate: select result0_.result_id as result_i1_3_, result0_.completed_at as complete2_3_, result0_.id as id3_3_, result0_.userwebquiz_id as userwebq4_3_ from result result0_ where result0_.userwebquiz_id=? order by result0_.completed_at desc limit ?
?[0m?[0;34mHibernate: select count(result0_.result_id) as col_0_0_ from result result0_ where result0_.userwebquiz_id=?
?[0m?[0;34mcreating page
?[1;31m
Start test 186?[0m
?[0m?[0;34mHibernate: select userwebqui0_.id as id1_4_, userwebqui0_.email as email2_4_, userwebqui0_.password as password3_4_, userwebqui0_.role as role4_4_ from user_web_quiz userwebqui0_ where userwebqui0_.email=?
?[0m?[0;34mEmail = test@google.com
?[0m?[0;34m[ROLE_USER]
?[0m?[0;34mHibernate: select userwebqui0_.id as id1_4_, userwebqui0_.email as email2_4_, userwebqui0_.password as password3_4_, userwebqui0_.role as role4_4_ from user_web_quiz userwebqui0_ where userwebqui0_.email=?
?[0m?[0;34mHibernate: select result0_.result_id as result_i1_3_, result0_.completed_at as complete2_3_, result0_.id as id3_3_, result0_.userwebquiz_id as userwebq4_3_ from result result0_ where result0_.userwebquiz_id=? order by result0_.completed_at desc limit ?
?[0m?[0;34mHibernate: select count(result0_.result_id) as col_0_0_ from result result0_ where result0_.userwebquiz_id=?
?[0m?[0;34mcreating page
?[1;31m
Start test 187?[0m
?[0m?[0;34mHibernate: select userwebqui0_.id as id1_4_, userwebqui0_.email as email2_4_, userwebqui0_.password as password3_4_, userwebqui0_.role as role4_4_ from user_web_quiz userwebqui0_ where userwebqui0_.email=?
?[0m?[0;34mEmail = test@google.com
?[0m?[0;34m[ROLE_USER]
?[0m?[0;34mHibernate: select userwebqui0_.id as id1_4_, userwebqui0_.email as email2_4_, userwebqui0_.password as password3_4_, userwebqui0_.role as role4_4_ from user_web_quiz userwebqui0_ where userwebqui0_.email=?
?[0m?[0;34mHibernate: select result0_.result_id as result_i1_3_, result0_.completed_at as complete2_3_, result0_.id as id3_3_, result0_.userwebquiz_id as userwebq4_3_ from result result0_ where result0_.userwebquiz_id=? order by result0_.completed_at desc limit ?
?[0m?[0;34mHibernate: select count(result0_.result_id) as col_0_0_ from result result0_ where result0_.userwebquiz_id=?
?[0m?[0;34mcreating page
?[1;31m
Start test 188?[0m
?[0m?[0;34mHibernate: select userwebqui0_.id as id1_4_, userwebqui0_.email as email2_4_, userwebqui0_.password as password3_4_, userwebqui0_.role as role4_4_ from user_web_quiz userwebqui0_ where userwebqui0_.email=?
?[0m?[0;34mEmail = test@google.com
?[0m?[0;34m[ROLE_USER]
?[0m?[0;34mHibernate: select userwebqui0_.id as id1_4_, userwebqui0_.email as email2_4_, userwebqui0_.password as password3_4_, userwebqui0_.role as role4_4_ from user_web_quiz userwebqui0_ where userwebqui0_.email=?
?[0m?[0;34mHibernate: select result0_.result_id as result_i1_3_, result0_.completed_at as complete2_3_, result0_.id as id3_3_, result0_.userwebquiz_id as userwebq4_3_ from result result0_ where result0_.userwebquiz_id=? order by result0_.completed_at desc limit ?
?[0m?[0;34mHibernate: select count(result0_.result_id) as col_0_0_ from result result0_ where result0_.userwebquiz_id=?
?[0m?[0;34mcreating page
?[1;31m
Start test 189?[0m
?[0m?[0;34mHibernate: select userwebqui0_.id as id1_4_, userwebqui0_.email as email2_4_, userwebqui0_.password as password3_4_, userwebqui0_.role as role4_4_ from user_web_quiz userwebqui0_ where userwebqui0_.email=?
?[0m?[0;34mEmail = test@google.com
?[0m?[0;34m[ROLE_USER]
?[0m?[0;34mHibernate: select userwebqui0_.id as id1_4_, userwebqui0_.email as email2_4_, userwebqui0_.password as password3_4_, userwebqui0_.role as role4_4_ from user_web_quiz userwebqui0_ where userwebqui0_.email=?
?[0m?[0;34mHibernate: select result0_.result_id as result_i1_3_, result0_.completed_at as complete2_3_, result0_.id as id3_3_, result0_.userwebquiz_id as userwebq4_3_ from result result0_ where result0_.userwebquiz_id=? order by result0_.completed_at desc limit ?
?[0m?[0;34mHibernate: select count(result0_.result_id) as col_0_0_ from result result0_ where result0_.userwebquiz_id=?
?[0m?[0;34mcreating page
?[1;31m
Start test 190?[0m
?[0m?[0;34mHibernate: select userwebqui0_.id as id1_4_, userwebqui0_.email as email2_4_, userwebqui0_.password as password3_4_, userwebqui0_.role as role4_4_ from user_web_quiz userwebqui0_ where userwebqui0_.email=?
?[0m?[0;34mEmail = test@google.com
?[0m?[0;34m[ROLE_USER]
?[0m?[0;34mHibernate: select userwebqui0_.id as id1_4_, userwebqui0_.email as email2_4_, userwebqui0_.password as password3_4_, userwebqui0_.role as role4_4_ from user_web_quiz userwebqui0_ where userwebqui0_.email=?
?[0m?[0;34mHibernate: select result0_.result_id as result_i1_3_, result0_.completed_at as complete2_3_, result0_.id as id3_3_, result0_.userwebquiz_id as userwebq4_3_ from result result0_ where result0_.userwebquiz_id=? order by result0_.completed_at desc limit ? offset ?
?[0m?[0;34mcreating page
?[1;31m
Start test 191?[0m
?[0m?[0;34mHibernate: select userwebqui0_.id as id1_4_, userwebqui0_.email as email2_4_, userwebqui0_.password as password3_4_, userwebqui0_.role as role4_4_ from user_web_quiz userwebqui0_ where userwebqui0_.email=?
?[0m?[0;34mEmail = user@google.com
?[0m?[0;34m[ROLE_USER]
?[0m?[0;34mHibernate: select userwebqui0_.id as id1_4_, userwebqui0_.email as email2_4_, userwebqui0_.password as password3_4_, userwebqui0_.role as role4_4_ from user_web_quiz userwebqui0_ where userwebqui0_.email=?
?[0m?[0;34mHibernate: select result0_.result_id as result_i1_3_, result0_.completed_at as complete2_3_, result0_.id as id3_3_, result0_.userwebquiz_id as userwebq4_3_ from result result0_ where result0_.userwebquiz_id=? order by result0_.completed_at desc limit ?
?[0m?[0;34mHibernate: select count(result0_.result_id) as col_0_0_ from result result0_ where result0_.userwebquiz_id=?
?[0m?[0;34mcreating page
?[1;31m
Start test 192?[0m
?[0m?[0;34mHibernate: select userwebqui0_.id as id1_4_, userwebqui0_.email as email2_4_, userwebqui0_.password as password3_4_, userwebqui0_.role as role4_4_ from user_web_quiz userwebqui0_ where userwebqui0_.email=?
?[0m?[0;34mEmail = user@google.com
?[0m?[0;34m[ROLE_USER]
?[0m?[0;34mHibernate: select userwebqui0_.id as id1_4_, userwebqui0_.email as email2_4_, userwebqui0_.password as password3_4_, userwebqui0_.role as role4_4_ from user_web_quiz userwebqui0_ where userwebqui0_.email=?
?[0m?[0;34mHibernate: select result0_.result_id as result_i1_3_, result0_.completed_at as complete2_3_, result0_.id as id3_3_, result0_.userwebquiz_id as userwebq4_3_ from result result0_ where result0_.userwebquiz_id=? order by result0_.completed_at desc limit ?
?[0m?[0;34mHibernate: select count(result0_.result_id) as col_0_0_ from result result0_ where result0_.userwebquiz_id=?
?[0m?[0;34mcreating page
?[1;31m
Start test 193?[0m
?[0m?[0;34mHibernate: select userwebqui0_.id as id1_4_, userwebqui0_.email as email2_4_, userwebqui0_.password as password3_4_, userwebqui0_.role as role4_4_ from user_web_quiz userwebqui0_ where userwebqui0_.email=?
?[0m?[0;34mEmail = user@google.com
?[0m?[0;34m[ROLE_USER]
?[0m?[0;34mHibernate: select userwebqui0_.id as id1_4_, userwebqui0_.email as email2_4_, userwebqui0_.password as password3_4_, userwebqui0_.role as role4_4_ from user_web_quiz userwebqui0_ where userwebqui0_.email=?
?[0m?[0;34mHibernate: select result0_.result_id as result_i1_3_, result0_.completed_at as complete2_3_, result0_.id as id3_3_, result0_.userwebquiz_id as userwebq4_3_ from result result0_ where result0_.userwebquiz_id=? order by result0_.completed_at desc limit ?
?[0m?[0;34mHibernate: select count(result0_.result_id) as col_0_0_ from result result0_ where result0_.userwebquiz_id=?
?[0m?[0;34mcreating page
?[1;31m
Start test 194?[0m
?[0m?[0;34mHibernate: select userwebqui0_.id as id1_4_, userwebqui0_.email as email2_4_, userwebqui0_.password as password3_4_, userwebqui0_.role as role4_4_ from user_web_quiz userwebqui0_ where userwebqui0_.email=?
?[0m?[0;34mEmail = user@google.com
?[0m?[0;34m[ROLE_USER]
?[0m?[0;34mHibernate: select userwebqui0_.id as id1_4_, userwebqui0_.email as email2_4_, userwebqui0_.password as password3_4_, userwebqui0_.role as role4_4_ from user_web_quiz userwebqui0_ where userwebqui0_.email=?
?[0m?[0;34mHibernate: select result0_.result_id as result_i1_3_, result0_.completed_at as complete2_3_, result0_.id as id3_3_, result0_.userwebquiz_id as userwebq4_3_ from result result0_ where result0_.userwebquiz_id=? order by result0_.completed_at desc limit ?
?[0m?[0;34mHibernate: select count(result0_.result_id) as col_0_0_ from result result0_ where result0_.userwebquiz_id=?
?[0m?[0;34mcreating page
?[1;31m
Start test 195?[0m
?[0m?[0;34mHibernate: select userwebqui0_.id as id1_4_, userwebqui0_.email as email2_4_, userwebqui0_.password as password3_4_, userwebqui0_.role as role4_4_ from user_web_quiz userwebqui0_ where userwebqui0_.email=?
?[0m?[0;34mEmail = user@google.com
?[0m?[0;34m[ROLE_USER]
?[0m?[0;34mHibernate: select userwebqui0_.id as id1_4_, userwebqui0_.email as email2_4_, userwebqui0_.password as password3_4_, userwebqui0_.role as role4_4_ from user_web_quiz userwebqui0_ where userwebqui0_.email=?
?[0m?[0;34mHibernate: select result0_.result_id as result_i1_3_, result0_.completed_at as complete2_3_, result0_.id as id3_3_, result0_.userwebquiz_id as userwebq4_3_ from result result0_ where result0_.userwebquiz_id=? order by result0_.completed_at desc limit ?
?[0m?[0;34mHibernate: select count(result0_.result_id) as col_0_0_ from result result0_ where result0_.userwebquiz_id=?
?[0m?[0;34mcreating page
?[1;31m
Start test 196?[0m
?[0m?[0;34mHibernate: select userwebqui0_.id as id1_4_, userwebqui0_.email as email2_4_, userwebqui0_.password as password3_4_, userwebqui0_.role as role4_4_ from user_web_quiz userwebqui0_ where userwebqui0_.email=?
?[0m?[0;34mEmail = user@google.com
?[0m?[0;34m[ROLE_USER]
?[0m?[0;34mHibernate: select userwebqui0_.id as id1_4_, userwebqui0_.email as email2_4_, userwebqui0_.password as password3_4_, userwebqui0_.role as role4_4_ from user_web_quiz userwebqui0_ where userwebqui0_.email=?
?[0m?[0;34mHibernate: select result0_.result_id as result_i1_3_, result0_.completed_at as complete2_3_, result0_.id as id3_3_, result0_.userwebquiz_id as userwebq4_3_ from result result0_ where result0_.userwebquiz_id=? order by result0_.completed_at desc limit ?
?[0m?[0;34mHibernate: select count(result0_.result_id) as col_0_0_ from result result0_ where result0_.userwebquiz_id=?
?[0m?[0;34mcreating page
?[1;31m
Start test 197?[0m
?[0m?[0;34mHibernate: select userwebqui0_.id as id1_4_, userwebqui0_.email as email2_4_, userwebqui0_.password as password3_4_, userwebqui0_.role as role4_4_ from user_web_quiz userwebqui0_ where userwebqui0_.email=?
?[0m?[0;34mEmail = user@google.com
?[0m?[0;34m[ROLE_USER]
?[0m?[0;34mHibernate: select userwebqui0_.id as id1_4_, userwebqui0_.email as email2_4_, userwebqui0_.password as password3_4_, userwebqui0_.role as role4_4_ from user_web_quiz userwebqui0_ where userwebqui0_.email=?
?[0m?[0;34mHibernate: select result0_.result_id as result_i1_3_, result0_.completed_at as complete2_3_, result0_.id as id3_3_, result0_.userwebquiz_id as userwebq4_3_ from result result0_ where result0_.userwebquiz_id=? order by result0_.completed_at desc limit ? offset ?
?[0m?[0;34mcreating page
?[1;31m
Start test 198?[0m
?[0m?[0;34mHibernate: select userwebqui0_.id as id1_4_, userwebqui0_.email as email2_4_, userwebqui0_.password as password3_4_, userwebqui0_.role as role4_4_ from user_web_quiz userwebqui0_ where userwebqui0_.email=?
?[0m?[0;34mEmail = user@google.com
?[0m?[0;34m[ROLE_USER]
?[0m?[0;34mHibernate: select userwebqui0_.id as id1_4_, userwebqui0_.email as email2_4_, userwebqui0_.password as password3_4_, userwebqui0_.role as role4_4_ from user_web_quiz userwebqui0_ where userwebqui0_.email=?
?[0m?[0;34mHibernate: select result0_.result_id as result_i1_3_, result0_.completed_at as complete2_3_, result0_.id as id3_3_, result0_.userwebquiz_id as userwebq4_3_ from result result0_ where result0_.userwebquiz_id=? order by result0_.completed_at desc limit ? offset ?
?[0m?[0;34mcreating page
?[1;31m
Start test 199?[0m
?[0m?[0;34mHibernate: select userwebqui0_.id as id1_4_, userwebqui0_.email as email2_4_, userwebqui0_.password as password3_4_, userwebqui0_.role as role4_4_ from user_web_quiz userwebqui0_ where userwebqui0_.email=?
?[0m?[0;34mEmail = test@google.com
?[0m?[0;34m[ROLE_USER]
?[0m?[0;34mHibernate: select userwebqui0_.id as id1_4_, userwebqui0_.email as email2_4_, userwebqui0_.password as password3_4_, userwebqui0_.role as role4_4_ from user_web_quiz userwebqui0_ where userwebqui0_.email=?
?[0m?[0;34mHibernate: select quiz0_.id as id1_0_, quiz0_.create_by_user_id as create_b4_0_, quiz0_.text as text2_0_, quiz0_.title as title3_0_ from quiz quiz0_ where quiz0_.id=?
?[0m?[0;34mdeleting quizId = 1
?[0m?[0;34mHibernate: DELETE FROM result r where r.id = ?
?[0m?[0;34mHibernate: delete from quiz_answer where quiz_id=?
?[0m?[0;34mHibernate: delete from quiz_options where quiz_id=?
?[0m?[0;34mHibernate: delete from quiz where id=?
?[1;31m
Start test 200?[0m
?[0m?[0;34mHibernate: select userwebqui0_.id as id1_4_, userwebqui0_.email as email2_4_, userwebqui0_.password as password3_4_, userwebqui0_.role as role4_4_ from user_web_quiz userwebqui0_ where userwebqui0_.email=?
?[0m?[0;34mEmail = test@google.com
?[0m?[0;34m[ROLE_USER]
?[0m?[0;34mHibernate: select userwebqui0_.id as id1_4_, userwebqui0_.email as email2_4_, userwebqui0_.password as password3_4_, userwebqui0_.role as role4_4_ from user_web_quiz userwebqui0_ where userwebqui0_.email=?
?[0m?[0;34mHibernate: select quiz0_.id as id1_0_, quiz0_.create_by_user_id as create_b4_0_, quiz0_.text as text2_0_, quiz0_.title as title3_0_ from quiz quiz0_ where quiz0_.id=?
?[1;31m
Start test 201?[0m
?[0m?[0;34mHibernate: select userwebqui0_.id as id1_4_, userwebqui0_.email as email2_4_, userwebqui0_.password as password3_4_, userwebqui0_.role as role4_4_ from user_web_quiz userwebqui0_ where userwebqui0_.email=?
?[0m?[0;34mEmail = test@google.com
?[0m?[0;34m[ROLE_USER]
?[0m?[0;34mHibernate: select quiz0_.id as id1_0_, quiz0_.create_by_user_id as create_b4_0_, quiz0_.text as text2_0_, quiz0_.title as title3_0_ from quiz quiz0_ where quiz0_.id=?
?[1;31m
Start test 202?[0m
?[0m?[0;34mHibernate: select userwebqui0_.id as id1_4_, userwebqui0_.email as email2_4_, userwebqui0_.password as password3_4_, userwebqui0_.role as role4_4_ from user_web_quiz userwebqui0_ where userwebqui0_.email=?
?[0m?[0;34mEmail = user@google.com
?[0m?[0;34m[ROLE_USER]
?[0m?[0;34mHibernate: select quiz0_.id as id1_0_, quiz0_.create_by_user_id as create_b4_0_, quiz0_.text as text2_0_, quiz0_.title as title3_0_ from quiz quiz0_ where quiz0_.id=?
?[1;31m
Start test 203?[0m
?[0m?[0;34mHibernate: select userwebqui0_.id as id1_4_, userwebqui0_.email as email2_4_, userwebqui0_.password as password3_4_, userwebqui0_.role as role4_4_ from user_web_quiz userwebqui0_ where userwebqui0_.email=?
?[0m?[0;34mEmail = test@google.com
?[0m?[0;34m[ROLE_USER]
?[0m?[0;34mHibernate: select quiz0_.id as id1_0_, quiz0_.create_by_user_id as create_b4_0_, quiz0_.text as text2_0_, quiz0_.title as title3_0_ from quiz quiz0_ where quiz0_.id=?
?[0m?[0;34mHibernate: select userwebqui0_.id as id1_4_0_, userwebqui0_.email as email2_4_0_, userwebqui0_.password as password3_4_0_, userwebqui0_.role as role4_4_0_ from user_web_quiz userwebqui0_ where userwebqui0_.id=?
?[0m?[0;34mHibernate: select options0_.quiz_id as quiz_id1_2_0_, options0_.options as options2_2_0_ from quiz_options options0_ where options0_.quiz_id=?
?[1;31m
Start test 204?[0m
?[0m?[0;34mHibernate: select userwebqui0_.id as id1_4_, userwebqui0_.email as email2_4_, userwebqui0_.password as password3_4_, userwebqui0_.role as role4_4_ from user_web_quiz userwebqui0_ where userwebqui0_.email=?
?[0m?[0;34mEmail = user@google.com
?[0m?[0;34m[ROLE_USER]
?[0m?[0;34mHibernate: select quiz0_.id as id1_0_, quiz0_.create_by_user_id as create_b4_0_, quiz0_.text as text2_0_, quiz0_.title as title3_0_ from quiz quiz0_ where quiz0_.id=?
?[0m?[0;34mHibernate: select userwebqui0_.id as id1_4_0_, userwebqui0_.email as email2_4_0_, userwebqui0_.password as password3_4_0_, userwebqui0_.role as role4_4_0_ from user_web_quiz userwebqui0_ where userwebqui0_.id=?
?[0m?[0;34mHibernate: select options0_.quiz_id as quiz_id1_2_0_, options0_.options as options2_2_0_ from quiz_options options0_ where options0_.quiz_id=?
?[1;31m
Start test 205?[0m
?[0m?[0;34mHibernate: select userwebqui0_.id as id1_4_, userwebqui0_.email as email2_4_, userwebqui0_.password as password3_4_, userwebqui0_.role as role4_4_ from user_web_quiz userwebqui0_ where userwebqui0_.email=?
?[0m?[0;34mEmail = test@google.com
?[0m?[0;34m[ROLE_USER]
?[0m?[0;34mHibernate: select userwebqui0_.id as id1_4_, userwebqui0_.email as email2_4_, userwebqui0_.password as password3_4_, userwebqui0_.role as role4_4_ from user_web_quiz userwebqui0_ where userwebqui0_.email=?
?[0m?[0;34mHibernate: select quiz0_.id as id1_0_, quiz0_.create_by_user_id as create_b4_0_, quiz0_.text as text2_0_, quiz0_.title as title3_0_ from quiz quiz0_ where quiz0_.id=?
?[0m?[0;34mHibernate: select userwebqui0_.id as id1_4_0_, userwebqui0_.email as email2_4_0_, userwebqui0_.password as password3_4_0_, userwebqui0_.role as role4_4_0_ from user_web_quiz userwebqui0_ where userwebqui0_.id=?
?[1;31m
Start test 206?[0m
?[0m?[0;34mHibernate: select userwebqui0_.id as id1_4_, userwebqui0_.email as email2_4_, userwebqui0_.password as password3_4_, userwebqui0_.role as role4_4_ from user_web_quiz userwebqui0_ where userwebqui0_.email=?
?[0m?[0;34mEmail = test@google.com
?[0m?[0;34m[ROLE_USER]
?[0m?[0;34mHibernate: select userwebqui0_.id as id1_4_, userwebqui0_.email as email2_4_, userwebqui0_.password as password3_4_, userwebqui0_.role as role4_4_ from user_web_quiz userwebqui0_ where userwebqui0_.email=?
?[0m?[0;34mHibernate: select quiz0_.id as id1_0_, quiz0_.create_by_user_id as create_b4_0_, quiz0_.text as text2_0_, quiz0_.title as title3_0_ from quiz quiz0_ where quiz0_.id=?
?[0m?[0;34mHibernate: select userwebqui0_.id as id1_4_0_, userwebqui0_.email as email2_4_0_, userwebqui0_.password as password3_4_0_, userwebqui0_.role as role4_4_0_ from user_web_quiz userwebqui0_ where userwebqui0_.id=?
?[1;31m
Start test 207?[0m
?[0m?[0;34mHibernate: select userwebqui0_.id as id1_4_, userwebqui0_.email as email2_4_, userwebqui0_.password as password3_4_, userwebqui0_.role as role4_4_ from user_web_quiz userwebqui0_ where userwebqui0_.email=?
?[0m?[0;34mEmail = user@google.com
?[0m?[0;34m[ROLE_USER]
?[0m?[0;34mHibernate: select userwebqui0_.id as id1_4_, userwebqui0_.email as email2_4_, userwebqui0_.password as password3_4_, userwebqui0_.role as role4_4_ from user_web_quiz userwebqui0_ where userwebqui0_.email=?
?[0m?[0;34mHibernate: select quiz0_.id as id1_0_, quiz0_.create_by_user_id as create_b4_0_, quiz0_.text as text2_0_, quiz0_.title as title3_0_ from quiz quiz0_ where quiz0_.id=?
?[0m?[0;34mdeleting quizId = 2
?[0m?[0;34mHibernate: DELETE FROM result r where r.id = ?
?[0m?[0;34mHibernate: delete from quiz_answer where quiz_id=?
?[0m?[0;34mHibernate: delete from quiz_options where quiz_id=?
?[0m?[0;34mHibernate: delete from quiz where id=?
?[1;31m
Start test 208?[0m
?[0m?[0;34mHibernate: select userwebqui0_.id as id1_4_, userwebqui0_.email as email2_4_, userwebqui0_.password as password3_4_, userwebqui0_.role as role4_4_ from user_web_quiz userwebqui0_ where userwebqui0_.email=?
?[0m?[0;34mEmail = user@google.com
?[0m?[0;34m[ROLE_USER]
?[0m?[0;34mHibernate: select userwebqui0_.id as id1_4_, userwebqui0_.email as email2_4_, userwebqui0_.password as password3_4_, userwebqui0_.role as role4_4_ from user_web_quiz userwebqui0_ where userwebqui0_.email=?
?[0m?[0;34mHibernate: select quiz0_.id as id1_0_, quiz0_.create_by_user_id as create_b4_0_, quiz0_.text as text2_0_, quiz0_.title as title3_0_ from quiz quiz0_ where quiz0_.id=?
?[1;31m
Start test 209?[0m
?[0m?[0;34mHibernate: select userwebqui0_.id as id1_4_, userwebqui0_.email as email2_4_, userwebqui0_.password as password3_4_, userwebqui0_.role as role4_4_ from user_web_quiz userwebqui0_ where userwebqui0_.email=?
?[0m?[0;34mEmail = test@google.com
?[0m?[0;34m[ROLE_USER]
?[0m?[0;34mHibernate: select userwebqui0_.id as id1_4_, userwebqui0_.email as email2_4_, userwebqui0_.password as password3_4_, userwebqui0_.role as role4_4_ from user_web_quiz userwebqui0_ where userwebqui0_.email=?
?[0m?[0;34mHibernate: select quiz0_.id as id1_0_, quiz0_.create_by_user_id as create_b4_0_, quiz0_.text as text2_0_, quiz0_.title as title3_0_ from quiz quiz0_ where quiz0_.id=?
?[1;31m
Start test 210?[0m
?[0m?[0;34mHibernate: select userwebqui0_.id as id1_4_, userwebqui0_.email as email2_4_, userwebqui0_.password as password3_4_, userwebqui0_.role as role4_4_ from user_web_quiz userwebqui0_ where userwebqui0_.email=?
?[0m?[0;34mEmail = test@google.com
?[0m?[0;34m[ROLE_USER]
?[0m?[0;34mHibernate: select quiz0_.id as id1_0_, quiz0_.create_by_user_id as create_b4_0_, quiz0_.text as text2_0_, quiz0_.title as title3_0_ from quiz quiz0_ where quiz0_.id=?
?[1;31m
Start test 211?[0m
?[0m?[0;34mHibernate: select userwebqui0_.id as id1_4_, userwebqui0_.email as email2_4_, userwebqui0_.password as password3_4_, userwebqui0_.role as role4_4_ from user_web_quiz userwebqui0_ where userwebqui0_.email=?
?[0m?[0;34mEmail = user@google.com
?[0m?[0;34m[ROLE_USER]
?[0m?[0;34mHibernate: select quiz0_.id as id1_0_, quiz0_.create_by_user_id as create_b4_0_, quiz0_.text as text2_0_, quiz0_.title as title3_0_ from quiz quiz0_ where quiz0_.id=?
?[1;31m
Start test 212?[0m
?[0m?[0;34mHibernate: select userwebqui0_.id as id1_4_, userwebqui0_.email as email2_4_, userwebqui0_.password as password3_4_, userwebqui0_.role as role4_4_ from user_web_quiz userwebqui0_ where userwebqui0_.email=?
?[0m?[0;34mEmail = test@google.com
?[0m?[0;34m[ROLE_USER]
?[0m?[0;34mHibernate: select quiz0_.id as id1_0_, quiz0_.create_by_user_id as create_b4_0_, quiz0_.text as text2_0_, quiz0_.title as title3_0_ from quiz quiz0_ where quiz0_.id=?
?[1;31m
Start test 213?[0m
?[0m?[0;34mHibernate: select userwebqui0_.id as id1_4_, userwebqui0_.email as email2_4_, userwebqui0_.password as password3_4_, userwebqui0_.role as role4_4_ from user_web_quiz userwebqui0_ where userwebqui0_.email=?
?[0m?[0;34mEmail = user@google.com
?[0m?[0;34m[ROLE_USER]
?[0m?[0;34mHibernate: select quiz0_.id as id1_0_, quiz0_.create_by_user_id as create_b4_0_, quiz0_.text as text2_0_, quiz0_.title as title3_0_ from quiz quiz0_ where quiz0_.id=?
?[1;31m
Start test 214?[0m
?[0m?[0;34mHibernate: select userwebqui0_.id as id1_4_, userwebqui0_.email as email2_4_, userwebqui0_.password as password3_4_, userwebqui0_.role as role4_4_ from user_web_quiz userwebqui0_ where userwebqui0_.email=?
?[0m?[0;34mEmail = test@google.com
?[0m?[0;34m[ROLE_USER]
?[0m?[0;34mHibernate: select quiz0_.id as id1_0_, quiz0_.create_by_user_id as create_b4_0_, quiz0_.text as text2_0_, quiz0_.title as title3_0_ from quiz quiz0_ limit ?
?[0m?[0;34mHibernate: select userwebqui0_.id as id1_4_0_, userwebqui0_.email as email2_4_0_, userwebqui0_.password as password3_4_0_, userwebqui0_.role as role4_4_0_ from user_web_quiz userwebqui0_ where userwebqui0_.id=?
?[0m?[0;34mHibernate: select options0_.quiz_id as quiz_id1_2_0_, options0_.options as options2_2_0_ from quiz_options options0_ where options0_.quiz_id=?
?[0m?[0;34mHibernate: select options0_.quiz_id as quiz_id1_2_0_, options0_.options as options2_2_0_ from quiz_options options0_ where options0_.quiz_id=?
?[0m?[0;34mHibernate: select options0_.quiz_id as quiz_id1_2_0_, options0_.options as options2_2_0_ from quiz_options options0_ where options0_.quiz_id=?
?[0m?[0;34mHibernate: select options0_.quiz_id as quiz_id1_2_0_, options0_.options as options2_2_0_ from quiz_options options0_ where options0_.quiz_id=?
?[0m?[0;34mHibernate: select options0_.quiz_id as quiz_id1_2_0_, options0_.options as options2_2_0_ from quiz_options options0_ where options0_.quiz_id=?
?[1;31m
Start test 215?[0m
?[0;34m2022-11-06 15:51:10.562  INFO 18592 --- [       Thread-9] j.LocalContainerEntityManagerFactoryBean : Closing JPA EntityManagerFactory for persistence unit 'default'
?[0m?[0;34m2022-11-06 15:51:10.563  INFO 18592 --- [       Thread-9] com.zaxxer.hikari.HikariDataSource       : HikariPool-3 - Shutdown initiated...
?[0m?[0;34m2022-11-06 15:51:11.036  INFO 18592 --- [       Thread-9] com.zaxxer.hikari.HikariDataSource       : HikariPool-3 - Shutdown completed.
?[0;34m
?[0m?[0;34m  .   ____          _            __ _ _
?[0m?[0;34m /\\ / ___'_ __ _ _(_)_ __  __ _ \ \ \ \
?[0m?[0;34m( ( )\___ | '_ | '_| | '_ \/ _` | \ \ \ \
?[0m?[0;34m \\/  ___)| |_)| | | | | || (_| |  ) ) ) )
?[0m?[0;34m  '  |____| .__|_| |_|_| |_\__, | / / / /
?[0m?[0;34m =========|_|==============|___/=/_/_/_/
?[0m?[0;34m :: Spring Boot ::                (v2.5.6)
?[0m?[0;34m
?[0m?[0;34m2022-11-06 15:51:20.995  INFO 18592 --- [    Test worker] engine.WebQuizEngine                     : Starting WebQuizEngine using Java 17.0.4.1 on DESKTOP-87JLN8B with PID 18592 (started by Admin in D:\HyperSkill\Web Quiz Engine\Web Quiz Engine\task)
?[0m?[0;34m2022-11-06 15:51:20.995  INFO 18592 --- [    Test worker] engine.WebQuizEngine                     : No active profile set, falling back to default profiles: default
?[0m?[0;34m2022-11-06 15:51:21.174  INFO 18592 --- [    Test worker] .s.d.r.c.RepositoryConfigurationDelegate : Bootstrapping Spring Data JPA repositories in DEFAULT mode.
?[0m?[0;34m2022-11-06 15:51:21.180  INFO 18592 --- [    Test worker] .s.d.r.c.RepositoryConfigurationDelegate : Finished Spring Data repository scanning in 5 ms. Found 3 JPA repository interfaces.
?[0m?[0;34m2022-11-06 15:51:21.235  INFO 18592 --- [    Test worker] o.s.b.w.embedded.tomcat.TomcatWebServer  : Tomcat initialized with port(s): 8889 (http)
?[0m?[0;34m2022-11-06 15:51:21.236  INFO 18592 --- [    Test worker] o.apache.catalina.core.StandardService   : Starting service [Tomcat]
?[0m?[0;34m2022-11-06 15:51:21.237  INFO 18592 --- [    Test worker] org.apache.catalina.core.StandardEngine  : Starting Servlet engine: [Apache Tomcat/9.0.54]
?[0m?[0;34m2022-11-06 15:51:21.259  INFO 18592 --- [    Test worker] o.a.c.c.C.[Tomcat].[localhost].[/]       : Initializing Spring embedded WebApplicationContext
?[0m?[0;34m2022-11-06 15:51:21.259  INFO 18592 --- [    Test worker] w.s.c.ServletWebServerApplicationContext : Root WebApplicationContext: initialization completed in 263 ms
?[0m?[0;34m2022-11-06 15:51:21.285  INFO 18592 --- [    Test worker] com.zaxxer.hikari.HikariDataSource       : HikariPool-4 - Starting...
?[0m?[0;34m2022-11-06 15:51:21.289  INFO 18592 --- [    Test worker] com.zaxxer.hikari.HikariDataSource       : HikariPool-4 - Start completed.
?[0m?[0;34m2022-11-06 15:51:21.290  INFO 18592 --- [    Test worker] o.s.b.a.h2.H2ConsoleAutoConfiguration    : H2 console available at '/h2-console'. Database available at 'jdbc:h2:file:D:/HyperSkill/Web Quiz Engine/Web Quiz Engine/task/src/db/quizdb'
?[0m?[0;34m2022-11-06 15:51:21.321  INFO 18592 --- [    Test worker] o.hibernate.jpa.internal.util.LogHelper  : HHH000204: Processing PersistenceUnitInfo [name: default]
?[0m?[0;34m2022-11-06 15:51:21.326  INFO 18592 --- [    Test worker] org.hibernate.dialect.Dialect            : HHH000400: Using dialect: org.hibernate.dialect.H2Dialect
?[0m?[0;34m2022-11-06 15:51:21.381  INFO 18592 --- [    Test worker] o.h.e.t.j.p.i.JtaPlatformInitiator       : HHH000490: Using JtaPlatform implementation: [org.hibernate.engine.transaction.jta.platform.internal.NoJtaPlatform]
?[0m?[0;34m2022-11-06 15:51:21.382  INFO 18592 --- [    Test worker] j.LocalContainerEntityManagerFactoryBean : Initialized JPA EntityManagerFactory for persistence unit 'default'
?[0m?[0;34m2022-11-06 15:51:21.465  WARN 18592 --- [    Test worker] JpaBaseConfiguration$JpaWebConfiguration : spring.jpa.open-in-view is enabled by default. Therefore, database queries may be performed during view rendering. Explicitly configure spring.jpa.open-in-view to disable this warning
?[0m?[0;34m2022-11-06 15:51:21.530  INFO 18592 --- [    Test worker] o.s.b.a.e.web.EndpointLinksResolver      : Exposing 14 endpoint(s) beneath base path '/actuator'
?[0m?[0;34m2022-11-06 15:51:21.539  INFO 18592 --- [    Test worker] o.s.s.web.DefaultSecurityFilterChain     : Will secure any request with [org.springframework.security.web.context.request.async.WebAsyncManagerIntegrationFilter@78571a17, org.springframework.security.web.context.SecurityContextPersistenceFilter@43ee4942, org.springframework.security.web.header.HeaderWriterFilter@fa200ab, org.springframework.security.web.authentication.logout.LogoutFilter@312eb, org.springframework.security.web.authentication.www.BasicAuthenticationFilter@4c902a72, org.springframework.security.web.savedrequest.RequestCacheAwareFilter@a6e0e5f, org.springframework.security.web.servletapi.SecurityContextHolderAwareRequestFilter@15d6f0e1, org.springframework.security.web.authentication.AnonymousAuthenticationFilter@6434d49e, org.springframework.security.web.session.SessionManagementFilter@5e9f4f76, org.springframework.security.web.access.ExceptionTranslationFilter@1c7aa676, org.springframework.security.web.access.intercept.FilterSecurityInterceptor@14d294f4]
?[0m?[0;34m2022-11-06 15:51:21.605  INFO 18592 --- [    Test worker] o.s.b.w.embedded.tomcat.TomcatWebServer  : Tomcat started on port(s): 8889 (http) with context path ''
?[0m?[0;34m2022-11-06 15:51:21.611  INFO 18592 --- [    Test worker] engine.WebQuizEngine                     : Started WebQuizEngine in 0.634 seconds (JVM running for 813.563)
?[0m?[1;31m
Start test 216?[0m
?[0;34m2022-11-06 15:51:21.615  INFO 18592 --- [nio-8889-exec-1] o.a.c.c.C.[Tomcat].[localhost].[/]       : Initializing Spring DispatcherServlet 'dispatcherServlet'
?[0m?[0;34m2022-11-06 15:51:21.616  INFO 18592 --- [nio-8889-exec-1] o.s.web.servlet.DispatcherServlet        : Initializing Servlet 'dispatcherServlet'
?[0m?[0;34m2022-11-06 15:51:21.617  INFO 18592 --- [nio-8889-exec-1] o.s.web.servlet.DispatcherServlet        : Completed initialization in 1 ms
?[0m?[0;34mHibernate: select userwebqui0_.id as id1_4_, userwebqui0_.email as email2_4_, userwebqui0_.password as password3_4_, userwebqui0_.role as role4_4_ from user_web_quiz userwebqui0_ where userwebqui0_.email=?
?[0m?[0;34mEmail = user@google.com
?[0m?[0;34m[ROLE_USER]
?[0m?[0;34mHibernate: select quiz0_.id as id1_0_, quiz0_.create_by_user_id as create_b4_0_, quiz0_.text as text2_0_, quiz0_.title as title3_0_ from quiz quiz0_ limit ?
?[0m?[0;34mHibernate: select userwebqui0_.id as id1_4_0_, userwebqui0_.email as email2_4_0_, userwebqui0_.password as password3_4_0_, userwebqui0_.role as role4_4_0_ from user_web_quiz userwebqui0_ where userwebqui0_.id=?
?[0m?[0;34mHibernate: select options0_.quiz_id as quiz_id1_2_0_, options0_.options as options2_2_0_ from quiz_options options0_ where options0_.quiz_id=?
?[0m?[0;34mHibernate: select options0_.quiz_id as quiz_id1_2_0_, options0_.options as options2_2_0_ from quiz_options options0_ where options0_.quiz_id=?
?[0m?[0;34mHibernate: select options0_.quiz_id as quiz_id1_2_0_, options0_.options as options2_2_0_ from quiz_options options0_ where options0_.quiz_id=?
?[0m?[0;34mHibernate: select options0_.quiz_id as quiz_id1_2_0_, options0_.options as options2_2_0_ from quiz_options options0_ where options0_.quiz_id=?
?[0m?[0;34mHibernate: select options0_.quiz_id as quiz_id1_2_0_, options0_.options as options2_2_0_ from quiz_options options0_ where options0_.quiz_id=?
?[1;31m
Start test 217?[0m
?[0;34mHibernate: select userwebqui0_.id as id1_4_, userwebqui0_.email as email2_4_, userwebqui0_.password as password3_4_, userwebqui0_.role as role4_4_ from user_web_quiz userwebqui0_ where userwebqui0_.email=?
?[0m?[0;34mEmail = test@google.com
?[0m?[0;34m[ROLE_USER]
?[0m?[0;34mHibernate: select quiz0_.id as id1_0_, quiz0_.create_by_user_id as create_b4_0_, quiz0_.text as text2_0_, quiz0_.title as title3_0_ from quiz quiz0_ where quiz0_.id=?
?[1;31m
Start test 218?[0m
?[0;34mHibernate: select userwebqui0_.id as id1_4_, userwebqui0_.email as email2_4_, userwebqui0_.password as password3_4_, userwebqui0_.role as role4_4_ from user_web_quiz userwebqui0_ where userwebqui0_.email=?
?[0m?[0;34mEmail = user@google.com
?[0m?[0;34m[ROLE_USER]
?[0m?[0;34mHibernate: select quiz0_.id as id1_0_, quiz0_.create_by_user_id as create_b4_0_, quiz0_.text as text2_0_, quiz0_.title as title3_0_ from quiz quiz0_ where quiz0_.id=?
?[1;31m
Start test 219?[0m
?[0;34mHibernate: select userwebqui0_.id as id1_4_, userwebqui0_.email as email2_4_, userwebqui0_.password as password3_4_, userwebqui0_.role as role4_4_ from user_web_quiz userwebqui0_ where userwebqui0_.email=?
?[0m?[0;34mEmail = test@google.com
?[0m?[0;34m[ROLE_USER]
?[0m?[0;34mHibernate: select quiz0_.id as id1_0_, quiz0_.create_by_user_id as create_b4_0_, quiz0_.text as text2_0_, quiz0_.title as title3_0_ from quiz quiz0_ where quiz0_.id=?
?[1;31m
Start test 220?[0m
?[0;34mHibernate: select userwebqui0_.id as id1_4_, userwebqui0_.email as email2_4_, userwebqui0_.password as password3_4_, userwebqui0_.role as role4_4_ from user_web_quiz userwebqui0_ where userwebqui0_.email=?
?[0m?[0;34mEmail = user@google.com
?[0m?[0;34m[ROLE_USER]
?[0m?[0;34mHibernate: select quiz0_.id as id1_0_, quiz0_.create_by_user_id as create_b4_0_, quiz0_.text as text2_0_, quiz0_.title as title3_0_ from quiz quiz0_ where quiz0_.id=?
?[1;31m
Start test 221?[0m
?[0;34mHibernate: select userwebqui0_.id as id1_4_, userwebqui0_.email as email2_4_, userwebqui0_.password as password3_4_, userwebqui0_.role as role4_4_ from user_web_quiz userwebqui0_ where userwebqui0_.email=?
?[0m?[0;34mEmail = test@google.com
?[0m?[0;34m[ROLE_USER]
?[0m?[0;34mHibernate: select userwebqui0_.id as id1_4_, userwebqui0_.email as email2_4_, userwebqui0_.password as password3_4_, userwebqui0_.role as role4_4_ from user_web_quiz userwebqui0_ where userwebqui0_.email=?
?[0m?[0;34mHibernate: insert into quiz (id, create_by_user_id, text, title) values (null, ?, ?, ?)
?[0m?[0;34mHibernate: insert into quiz_answer (quiz_id, answer) values (?, ?)
?[0m?[0;34mHibernate: insert into quiz_answer (quiz_id, answer) values (?, ?)
?[0m?[0;34mHibernate: insert into quiz_answer (quiz_id, answer) values (?, ?)
?[0m?[0;34mHibernate: insert into quiz_options (quiz_id, options) values (?, ?)
?[0m?[0;34mHibernate: insert into quiz_options (quiz_id, options) values (?, ?)
?[0m?[0;34mHibernate: insert into quiz_options (quiz_id, options) values (?, ?)
?[0m?[0;34mHibernate: insert into quiz_options (quiz_id, options) values (?, ?)
?[1;31m
Start test 222?[0m
?[0m?[0;34mHibernate: select userwebqui0_.id as id1_4_, userwebqui0_.email as email2_4_, userwebqui0_.password as password3_4_, userwebqui0_.role as role4_4_ from user_web_quiz userwebqui0_ where userwebqui0_.email=?
?[0m?[0;34mEmail = user@google.com
?[0m?[0;34m[ROLE_USER]
?[0m?[0;34mHibernate: select userwebqui0_.id as id1_4_, userwebqui0_.email as email2_4_, userwebqui0_.password as password3_4_, userwebqui0_.role as role4_4_ from user_web_quiz userwebqui0_ where userwebqui0_.email=?
?[0m?[0;34mHibernate: insert into quiz (id, create_by_user_id, text, title) values (null, ?, ?, ?)
?[0m?[0;34mHibernate: insert into quiz_answer (quiz_id, answer) values (?, ?)
?[0m?[0;34mHibernate: insert into quiz_answer (quiz_id, answer) values (?, ?)
?[0m?[0;34mHibernate: insert into quiz_answer (quiz_id, answer) values (?, ?)
?[0m?[0;34mHibernate: insert into quiz_options (quiz_id, options) values (?, ?)
?[0m?[0;34mHibernate: insert into quiz_options (quiz_id, options) values (?, ?)
?[0m?[0;34mHibernate: insert into quiz_options (quiz_id, options) values (?, ?)
?[0m?[0;34mHibernate: insert into quiz_options (quiz_id, options) values (?, ?)
?[1;31m
Start test 223?[0m
?[0m?[0;34mHibernate: select userwebqui0_.id as id1_4_, userwebqui0_.email as email2_4_, userwebqui0_.password as password3_4_, userwebqui0_.role as role4_4_ from user_web_quiz userwebqui0_ where userwebqui0_.email=?
?[0m?[0;34mEmail = test@google.com
?[0m?[0;34m[ROLE_USER]
?[0m?[0;34mHibernate: select userwebqui0_.id as id1_4_, userwebqui0_.email as email2_4_, userwebqui0_.password as password3_4_, userwebqui0_.role as role4_4_ from user_web_quiz userwebqui0_ where userwebqui0_.email=?
?[0m?[0;34mHibernate: insert into quiz (id, create_by_user_id, text, title) values (null, ?, ?, ?)
?[0m?[0;34mHibernate: insert into quiz_answer (quiz_id, answer) values (?, ?)
?[0m?[0;34mHibernate: insert into quiz_answer (quiz_id, answer) values (?, ?)
?[0m?[0;34mHibernate: insert into quiz_answer (quiz_id, answer) values (?, ?)
?[0m?[0;34mHibernate: insert into quiz_options (quiz_id, options) values (?, ?)
?[0m?[0;34mHibernate: insert into quiz_options (quiz_id, options) values (?, ?)
?[0m?[0;34mHibernate: insert into quiz_options (quiz_id, options) values (?, ?)
?[0m?[0;34mHibernate: insert into quiz_options (quiz_id, options) values (?, ?)
?[1;31m
Start test 224?[0m
?[0;34mHibernate: select userwebqui0_.id as id1_4_, userwebqui0_.email as email2_4_, userwebqui0_.password as password3_4_, userwebqui0_.role as role4_4_ from user_web_quiz userwebqui0_ where userwebqui0_.email=?
?[0m?[0;34mEmail = test@google.com
?[0m?[0;34m[ROLE_USER]
?[0m?[0;34mHibernate: select userwebqui0_.id as id1_4_, userwebqui0_.email as email2_4_, userwebqui0_.password as password3_4_, userwebqui0_.role as role4_4_ from user_web_quiz userwebqui0_ where userwebqui0_.email=?
?[0m?[0;34mHibernate: insert into quiz (id, create_by_user_id, text, title) values (null, ?, ?, ?)
?[0m?[0;34mHibernate: insert into quiz_answer (quiz_id, answer) values (?, ?)
?[0m?[0;34mHibernate: insert into quiz_answer (quiz_id, answer) values (?, ?)
?[0m?[0;34mHibernate: insert into quiz_answer (quiz_id, answer) values (?, ?)
?[0m?[0;34mHibernate: insert into quiz_options (quiz_id, options) values (?, ?)
?[0m?[0;34mHibernate: insert into quiz_options (quiz_id, options) values (?, ?)
?[0m?[0;34mHibernate: insert into quiz_options (quiz_id, options) values (?, ?)
?[0m?[0;34mHibernate: insert into quiz_options (quiz_id, options) values (?, ?)
?[1;31m
Start test 225?[0m
?[0;34mHibernate: select userwebqui0_.id as id1_4_, userwebqui0_.email as email2_4_, userwebqui0_.password as password3_4_, userwebqui0_.role as role4_4_ from user_web_quiz userwebqui0_ where userwebqui0_.email=?
?[0m?[0;34mEmail = test@google.com
?[0m?[0;34m[ROLE_USER]
?[0m?[0;34mHibernate: select userwebqui0_.id as id1_4_, userwebqui0_.email as email2_4_, userwebqui0_.password as password3_4_, userwebqui0_.role as role4_4_ from user_web_quiz userwebqui0_ where userwebqui0_.email=?
?[0m?[0;34mHibernate: insert into quiz (id, create_by_user_id, text, title) values (null, ?, ?, ?)
?[0m?[0;34mHibernate: insert into quiz_answer (quiz_id, answer) values (?, ?)
?[0m?[0;34mHibernate: insert into quiz_answer (quiz_id, answer) values (?, ?)
?[0m?[0;34mHibernate: insert into quiz_answer (quiz_id, answer) values (?, ?)
?[0m?[0;34mHibernate: insert into quiz_options (quiz_id, options) values (?, ?)
?[0m?[0;34mHibernate: insert into quiz_options (quiz_id, options) values (?, ?)
?[0m?[0;34mHibernate: insert into quiz_options (quiz_id, options) values (?, ?)
?[0m?[0;34mHibernate: insert into quiz_options (quiz_id, options) values (?, ?)
?[1;31m
Start test 226?[0m
?[0m?[0;34mHibernate: select userwebqui0_.id as id1_4_, userwebqui0_.email as email2_4_, userwebqui0_.password as password3_4_, userwebqui0_.role as role4_4_ from user_web_quiz userwebqui0_ where userwebqui0_.email=?
?[0m?[0;34mEmail = user@google.com
?[0m?[0;34m[ROLE_USER]
?[0m?[0;34mHibernate: select userwebqui0_.id as id1_4_, userwebqui0_.email as email2_4_, userwebqui0_.password as password3_4_, userwebqui0_.role as role4_4_ from user_web_quiz userwebqui0_ where userwebqui0_.email=?
?[0m?[0;34mHibernate: insert into quiz (id, create_by_user_id, text, title) values (null, ?, ?, ?)
?[0m?[0;34mHibernate: insert into quiz_answer (quiz_id, answer) values (?, ?)
?[0m?[0;34mHibernate: insert into quiz_answer (quiz_id, answer) values (?, ?)
?[0m?[0;34mHibernate: insert into quiz_answer (quiz_id, answer) values (?, ?)
?[0m?[0;34mHibernate: insert into quiz_options (quiz_id, options) values (?, ?)
?[0m?[0;34mHibernate: insert into quiz_options (quiz_id, options) values (?, ?)
?[0m?[0;34mHibernate: insert into quiz_options (quiz_id, options) values (?, ?)
?[0m?[0;34mHibernate: insert into quiz_options (quiz_id, options) values (?, ?)
?[1;31m
Start test 227?[0m
?[0m?[0;34mHibernate: select userwebqui0_.id as id1_4_, userwebqui0_.email as email2_4_, userwebqui0_.password as password3_4_, userwebqui0_.role as role4_4_ from user_web_quiz userwebqui0_ where userwebqui0_.email=?
?[0m?[0;34mEmail = test@google.com
?[0m?[0;34m[ROLE_USER]
?[0m?[0;34mHibernate: select userwebqui0_.id as id1_4_, userwebqui0_.email as email2_4_, userwebqui0_.password as password3_4_, userwebqui0_.role as role4_4_ from user_web_quiz userwebqui0_ where userwebqui0_.email=?
?[0m?[0;34mHibernate: insert into quiz (id, create_by_user_id, text, title) values (null, ?, ?, ?)
?[0m?[0;34mHibernate: insert into quiz_answer (quiz_id, answer) values (?, ?)
?[0m?[0;34mHibernate: insert into quiz_answer (quiz_id, answer) values (?, ?)
?[0m?[0;34mHibernate: insert into quiz_answer (quiz_id, answer) values (?, ?)
?[0m?[0;34mHibernate: insert into quiz_options (quiz_id, options) values (?, ?)
?[0m?[0;34mHibernate: insert into quiz_options (quiz_id, options) values (?, ?)
?[0m?[0;34mHibernate: insert into quiz_options (quiz_id, options) values (?, ?)
?[0m?[0;34mHibernate: insert into quiz_options (quiz_id, options) values (?, ?)
?[1;31m
Start test 228?[0m
?[0m?[0;34mHibernate: select userwebqui0_.id as id1_4_, userwebqui0_.email as email2_4_, userwebqui0_.password as password3_4_, userwebqui0_.role as role4_4_ from user_web_quiz userwebqui0_ where userwebqui0_.email=?
?[0m?[0;34mEmail = user@google.com
?[0m?[0;34m[ROLE_USER]
?[0m?[0;34mHibernate: select userwebqui0_.id as id1_4_, userwebqui0_.email as email2_4_, userwebqui0_.password as password3_4_, userwebqui0_.role as role4_4_ from user_web_quiz userwebqui0_ where userwebqui0_.email=?
?[0m?[0;34mHibernate: insert into quiz (id, create_by_user_id, text, title) values (null, ?, ?, ?)
?[0m?[0;34mHibernate: insert into quiz_answer (quiz_id, answer) values (?, ?)
?[0m?[0;34mHibernate: insert into quiz_answer (quiz_id, answer) values (?, ?)
?[0m?[0;34mHibernate: insert into quiz_answer (quiz_id, answer) values (?, ?)
?[0m?[0;34mHibernate: insert into quiz_options (quiz_id, options) values (?, ?)
?[0m?[0;34mHibernate: insert into quiz_options (quiz_id, options) values (?, ?)
?[0m?[0;34mHibernate: insert into quiz_options (quiz_id, options) values (?, ?)
?[0m?[0;34mHibernate: insert into quiz_options (quiz_id, options) values (?, ?)
?[1;31m
Start test 229?[0m
?[0;34mHibernate: select userwebqui0_.id as id1_4_, userwebqui0_.email as email2_4_, userwebqui0_.password as password3_4_, userwebqui0_.role as role4_4_ from user_web_quiz userwebqui0_ where userwebqui0_.email=?
?[0m?[0;34mEmail = test@google.com
?[0m?[0;34m[ROLE_USER]
?[0m?[0;34mHibernate: select userwebqui0_.id as id1_4_, userwebqui0_.email as email2_4_, userwebqui0_.password as password3_4_, userwebqui0_.role as role4_4_ from user_web_quiz userwebqui0_ where userwebqui0_.email=?
?[0m?[0;34mHibernate: insert into quiz (id, create_by_user_id, text, title) values (null, ?, ?, ?)
?[0m?[0;34mHibernate: insert into quiz_answer (quiz_id, answer) values (?, ?)
?[0m?[0;34mHibernate: insert into quiz_answer (quiz_id, answer) values (?, ?)
?[0m?[0;34mHibernate: insert into quiz_answer (quiz_id, answer) values (?, ?)
?[0m?[0;34mHibernate: insert into quiz_options (quiz_id, options) values (?, ?)
?[0m?[0;34mHibernate: insert into quiz_options (quiz_id, options) values (?, ?)
?[0m?[0;34mHibernate: insert into quiz_options (quiz_id, options) values (?, ?)
?[0m?[0;34mHibernate: insert into quiz_options (quiz_id, options) values (?, ?)
?[1;31m
Start test 230?[0m
?[0;34mHibernate: select userwebqui0_.id as id1_4_, userwebqui0_.email as email2_4_, userwebqui0_.password as password3_4_, userwebqui0_.role as role4_4_ from user_web_quiz userwebqui0_ where userwebqui0_.email=?
?[0m?[0;34mEmail = user@google.com
?[0m?[0;34m[ROLE_USER]
?[0m?[0;34mHibernate: select userwebqui0_.id as id1_4_, userwebqui0_.email as email2_4_, userwebqui0_.password as password3_4_, userwebqui0_.role as role4_4_ from user_web_quiz userwebqui0_ where userwebqui0_.email=?
?[0m?[0;34mHibernate: insert into quiz (id, create_by_user_id, text, title) values (null, ?, ?, ?)
?[0m?[0;34mHibernate: insert into quiz_answer (quiz_id, answer) values (?, ?)
?[0m?[0;34mHibernate: insert into quiz_answer (quiz_id, answer) values (?, ?)
?[0m?[0;34mHibernate: insert into quiz_answer (quiz_id, answer) values (?, ?)
?[0m?[0;34mHibernate: insert into quiz_options (quiz_id, options) values (?, ?)
?[0m?[0;34mHibernate: insert into quiz_options (quiz_id, options) values (?, ?)
?[0m?[0;34mHibernate: insert into quiz_options (quiz_id, options) values (?, ?)
?[0m?[0;34mHibernate: insert into quiz_options (quiz_id, options) values (?, ?)
?[1;31m
Start test 231?[0m
?[0m?[0;34mHibernate: select userwebqui0_.id as id1_4_, userwebqui0_.email as email2_4_, userwebqui0_.password as password3_4_, userwebqui0_.role as role4_4_ from user_web_quiz userwebqui0_ where userwebqui0_.email=?
?[0m?[0;34mEmail = test@google.com
?[0m?[0;34m[ROLE_USER]
?[0m?[0;34mHibernate: select quiz0_.id as id1_0_, quiz0_.create_by_user_id as create_b4_0_, quiz0_.text as text2_0_, quiz0_.title as title3_0_ from quiz quiz0_ limit ?
?[0m?[0;34mHibernate: select userwebqui0_.id as id1_4_0_, userwebqui0_.email as email2_4_0_, userwebqui0_.password as password3_4_0_, userwebqui0_.role as role4_4_0_ from user_web_quiz userwebqui0_ where userwebqui0_.id=?
?[0m?[0;34mHibernate: select userwebqui0_.id as id1_4_0_, userwebqui0_.email as email2_4_0_, userwebqui0_.password as password3_4_0_, userwebqui0_.role as role4_4_0_ from user_web_quiz userwebqui0_ where userwebqui0_.id=?
?[0m?[0;34mHibernate: select count(quiz0_.id) as col_0_0_ from quiz quiz0_
?[0m?[0;34mHibernate: select options0_.quiz_id as quiz_id1_2_0_, options0_.options as options2_2_0_ from quiz_options options0_ where options0_.quiz_id=?
?[0m?[0;34mHibernate: select options0_.quiz_id as quiz_id1_2_0_, options0_.options as options2_2_0_ from quiz_options options0_ where options0_.quiz_id=?
?[0m?[0;34mHibernate: select options0_.quiz_id as quiz_id1_2_0_, options0_.options as options2_2_0_ from quiz_options options0_ where options0_.quiz_id=?
?[0m?[0;34mHibernate: select options0_.quiz_id as quiz_id1_2_0_, options0_.options as options2_2_0_ from quiz_options options0_ where options0_.quiz_id=?
?[0m?[0;34mHibernate: select options0_.quiz_id as quiz_id1_2_0_, options0_.options as options2_2_0_ from quiz_options options0_ where options0_.quiz_id=?
?[0m?[0;34mHibernate: select options0_.quiz_id as quiz_id1_2_0_, options0_.options as options2_2_0_ from quiz_options options0_ where options0_.quiz_id=?
?[0m?[0;34mHibernate: select options0_.quiz_id as quiz_id1_2_0_, options0_.options as options2_2_0_ from quiz_options options0_ where options0_.quiz_id=?
?[0m?[0;34mHibernate: select options0_.quiz_id as quiz_id1_2_0_, options0_.options as options2_2_0_ from quiz_options options0_ where options0_.quiz_id=?
?[0m?[0;34mHibernate: select options0_.quiz_id as quiz_id1_2_0_, options0_.options as options2_2_0_ from quiz_options options0_ where options0_.quiz_id=?
?[0m?[0;34mHibernate: select options0_.quiz_id as quiz_id1_2_0_, options0_.options as options2_2_0_ from quiz_options options0_ where options0_.quiz_id=?
?[1;31m
Start test 232?[0m
?[0m?[0;34mHibernate: select userwebqui0_.id as id1_4_, userwebqui0_.email as email2_4_, userwebqui0_.password as password3_4_, userwebqui0_.role as role4_4_ from user_web_quiz userwebqui0_ where userwebqui0_.email=?
?[0m?[0;34mEmail = user@google.com
?[0m?[0;34m[ROLE_USER]
?[0m?[0;34mHibernate: select quiz0_.id as id1_0_, quiz0_.create_by_user_id as create_b4_0_, quiz0_.text as text2_0_, quiz0_.title as title3_0_ from quiz quiz0_ limit ?
?[0m?[0;34mHibernate: select userwebqui0_.id as id1_4_0_, userwebqui0_.email as email2_4_0_, userwebqui0_.password as password3_4_0_, userwebqui0_.role as role4_4_0_ from user_web_quiz userwebqui0_ where userwebqui0_.id=?
?[0m?[0;34mHibernate: select userwebqui0_.id as id1_4_0_, userwebqui0_.email as email2_4_0_, userwebqui0_.password as password3_4_0_, userwebqui0_.role as role4_4_0_ from user_web_quiz userwebqui0_ where userwebqui0_.id=?
?[0m?[0;34mHibernate: select count(quiz0_.id) as col_0_0_ from quiz quiz0_
?[0m?[0;34mHibernate: select options0_.quiz_id as quiz_id1_2_0_, options0_.options as options2_2_0_ from quiz_options options0_ where options0_.quiz_id=?
?[0m?[0;34mHibernate: select options0_.quiz_id as quiz_id1_2_0_, options0_.options as options2_2_0_ from quiz_options options0_ where options0_.quiz_id=?
?[0m?[0;34mHibernate: select options0_.quiz_id as quiz_id1_2_0_, options0_.options as options2_2_0_ from quiz_options options0_ where options0_.quiz_id=?
?[0m?[0;34mHibernate: select options0_.quiz_id as quiz_id1_2_0_, options0_.options as options2_2_0_ from quiz_options options0_ where options0_.quiz_id=?
?[0m?[0;34mHibernate: select options0_.quiz_id as quiz_id1_2_0_, options0_.options as options2_2_0_ from quiz_options options0_ where options0_.quiz_id=?
?[0m?[0;34mHibernate: select options0_.quiz_id as quiz_id1_2_0_, options0_.options as options2_2_0_ from quiz_options options0_ where options0_.quiz_id=?
?[0m?[0;34mHibernate: select options0_.quiz_id as quiz_id1_2_0_, options0_.options as options2_2_0_ from quiz_options options0_ where options0_.quiz_id=?
?[0m?[0;34mHibernate: select options0_.quiz_id as quiz_id1_2_0_, options0_.options as options2_2_0_ from quiz_options options0_ where options0_.quiz_id=?
?[0m?[0;34mHibernate: select options0_.quiz_id as quiz_id1_2_0_, options0_.options as options2_2_0_ from quiz_options options0_ where options0_.quiz_id=?
?[0m?[0;34mHibernate: select options0_.quiz_id as quiz_id1_2_0_, options0_.options as options2_2_0_ from quiz_options options0_ where options0_.quiz_id=?
?[1;31m
Start test 233?[0m
?[0m?[0;34mHibernate: select userwebqui0_.id as id1_4_, userwebqui0_.email as email2_4_, userwebqui0_.password as password3_4_, userwebqui0_.role as role4_4_ from user_web_quiz userwebqui0_ where userwebqui0_.email=?
?[0m?[0;34mEmail = test@google.com
?[0m?[0;34m[ROLE_USER]
?[0m?[0;34mHibernate: select quiz0_.id as id1_0_, quiz0_.create_by_user_id as create_b4_0_, quiz0_.text as text2_0_, quiz0_.title as title3_0_ from quiz quiz0_ limit ? offset ?
?[0m?[0;34mHibernate: select userwebqui0_.id as id1_4_0_, userwebqui0_.email as email2_4_0_, userwebqui0_.password as password3_4_0_, userwebqui0_.role as role4_4_0_ from user_web_quiz userwebqui0_ where userwebqui0_.id=?
?[0m?[0;34mHibernate: select userwebqui0_.id as id1_4_0_, userwebqui0_.email as email2_4_0_, userwebqui0_.password as password3_4_0_, userwebqui0_.role as role4_4_0_ from user_web_quiz userwebqui0_ where userwebqui0_.id=?
?[0m?[0;34mHibernate: select options0_.quiz_id as quiz_id1_2_0_, options0_.options as options2_2_0_ from quiz_options options0_ where options0_.quiz_id=?
?[0m?[0;34mHibernate: select options0_.quiz_id as quiz_id1_2_0_, options0_.options as options2_2_0_ from quiz_options options0_ where options0_.quiz_id=?
?[0m?[0;34mHibernate: select options0_.quiz_id as quiz_id1_2_0_, options0_.options as options2_2_0_ from quiz_options options0_ where options0_.quiz_id=?
?[0m?[0;34mHibernate: select options0_.quiz_id as quiz_id1_2_0_, options0_.options as options2_2_0_ from quiz_options options0_ where options0_.quiz_id=?
?[0m?[0;34mHibernate: select options0_.quiz_id as quiz_id1_2_0_, options0_.options as options2_2_0_ from quiz_options options0_ where options0_.quiz_id=?
?[1;31m
Start test 234?[0m
?[0m?[0;34mHibernate: select userwebqui0_.id as id1_4_, userwebqui0_.email as email2_4_, userwebqui0_.password as password3_4_, userwebqui0_.role as role4_4_ from user_web_quiz userwebqui0_ where userwebqui0_.email=?
?[0m?[0;34mEmail = user@google.com
?[0m?[0;34m[ROLE_USER]
?[0m?[0;34mHibernate: select quiz0_.id as id1_0_, quiz0_.create_by_user_id as create_b4_0_, quiz0_.text as text2_0_, quiz0_.title as title3_0_ from quiz quiz0_ limit ? offset ?
?[0m?[0;34mHibernate: select userwebqui0_.id as id1_4_0_, userwebqui0_.email as email2_4_0_, userwebqui0_.password as password3_4_0_, userwebqui0_.role as role4_4_0_ from user_web_quiz userwebqui0_ where userwebqui0_.id=?
?[0m?[0;34mHibernate: select userwebqui0_.id as id1_4_0_, userwebqui0_.email as email2_4_0_, userwebqui0_.password as password3_4_0_, userwebqui0_.role as role4_4_0_ from user_web_quiz userwebqui0_ where userwebqui0_.id=?
?[0m?[0;34mHibernate: select options0_.quiz_id as quiz_id1_2_0_, options0_.options as options2_2_0_ from quiz_options options0_ where options0_.quiz_id=?
?[0m?[0;34mHibernate: select options0_.quiz_id as quiz_id1_2_0_, options0_.options as options2_2_0_ from quiz_options options0_ where options0_.quiz_id=?
?[0m?[0;34mHibernate: select options0_.quiz_id as quiz_id1_2_0_, options0_.options as options2_2_0_ from quiz_options options0_ where options0_.quiz_id=?
?[0m?[0;34mHibernate: select options0_.quiz_id as quiz_id1_2_0_, options0_.options as options2_2_0_ from quiz_options options0_ where options0_.quiz_id=?
?[0m?[0;34mHibernate: select options0_.quiz_id as quiz_id1_2_0_, options0_.options as options2_2_0_ from quiz_options options0_ where options0_.quiz_id=?
]]></system-out>
  <system-err><![CDATA[]]></system-err>
</testsuite>
