<?xml version="1.0" encoding="UTF-8"?>
<testsuite name="RecipesApplicationTest" tests="1" skipped="0" failures="0" errors="0" timestamp="2022-11-09T06:16:32" hostname="DESKTOP-87JLN8B" time="296.055">
  <properties/>
  <testcase name="start" classname="RecipesApplicationTest" time="296.055"/>
  <system-out><![CDATA[?[1;31m
Start test 1?[0m
?[0;34m
?[0m?[0;34m  .   ____          _            __ _ _
?[0m?[0;34m /\\ / ___'_ __ _ _(_)_ __  __ _ \ \ \ \
?[0m?[0;34m( ( )\___ | '_ | '_| | '_ \/ _` | \ \ \ \
?[0m?[0;34m \\/  ___)| |_)| | | | | || (_| |  ) ) ) )
?[0m?[0;34m  '  |____| .__|_| |_|_| |_\__, | / / / /
?[0m?[0;34m =========|_|==============|___/=/_/_/_/
?[0m?[0;34m :: Spring Boot ::                (v2.5.6)
?[0m?[0;34m
?[0m?[0;34m2022-11-09 13:16:33.019  INFO 1260 --- [    Test worker] recipes.RecipesApplication               : Starting RecipesApplication using Java 17.0.5 on DESKTOP-87JLN8B with PID 1260 (started by Admin in D:\HyperSkill\Recipes\Recipes\task)
?[0m?[0;34m2022-11-09 13:16:33.022  INFO 1260 --- [    Test worker] recipes.RecipesApplication               : No active profile set, falling back to default profiles: default
?[0m?[0;34m2022-11-09 13:16:33.913  INFO 1260 --- [    Test worker] .s.d.r.c.RepositoryConfigurationDelegate : Bootstrapping Spring Data JPA repositories in DEFAULT mode.
?[0m?[0;34m2022-11-09 13:16:33.964  INFO 1260 --- [    Test worker] .s.d.r.c.RepositoryConfigurationDelegate : Finished Spring Data repository scanning in 42 ms. Found 2 JPA repository interfaces.
?[0m?[0;34m2022-11-09 13:16:34.530  INFO 1260 --- [    Test worker] o.s.b.w.embedded.tomcat.TomcatWebServer  : Tomcat initialized with port(s): 8881 (http)
?[0m?[0;34m2022-11-09 13:16:34.541  INFO 1260 --- [    Test worker] o.apache.catalina.core.StandardService   : Starting service [Tomcat]
?[0m?[0;34m2022-11-09 13:16:34.542  INFO 1260 --- [    Test worker] org.apache.catalina.core.StandardEngine  : Starting Servlet engine: [Apache Tomcat/9.0.54]
?[0m?[0;34m2022-11-09 13:16:34.638  INFO 1260 --- [    Test worker] o.a.c.c.C.[Tomcat].[localhost].[/]       : Initializing Spring embedded WebApplicationContext
?[0m?[0;34m2022-11-09 13:16:34.638  INFO 1260 --- [    Test worker] w.s.c.ServletWebServerApplicationContext : Root WebApplicationContext: initialization completed in 1575 ms
?[0m?[0;34m2022-11-09 13:16:34.756  INFO 1260 --- [    Test worker] com.zaxxer.hikari.HikariDataSource       : HikariPool-1 - Starting...
?[0m?[0;34m2022-11-09 13:16:34.963  INFO 1260 --- [    Test worker] com.zaxxer.hikari.HikariDataSource       : HikariPool-1 - Start completed.
?[0m?[0;34m2022-11-09 13:16:34.972  INFO 1260 --- [    Test worker] o.s.b.a.h2.H2ConsoleAutoConfiguration    : H2 console available at '/h2-console'. Database available at 'jdbc:h2:file:D:/HyperSkill/Recipes/Recipes/task/src/recipes/db/recipes_db'
?[0m?[0;34m2022-11-09 13:16:35.112  INFO 1260 --- [    Test worker] o.hibernate.jpa.internal.util.LogHelper  : HHH000204: Processing PersistenceUnitInfo [name: default]
?[0m?[0;34m2022-11-09 13:16:35.177  INFO 1260 --- [    Test worker] org.hibernate.Version                    : HHH000412: Hibernate ORM core version 5.4.32.Final
?[0m?[0;34m2022-11-09 13:16:35.335  INFO 1260 --- [    Test worker] o.hibernate.annotations.common.Version   : HCANN000001: Hibernate Commons Annotations {5.1.2.Final}
?[0m?[0;34m2022-11-09 13:16:35.449  INFO 1260 --- [    Test worker] org.hibernate.dialect.Dialect            : HHH000400: Using dialect: org.hibernate.dialect.H2Dialect
?[0m?[0;34mHibernate: create table recipe (id integer generated by default as identity, category varchar(255), date timestamp, description varchar(255), name varchar(255) not null, user_email varchar(255), primary key (id))
?[0m?[0;34mHibernate: create table recipe_directions (recipe_id integer not null, directions varchar(255))
?[0m?[0;34mHibernate: create table recipe_ingredients (recipe_id integer not null, ingredients varchar(255))
?[0m?[0;34mHibernate: create table user (email varchar(255) not null, password varchar(255), role varchar(255), primary key (email))
?[0m?[0;34mHibernate: alter table recipe add constraint FK228i1p2suuis067nbq38i4rrk foreign key (user_email) references user
?[0m?[0;34mHibernate: alter table recipe_directions add constraint FKkopnyxdjmwwlt5vlvw4rd28gy foreign key (recipe_id) references recipe
?[0m?[0;34mHibernate: alter table recipe_ingredients add constraint FKhnsmvxdlwxqq6x2wbgnoef5gr foreign key (recipe_id) references recipe
?[0m?[0;34m2022-11-09 13:16:36.148  INFO 1260 --- [    Test worker] o.h.e.t.j.p.i.JtaPlatformInitiator       : HHH000490: Using JtaPlatform implementation: [org.hibernate.engine.transaction.jta.platform.internal.NoJtaPlatform]
?[0m?[0;34m2022-11-09 13:16:36.163  INFO 1260 --- [    Test worker] j.LocalContainerEntityManagerFactoryBean : Initialized JPA EntityManagerFactory for persistence unit 'default'
?[0m?[0;34m2022-11-09 13:16:36.707  WARN 1260 --- [    Test worker] JpaBaseConfiguration$JpaWebConfiguration : spring.jpa.open-in-view is enabled by default. Therefore, database queries may be performed during view rendering. Explicitly configure spring.jpa.open-in-view to disable this warning
?[0m?[0;34m2022-11-09 13:16:37.006  INFO 1260 --- [    Test worker] o.s.b.a.e.web.EndpointLinksResolver      : Exposing 14 endpoint(s) beneath base path '/actuator'
?[0m?[0;34m2022-11-09 13:16:37.073  INFO 1260 --- [    Test worker] o.s.s.web.DefaultSecurityFilterChain     : Will secure any request with [org.springframework.security.web.context.request.async.WebAsyncManagerIntegrationFilter@5b5d6f9c, org.springframework.security.web.context.SecurityContextPersistenceFilter@6d96a895, org.springframework.security.web.header.HeaderWriterFilter@463746eb, org.springframework.security.web.authentication.logout.LogoutFilter@6d5fea64, org.springframework.security.web.authentication.www.BasicAuthenticationFilter@6e70861, org.springframework.security.web.savedrequest.RequestCacheAwareFilter@70c99e13, org.springframework.security.web.servletapi.SecurityContextHolderAwareRequestFilter@3a678e40, org.springframework.security.web.authentication.AnonymousAuthenticationFilter@3514df8d, org.springframework.security.web.session.SessionManagementFilter@238c63df, org.springframework.security.web.access.ExceptionTranslationFilter@28ffa527, org.springframework.security.web.access.intercept.FilterSecurityInterceptor@48614fb3]
?[0m?[0;34m2022-11-09 13:16:37.284  INFO 1260 --- [    Test worker] o.s.b.w.embedded.tomcat.TomcatWebServer  : Tomcat started on port(s): 8881 (http) with context path ''
?[0m?[0;34m2022-11-09 13:16:37.296  INFO 1260 --- [    Test worker] recipes.RecipesApplication               : Started RecipesApplication in 4.641 seconds (JVM running for 5.429)
?[0;34m2022-11-09 13:16:37.608  INFO 1260 --- [nio-8881-exec-1] o.a.c.c.C.[Tomcat].[localhost].[/]       : Initializing Spring DispatcherServlet 'dispatcherServlet'
?[0m?[0;34m2022-11-09 13:16:37.608  INFO 1260 --- [nio-8881-exec-1] o.s.web.servlet.DispatcherServlet        : Initializing Servlet 'dispatcherServlet'
?[0m?[0;34m2022-11-09 13:16:37.609  INFO 1260 --- [nio-8881-exec-1] o.s.web.servlet.DispatcherServlet        : Completed initialization in 1 ms
?[0m?[0;34mHibernate: select user0_.email as col_0_0_ from user user0_ where user0_.email=? limit ?
?[0m?[0;34mSaving new user: LoginTest1@test.com
?[0m?[0;34mUser password: Test1111
?[0m?[0;34mHibernate: select user0_.email as email1_3_0_, user0_.password as password2_3_0_, user0_.role as role3_3_0_ from user user0_ where user0_.email=?
?[0m?[0;34mHibernate: insert into user (password, role, email) values (?, ?, ?)
?[0m?[1;31m
Start test 2?[0m
?[0;34mHibernate: select user0_.email as col_0_0_ from user user0_ where user0_.email=? limit ?
?[0m?[0;34mEmail already used: LoginTest1@test.com
?[1;31m
Start test 3?[0m
?[0;34mHibernate: select user0_.email as col_0_0_ from user user0_ where user0_.email=? limit ?
?[0m?[0;34mSaving new user: LoginTest2@test.com
?[0m?[0;34mUser password: Test2222222
?[0m?[0;34mHibernate: select user0_.email as email1_3_0_, user0_.password as password2_3_0_, user0_.role as role3_3_0_ from user user0_ where user0_.email=?
?[0m?[0;34mHibernate: insert into user (password, role, email) values (?, ?, ?)
?[1;31m
Start test 4?[0m
?[0;34mHibernate: select user0_.email as col_0_0_ from user user0_ where user0_.email=? limit ?
?[0m?[0;34mSaving new user: LoginTest3@test.com
?[0m?[0;34mUser password: Test33333333333
?[0m?[0;34mHibernate: select user0_.email as email1_3_0_, user0_.password as password2_3_0_, user0_.role as role3_3_0_ from user user0_ where user0_.email=?
?[0m?[0;34mHibernate: insert into user (password, role, email) values (?, ?, ?)
?[1;31m
Start test 5?[0m
?[0;34m2022-11-09 13:16:49.270  WARN 1260 --- [nio-8881-exec-6] .w.s.m.s.DefaultHandlerExceptionResolver : Resolved [org.springframework.web.bind.MethodArgumentNotValidException: Validation failed for argument [0] in public org.springframework.http.ResponseEntity recipes.controller.UserController.register(recipes.model.User): [Field error in object 'user' on field 'email': rejected value [Test3@testcom]; codes [Email.user.email,Email.email,Email.java.lang.String,Email]; arguments [org.springframework.context.support.DefaultMessageSourceResolvable: codes [user.email,email]; arguments []; default message [email],[Ljavax.validation.constraints.Pattern$Flag;@6942d034,^(?=.{1,64}@)[A-Za-z0-9_-]+(\.[A-Za-z0-9_-]+)*@[^-][A-Za-z0-9-]+(\.[A-Za-z0-9-]+)*(\.[A-Za-z]{2,})$]; default message [Wrong type Email]] ]
?[1;31m
Start test 6?[0m
?[0;34m2022-11-09 13:16:49.312  WARN 1260 --- [nio-8881-exec-7] .w.s.m.s.DefaultHandlerExceptionResolver : Resolved [org.springframework.web.bind.MethodArgumentNotValidException: Validation failed for argument [0] in public org.springframework.http.ResponseEntity recipes.controller.UserController.register(recipes.model.User): [Field error in object 'user' on field 'email': rejected value [Test4test.com]; codes [Email.user.email,Email.email,Email.java.lang.String,Email]; arguments [org.springframework.context.support.DefaultMessageSourceResolvable: codes [user.email,email]; arguments []; default message [email],[Ljavax.validation.constraints.Pattern$Flag;@6942d034,^(?=.{1,64}@)[A-Za-z0-9_-]+(\.[A-Za-z0-9_-]+)*@[^-][A-Za-z0-9-]+(\.[A-Za-z0-9-]+)*(\.[A-Za-z]{2,})$]; default message [Wrong type Email]] ]
?[1;31m
Start test 7?[0m
?[0;34m2022-11-09 13:16:49.334  WARN 1260 --- [nio-8881-exec-8] .w.s.m.s.DefaultHandlerExceptionResolver : Resolved [org.springframework.web.bind.MethodArgumentNotValidException: Validation failed for argument [0] in public org.springframework.http.ResponseEntity recipes.controller.UserController.register(recipes.model.User): [Field error in object 'user' on field 'password': rejected value [Test555]; codes [Size.user.password,Size.password,Size.java.lang.String,Size]; arguments [org.springframework.context.support.DefaultMessageSourceResolvable: codes [user.password,password]; arguments []; default message [password],2147483647,8]; default message [size must be between 8 and 2147483647]] ]
?[1;31m
Start test 8?[0m
?[0;34m2022-11-09 13:16:49.344  WARN 1260 --- [nio-8881-exec-9] .w.s.m.s.DefaultHandlerExceptionResolver : Resolved [org.springframework.web.bind.MethodArgumentNotValidException: Validation failed for argument [0] in public org.springframework.http.ResponseEntity recipes.controller.UserController.register(recipes.model.User): [Field error in object 'user' on field 'password': rejected value [        ]; codes [NotBlank.user.password,NotBlank.password,NotBlank.java.lang.String,NotBlank]; arguments [org.springframework.context.support.DefaultMessageSourceResolvable: codes [user.password,password]; arguments []; default message [password]]; default message [must not be blank]] ]
?[1;31m
Start test 9?[0m
?[0;34mHibernate: select user0_.email as email1_3_, user0_.password as password2_3_, user0_.role as role3_3_ from user user0_ where user0_.email=?
?[0m?[0;34mUserDetailsImpl for email: LoginTest2@test.com
?[0m?[0;34m~~~~Adding new recipe. Username: LoginTest2@test.com
?[0m?[0;34mHibernate: select user0_.email as email1_3_, user0_.password as password2_3_, user0_.role as role3_3_ from user user0_ where user0_.email=?
?[0m?[0;34m~~~~Saving : Fresh Mint Tea /Test~~~~
?[0m?[0;34mHibernate: insert into recipe (id, category, date, description, name, user_email) values (null, ?, ?, ?, ?, ?)
?[0m?[0;34mHibernate: insert into recipe_directions (recipe_id, directions) values (?, ?)
?[0m?[0;34mHibernate: insert into recipe_directions (recipe_id, directions) values (?, ?)
?[0m?[0;34mHibernate: insert into recipe_directions (recipe_id, directions) values (?, ?)
?[0m?[0;34mHibernate: insert into recipe_directions (recipe_id, directions) values (?, ?)
?[0m?[0;34mHibernate: insert into recipe_directions (recipe_id, directions) values (?, ?)
?[0m?[0;34mHibernate: insert into recipe_ingredients (recipe_id, ingredients) values (?, ?)
?[0m?[0;34mHibernate: insert into recipe_ingredients (recipe_id, ingredients) values (?, ?)
?[0m?[0;34mHibernate: insert into recipe_ingredients (recipe_id, ingredients) values (?, ?)
?[0m?[0;34m~~~~New Recipe's id = 1~~~~
?[1;31m
Start test 10?[0m
?[0m?[0;34mHibernate: select user0_.email as email1_3_, user0_.password as password2_3_, user0_.role as role3_3_ from user user0_ where user0_.email=?
?[0m?[0;34mUserDetailsImpl for email: LoginTest2@test.com
?[0m?[0;34m~~~~Adding new recipe. Username: LoginTest2@test.com
?[0m?[0;34mHibernate: select user0_.email as email1_3_, user0_.password as password2_3_, user0_.role as role3_3_ from user user0_ where user0_.email=?
?[0m?[0;34m~~~~Saving : Warming Ginger Tea /Test~~~~
?[0m?[0;34mHibernate: insert into recipe (id, category, date, description, name, user_email) values (null, ?, ?, ?, ?, ?)
?[0m?[0;34mHibernate: insert into recipe_directions (recipe_id, directions) values (?, ?)
?[0m?[0;34mHibernate: insert into recipe_directions (recipe_id, directions) values (?, ?)
?[0m?[0;34mHibernate: insert into recipe_directions (recipe_id, directions) values (?, ?)
?[0m?[0;34mHibernate: insert into recipe_ingredients (recipe_id, ingredients) values (?, ?)
?[0m?[0;34mHibernate: insert into recipe_ingredients (recipe_id, ingredients) values (?, ?)
?[0m?[0;34mHibernate: insert into recipe_ingredients (recipe_id, ingredients) values (?, ?)
?[0m?[0;34m~~~~New Recipe's id = 2~~~~
?[1;31m
Start test 11?[0m
?[0;34mHibernate: select user0_.email as email1_3_, user0_.password as password2_3_, user0_.role as role3_3_ from user user0_ where user0_.email=?
?[0m?[0;34mUserDetailsImpl for email: LoginTest2@test.com
?[0m?[0;34m~~~~Getting Recipe By Id = 1~~~~
?[0m?[0;34mHibernate: select recipe0_.id as id1_0_0_, recipe0_.category as category2_0_0_, recipe0_.date as date3_0_0_, recipe0_.description as descript4_0_0_, recipe0_.name as name5_0_0_, recipe0_.user_email as user_ema6_0_0_, user1_.email as email1_3_1_, user1_.password as password2_3_1_, user1_.role as role3_3_1_ from recipe recipe0_ left outer join user user1_ on recipe0_.user_email=user1_.email where recipe0_.id=?
?[0m?[0;34m~~~~Found~~~~
?[0m?[0;34mHibernate: select ingredient0_.recipe_id as recipe_i1_2_0_, ingredient0_.ingredients as ingredie2_2_0_ from recipe_ingredients ingredient0_ where ingredient0_.recipe_id=?
?[0m?[0;34mHibernate: select directions0_.recipe_id as recipe_i1_1_0_, directions0_.directions as directio2_1_0_ from recipe_directions directions0_ where directions0_.recipe_id=?
?[1;31m
Start test 12?[0m
?[0m?[0;34mHibernate: select user0_.email as email1_3_, user0_.password as password2_3_, user0_.role as role3_3_ from user user0_ where user0_.email=?
?[0m?[0;34mUserDetailsImpl for email: LoginTest2@test.com
?[0m?[0;34m~~~~Getting Recipe By Id = 2~~~~
?[0m?[0;34mHibernate: select recipe0_.id as id1_0_0_, recipe0_.category as category2_0_0_, recipe0_.date as date3_0_0_, recipe0_.description as descript4_0_0_, recipe0_.name as name5_0_0_, recipe0_.user_email as user_ema6_0_0_, user1_.email as email1_3_1_, user1_.password as password2_3_1_, user1_.role as role3_3_1_ from recipe recipe0_ left outer join user user1_ on recipe0_.user_email=user1_.email where recipe0_.id=?
?[0m?[0;34m~~~~Found~~~~
?[0m?[0;34mHibernate: select ingredient0_.recipe_id as recipe_i1_2_0_, ingredient0_.ingredients as ingredie2_2_0_ from recipe_ingredients ingredient0_ where ingredient0_.recipe_id=?
?[0m?[0;34mHibernate: select directions0_.recipe_id as recipe_i1_1_0_, directions0_.directions as directio2_1_0_ from recipe_directions directions0_ where directions0_.recipe_id=?
?[1;31m
Start test 13?[0m
?[0;34m2022-11-09 13:17:08.656  INFO 1260 --- [       Thread-5] j.LocalContainerEntityManagerFactoryBean : Closing JPA EntityManagerFactory for persistence unit 'default'
?[0m?[0;34m2022-11-09 13:17:08.657  INFO 1260 --- [       Thread-5] com.zaxxer.hikari.HikariDataSource       : HikariPool-1 - Shutdown initiated...
?[0m?[0;34m2022-11-09 13:17:08.930  INFO 1260 --- [       Thread-5] com.zaxxer.hikari.HikariDataSource       : HikariPool-1 - Shutdown completed.
?[0;34m
?[0m?[0;34m  .   ____          _            __ _ _
?[0m?[0;34m /\\ / ___'_ __ _ _(_)_ __  __ _ \ \ \ \
?[0m?[0;34m( ( )\___ | '_ | '_| | '_ \/ _` | \ \ \ \
?[0m?[0;34m \\/  ___)| |_)| | | | | || (_| |  ) ) ) )
?[0m?[0;34m  '  |____| .__|_| |_|_| |_\__, | / / / /
?[0m?[0;34m =========|_|==============|___/=/_/_/_/
?[0m?[0;34m :: Spring Boot ::                (v2.5.6)
?[0m?[0;34m
?[0m?[0;34m2022-11-09 13:17:19.065  INFO 1260 --- [    Test worker] recipes.RecipesApplication               : Starting RecipesApplication using Java 17.0.5 on DESKTOP-87JLN8B with PID 1260 (started by Admin in D:\HyperSkill\Recipes\Recipes\task)
?[0m?[0;34m2022-11-09 13:17:19.066  INFO 1260 --- [    Test worker] recipes.RecipesApplication               : No active profile set, falling back to default profiles: default
?[0m?[0;34m2022-11-09 13:17:19.275  INFO 1260 --- [    Test worker] .s.d.r.c.RepositoryConfigurationDelegate : Bootstrapping Spring Data JPA repositories in DEFAULT mode.
?[0m?[0;34m2022-11-09 13:17:19.281  INFO 1260 --- [    Test worker] .s.d.r.c.RepositoryConfigurationDelegate : Finished Spring Data repository scanning in 5 ms. Found 2 JPA repository interfaces.
?[0m?[0;34m2022-11-09 13:17:19.352  INFO 1260 --- [    Test worker] o.s.b.w.embedded.tomcat.TomcatWebServer  : Tomcat initialized with port(s): 8881 (http)
?[0m?[0;34m2022-11-09 13:17:19.353  INFO 1260 --- [    Test worker] o.apache.catalina.core.StandardService   : Starting service [Tomcat]
?[0m?[0;34m2022-11-09 13:17:19.353  INFO 1260 --- [    Test worker] org.apache.catalina.core.StandardEngine  : Starting Servlet engine: [Apache Tomcat/9.0.54]
?[0m?[0;34m2022-11-09 13:17:19.377  INFO 1260 --- [    Test worker] o.a.c.c.C.[Tomcat].[localhost].[/]       : Initializing Spring embedded WebApplicationContext
?[0m?[0;34m2022-11-09 13:17:19.377  INFO 1260 --- [    Test worker] w.s.c.ServletWebServerApplicationContext : Root WebApplicationContext: initialization completed in 307 ms
?[0m?[0;34m2022-11-09 13:17:19.411  INFO 1260 --- [    Test worker] com.zaxxer.hikari.HikariDataSource       : HikariPool-2 - Starting...
?[0m?[0;34m2022-11-09 13:17:19.420  INFO 1260 --- [    Test worker] com.zaxxer.hikari.HikariDataSource       : HikariPool-2 - Start completed.
?[0m?[0;34m2022-11-09 13:17:19.421  INFO 1260 --- [    Test worker] o.s.b.a.h2.H2ConsoleAutoConfiguration    : H2 console available at '/h2-console'. Database available at 'jdbc:h2:file:D:/HyperSkill/Recipes/Recipes/task/src/recipes/db/recipes_db'
?[0m?[0;34m2022-11-09 13:17:19.458  INFO 1260 --- [    Test worker] o.hibernate.jpa.internal.util.LogHelper  : HHH000204: Processing PersistenceUnitInfo [name: default]
?[0m?[0;34m2022-11-09 13:17:19.464  INFO 1260 --- [    Test worker] org.hibernate.dialect.Dialect            : HHH000400: Using dialect: org.hibernate.dialect.H2Dialect
?[0m?[0;34m2022-11-09 13:17:19.546  INFO 1260 --- [    Test worker] o.h.e.t.j.p.i.JtaPlatformInitiator       : HHH000490: Using JtaPlatform implementation: [org.hibernate.engine.transaction.jta.platform.internal.NoJtaPlatform]
?[0m?[0;34m2022-11-09 13:17:19.546  INFO 1260 --- [    Test worker] j.LocalContainerEntityManagerFactoryBean : Initialized JPA EntityManagerFactory for persistence unit 'default'
?[0m?[0;34m2022-11-09 13:17:19.628  WARN 1260 --- [    Test worker] JpaBaseConfiguration$JpaWebConfiguration : spring.jpa.open-in-view is enabled by default. Therefore, database queries may be performed during view rendering. Explicitly configure spring.jpa.open-in-view to disable this warning
?[0m?[0;34m2022-11-09 13:17:19.723  INFO 1260 --- [    Test worker] o.s.b.a.e.web.EndpointLinksResolver      : Exposing 14 endpoint(s) beneath base path '/actuator'
?[0m?[0;34m2022-11-09 13:17:19.732  INFO 1260 --- [    Test worker] o.s.s.web.DefaultSecurityFilterChain     : Will secure any request with [org.springframework.security.web.context.request.async.WebAsyncManagerIntegrationFilter@5545137d, org.springframework.security.web.context.SecurityContextPersistenceFilter@58dd584a, org.springframework.security.web.header.HeaderWriterFilter@73b63917, org.springframework.security.web.authentication.logout.LogoutFilter@5295779, org.springframework.security.web.authentication.www.BasicAuthenticationFilter@3bbc8c82, org.springframework.security.web.savedrequest.RequestCacheAwareFilter@40a360e6, org.springframework.security.web.servletapi.SecurityContextHolderAwareRequestFilter@21f9764, org.springframework.security.web.authentication.AnonymousAuthenticationFilter@ca31ad7, org.springframework.security.web.session.SessionManagementFilter@2292e793, org.springframework.security.web.access.ExceptionTranslationFilter@524945e2, org.springframework.security.web.access.intercept.FilterSecurityInterceptor@24df4805]
?[0m?[0;34m2022-11-09 13:17:19.800  INFO 1260 --- [    Test worker] o.s.b.w.embedded.tomcat.TomcatWebServer  : Tomcat started on port(s): 8881 (http) with context path ''
?[0m?[0;34m2022-11-09 13:17:19.804  INFO 1260 --- [    Test worker] recipes.RecipesApplication               : Started RecipesApplication in 0.76 seconds (JVM running for 47.937)
?[0m?[1;31m
Start test 14?[0m
?[0;34m2022-11-09 13:17:19.809  INFO 1260 --- [nio-8881-exec-1] o.a.c.c.C.[Tomcat].[localhost].[/]       : Initializing Spring DispatcherServlet 'dispatcherServlet'
?[0m?[0;34m2022-11-09 13:17:19.810  INFO 1260 --- [nio-8881-exec-1] o.s.web.servlet.DispatcherServlet        : Initializing Servlet 'dispatcherServlet'
?[0m?[0;34m2022-11-09 13:17:19.811  INFO 1260 --- [nio-8881-exec-1] o.s.web.servlet.DispatcherServlet        : Completed initialization in 1 ms
?[0m?[0;34mHibernate: select user0_.email as email1_3_, user0_.password as password2_3_, user0_.role as role3_3_ from user user0_ where user0_.email=?
?[0m?[0;34mUserDetailsImpl for email: LoginTest2@test.com
?[0m?[0;34m~~~~Getting Recipe By Id = 1~~~~
?[0m?[0;34mHibernate: select recipe0_.id as id1_0_0_, recipe0_.category as category2_0_0_, recipe0_.date as date3_0_0_, recipe0_.description as descript4_0_0_, recipe0_.name as name5_0_0_, recipe0_.user_email as user_ema6_0_0_, user1_.email as email1_3_1_, user1_.password as password2_3_1_, user1_.role as role3_3_1_ from recipe recipe0_ left outer join user user1_ on recipe0_.user_email=user1_.email where recipe0_.id=?
?[0m?[0;34m~~~~Found~~~~
?[0m?[0;34mHibernate: select ingredient0_.recipe_id as recipe_i1_2_0_, ingredient0_.ingredients as ingredie2_2_0_ from recipe_ingredients ingredient0_ where ingredient0_.recipe_id=?
?[0m?[0;34mHibernate: select directions0_.recipe_id as recipe_i1_1_0_, directions0_.directions as directio2_1_0_ from recipe_directions directions0_ where directions0_.recipe_id=?
?[1;31m
Start test 15?[0m
?[0;34mHibernate: select user0_.email as email1_3_, user0_.password as password2_3_, user0_.role as role3_3_ from user user0_ where user0_.email=?
?[0m?[0;34mUserDetailsImpl for email: LoginTest2@test.com
?[0m?[0;34m~~~~Getting Recipe By Id = 2~~~~
?[0m?[0;34mHibernate: select recipe0_.id as id1_0_0_, recipe0_.category as category2_0_0_, recipe0_.date as date3_0_0_, recipe0_.description as descript4_0_0_, recipe0_.name as name5_0_0_, recipe0_.user_email as user_ema6_0_0_, user1_.email as email1_3_1_, user1_.password as password2_3_1_, user1_.role as role3_3_1_ from recipe recipe0_ left outer join user user1_ on recipe0_.user_email=user1_.email where recipe0_.id=?
?[0m?[0;34m~~~~Found~~~~
?[0m?[0;34mHibernate: select ingredient0_.recipe_id as recipe_i1_2_0_, ingredient0_.ingredients as ingredie2_2_0_ from recipe_ingredients ingredient0_ where ingredient0_.recipe_id=?
?[0m?[0;34mHibernate: select directions0_.recipe_id as recipe_i1_1_0_, directions0_.directions as directio2_1_0_ from recipe_directions directions0_ where directions0_.recipe_id=?
?[1;31m
Start test 16?[0m
?[0;34mHibernate: select user0_.email as email1_3_, user0_.password as password2_3_, user0_.role as role3_3_ from user user0_ where user0_.email=?
?[0m?[0;34mUserDetailsImpl for email: LoginTest2@test.com
?[0m?[0;34mHibernate: select recipe0_.id as id1_0_0_, recipe0_.category as category2_0_0_, recipe0_.date as date3_0_0_, recipe0_.description as descript4_0_0_, recipe0_.name as name5_0_0_, recipe0_.user_email as user_ema6_0_0_, user1_.email as email1_3_1_, user1_.password as password2_3_1_, user1_.role as role3_3_1_ from recipe recipe0_ left outer join user user1_ on recipe0_.user_email=user1_.email where recipe0_.id=?
?[0m?[0;34m~~~~Updating recipe id = 1 By Username: LoginTest2@test.com~~~~
?[0m?[0;34m~~~~Saving : Warming Ginger Tea /Test~~~~
?[0m?[0;34mHibernate: update recipe set category=?, date=?, description=?, name=?, user_email=? where id=?
?[0m?[0;34mHibernate: delete from recipe_directions where recipe_id=?
?[0m?[0;34mHibernate: delete from recipe_ingredients where recipe_id=?
?[0m?[0;34mHibernate: insert into recipe_directions (recipe_id, directions) values (?, ?)
?[0m?[0;34mHibernate: insert into recipe_directions (recipe_id, directions) values (?, ?)
?[0m?[0;34mHibernate: insert into recipe_directions (recipe_id, directions) values (?, ?)
?[0m?[0;34mHibernate: insert into recipe_ingredients (recipe_id, ingredients) values (?, ?)
?[0m?[0;34mHibernate: insert into recipe_ingredients (recipe_id, ingredients) values (?, ?)
?[0m?[0;34mHibernate: insert into recipe_ingredients (recipe_id, ingredients) values (?, ?)
?[1;31m
Start test 17?[0m
?[0;34mHibernate: select user0_.email as email1_3_, user0_.password as password2_3_, user0_.role as role3_3_ from user user0_ where user0_.email=?
?[0m?[0;34mUserDetailsImpl for email: LoginTest2@test.com
?[0m?[0;34m~~~~Getting Recipe By Id = 1~~~~
?[0m?[0;34mHibernate: select recipe0_.id as id1_0_0_, recipe0_.category as category2_0_0_, recipe0_.date as date3_0_0_, recipe0_.description as descript4_0_0_, recipe0_.name as name5_0_0_, recipe0_.user_email as user_ema6_0_0_, user1_.email as email1_3_1_, user1_.password as password2_3_1_, user1_.role as role3_3_1_ from recipe recipe0_ left outer join user user1_ on recipe0_.user_email=user1_.email where recipe0_.id=?
?[0m?[0;34m~~~~Found~~~~
?[0m?[0;34mHibernate: select ingredient0_.recipe_id as recipe_i1_2_0_, ingredient0_.ingredients as ingredie2_2_0_ from recipe_ingredients ingredient0_ where ingredient0_.recipe_id=?
?[0m?[0;34mHibernate: select directions0_.recipe_id as recipe_i1_1_0_, directions0_.directions as directio2_1_0_ from recipe_directions directions0_ where directions0_.recipe_id=?
?[1;31m
Start test 18?[0m
?[0;34mHibernate: select user0_.email as email1_3_, user0_.password as password2_3_, user0_.role as role3_3_ from user user0_ where user0_.email=?
?[0m?[0;34mUserDetailsImpl for email: LoginTest2@test.com
?[0m?[0;34mHibernate: select count(*) as col_0_0_ from recipe recipe0_ where recipe0_.id=?
?[0m?[0;34mHibernate: select recipe0_.id as id1_0_0_, recipe0_.category as category2_0_0_, recipe0_.date as date3_0_0_, recipe0_.description as descript4_0_0_, recipe0_.name as name5_0_0_, recipe0_.user_email as user_ema6_0_0_, user1_.email as email1_3_1_, user1_.password as password2_3_1_, user1_.role as role3_3_1_ from recipe recipe0_ left outer join user user1_ on recipe0_.user_email=user1_.email where recipe0_.id=?
?[0m?[0;34m~~~~Found recipe with id = 1 deleting
?[0m?[0;34mHibernate: delete from recipe_directions where recipe_id=?
?[0m?[0;34mHibernate: delete from recipe_ingredients where recipe_id=?
?[0m?[0;34mHibernate: delete from recipe where id=?
?[1;31m
Start test 19?[0m
?[0;34mHibernate: select user0_.email as email1_3_, user0_.password as password2_3_, user0_.role as role3_3_ from user user0_ where user0_.email=?
?[0m?[0;34mUserDetailsImpl for email: LoginTest2@test.com
?[0m?[0;34mHibernate: select count(*) as col_0_0_ from recipe recipe0_ where recipe0_.id=?
?[0m?[0;34m~~~~Not found~~~~
?[1;31m
Start test 20?[0m
?[0;34mHibernate: select user0_.email as email1_3_, user0_.password as password2_3_, user0_.role as role3_3_ from user user0_ where user0_.email=?
?[0m?[0;34mUserDetailsImpl for email: LoginTest2@test.com
?[0m?[0;34m~~~~Getting Recipe By Id = 1~~~~
?[0m?[0;34mHibernate: select recipe0_.id as id1_0_0_, recipe0_.category as category2_0_0_, recipe0_.date as date3_0_0_, recipe0_.description as descript4_0_0_, recipe0_.name as name5_0_0_, recipe0_.user_email as user_ema6_0_0_, user1_.email as email1_3_1_, user1_.password as password2_3_1_, user1_.role as role3_3_1_ from recipe recipe0_ left outer join user user1_ on recipe0_.user_email=user1_.email where recipe0_.id=?
?[0m?[0;34m~~~~Not found from RecipeService~~~~
?[0m?[0;34m~~~~Not Found~~~~
?[1;31m
Start test 21?[0m
?[0;34mHibernate: select user0_.email as email1_3_, user0_.password as password2_3_, user0_.role as role3_3_ from user user0_ where user0_.email=?
?[0m?[0;34mUserDetailsImpl for email: LoginTest2@test.com
?[0m?[0;34mHibernate: select recipe0_.id as id1_0_0_, recipe0_.category as category2_0_0_, recipe0_.date as date3_0_0_, recipe0_.description as descript4_0_0_, recipe0_.name as name5_0_0_, recipe0_.user_email as user_ema6_0_0_, user1_.email as email1_3_1_, user1_.password as password2_3_1_, user1_.role as role3_3_1_ from recipe recipe0_ left outer join user user1_ on recipe0_.user_email=user1_.email where recipe0_.id=?
?[0m?[0;34m~~~~Not found from RecipeService~~~~
?[1;31m
Start test 22?[0m
?[0;34mHibernate: select user0_.email as email1_3_, user0_.password as password2_3_, user0_.role as role3_3_ from user user0_ where user0_.email=?
?[0m?[0;34mUserDetailsImpl for email: LoginTest2@test.com
?[0m?[0;34m~~~~Adding new recipe. Username: LoginTest2@test.com
?[0m?[0;34mHibernate: select user0_.email as email1_3_, user0_.password as password2_3_, user0_.role as role3_3_ from user user0_ where user0_.email=?
?[0m?[0;34m~~~~Saving : ice-cream~~~~
?[0m?[0;34mHibernate: insert into recipe (id, category, date, description, name, user_email) values (null, ?, ?, ?, ?, ?)
?[0m?[0;34mHibernate: insert into recipe_directions (recipe_id, directions) values (?, ?)
?[0m?[0;34mHibernate: insert into recipe_directions (recipe_id, directions) values (?, ?)
?[0m?[0;34mHibernate: insert into recipe_ingredients (recipe_id, ingredients) values (?, ?)
?[0m?[0;34mHibernate: insert into recipe_ingredients (recipe_id, ingredients) values (?, ?)
?[0m?[0;34mHibernate: insert into recipe_ingredients (recipe_id, ingredients) values (?, ?)
?[0m?[0;34m~~~~New Recipe's id = 3~~~~
?[1;31m
Start test 23?[0m
?[0;34mHibernate: select user0_.email as email1_3_, user0_.password as password2_3_, user0_.role as role3_3_ from user user0_ where user0_.email=?
?[0m?[0;34mUserDetailsImpl for email: LoginTest2@test.com
?[0m?[0;34m~~~~Adding new recipe. Username: LoginTest2@test.com
?[0m?[0;34mHibernate: select user0_.email as email1_3_, user0_.password as password2_3_, user0_.role as role3_3_ from user user0_ where user0_.email=?
?[0m?[0;34m~~~~Saving : tea r 4~~~~
?[0m?[0;34mHibernate: insert into recipe (id, category, date, description, name, user_email) values (null, ?, ?, ?, ?, ?)
?[0m?[0;34mHibernate: insert into recipe_directions (recipe_id, directions) values (?, ?)
?[0m?[0;34mHibernate: insert into recipe_directions (recipe_id, directions) values (?, ?)
?[0m?[0;34mHibernate: insert into recipe_directions (recipe_id, directions) values (?, ?)
?[0m?[0;34mHibernate: insert into recipe_ingredients (recipe_id, ingredients) values (?, ?)
?[0m?[0;34mHibernate: insert into recipe_ingredients (recipe_id, ingredients) values (?, ?)
?[0m?[0;34mHibernate: insert into recipe_ingredients (recipe_id, ingredients) values (?, ?)
?[0m?[0;34m~~~~New Recipe's id = 4~~~~
?[1;31m
Start test 24?[0m
?[0m?[0;34mHibernate: select user0_.email as email1_3_, user0_.password as password2_3_, user0_.role as role3_3_ from user user0_ where user0_.email=?
?[0m?[0;34mUserDetailsImpl for email: LoginTest2@test.com
?[0m?[0;34m~~~~Adding new recipe. Username: LoginTest2@test.com
?[0m?[0;34mHibernate: select user0_.email as email1_3_, user0_.password as password2_3_, user0_.role as role3_3_ from user user0_ where user0_.email=?
?[0m?[0;34m~~~~Saving : recipe ice-cream 5~~~~
?[0m?[0;34mHibernate: insert into recipe (id, category, date, description, name, user_email) values (null, ?, ?, ?, ?, ?)
?[0m?[0;34mHibernate: insert into recipe_directions (recipe_id, directions) values (?, ?)
?[0m?[0;34mHibernate: insert into recipe_directions (recipe_id, directions) values (?, ?)
?[0m?[0;34mHibernate: insert into recipe_directions (recipe_id, directions) values (?, ?)
?[0m?[0;34mHibernate: insert into recipe_ingredients (recipe_id, ingredients) values (?, ?)
?[0m?[0;34mHibernate: insert into recipe_ingredients (recipe_id, ingredients) values (?, ?)
?[0m?[0;34mHibernate: insert into recipe_ingredients (recipe_id, ingredients) values (?, ?)
?[0m?[0;34m~~~~New Recipe's id = 5~~~~
?[1;31m
Start test 25?[0m
?[0m?[0;34mHibernate: select user0_.email as email1_3_, user0_.password as password2_3_, user0_.role as role3_3_ from user user0_ where user0_.email=?
?[0m?[0;34mUserDetailsImpl for email: LoginTest2@test.com
?[0m?[0;34m~~~~Adding new recipe. Username: LoginTest2@test.com
?[0m?[0;34mHibernate: select user0_.email as email1_3_, user0_.password as password2_3_, user0_.role as role3_3_ from user user0_ where user0_.email=?
?[0m?[0;34m~~~~Saving : --~~~~
?[0m?[0;34mHibernate: insert into recipe (id, category, date, description, name, user_email) values (null, ?, ?, ?, ?, ?)
?[0m?[0;34mHibernate: insert into recipe_directions (recipe_id, directions) values (?, ?)
?[0m?[0;34mHibernate: insert into recipe_directions (recipe_id, directions) values (?, ?)
?[0m?[0;34mHibernate: insert into recipe_ingredients (recipe_id, ingredients) values (?, ?)
?[0m?[0;34mHibernate: insert into recipe_ingredients (recipe_id, ingredients) values (?, ?)
?[0m?[0;34mHibernate: insert into recipe_ingredients (recipe_id, ingredients) values (?, ?)
?[0m?[0;34m~~~~New Recipe's id = 6~~~~
?[1;31m
Start test 26?[0m
?[0m?[0;34mHibernate: select user0_.email as email1_3_, user0_.password as password2_3_, user0_.role as role3_3_ from user user0_ where user0_.email=?
?[0m?[0;34mUserDetailsImpl for email: LoginTest2@test.com
?[0m?[0;34m~~~~Adding new recipe. Username: LoginTest2@test.com
?[0m?[0;34mHibernate: select user0_.email as email1_3_, user0_.password as password2_3_, user0_.role as role3_3_ from user user0_ where user0_.email=?
?[0m?[0;34m~~~~Saving : ICE-CREAM~~~~
?[0m?[0;34mHibernate: insert into recipe (id, category, date, description, name, user_email) values (null, ?, ?, ?, ?, ?)
?[0m?[0;34mHibernate: insert into recipe_directions (recipe_id, directions) values (?, ?)
?[0m?[0;34mHibernate: insert into recipe_directions (recipe_id, directions) values (?, ?)
?[0m?[0;34mHibernate: insert into recipe_directions (recipe_id, directions) values (?, ?)
?[0m?[0;34mHibernate: insert into recipe_ingredients (recipe_id, ingredients) values (?, ?)
?[0m?[0;34mHibernate: insert into recipe_ingredients (recipe_id, ingredients) values (?, ?)
?[0m?[0;34mHibernate: insert into recipe_ingredients (recipe_id, ingredients) values (?, ?)
?[0m?[0;34m~~~~New Recipe's id = 7~~~~
?[1;31m
Start test 27?[0m
?[0m?[0;34mHibernate: select user0_.email as email1_3_, user0_.password as password2_3_, user0_.role as role3_3_ from user user0_ where user0_.email=?
?[0m?[0;34mUserDetailsImpl for email: LoginTest2@test.com
?[0m?[0;34m~~~~Adding new recipe. Username: LoginTest2@test.com
?[0m?[0;34mHibernate: select user0_.email as email1_3_, user0_.password as password2_3_, user0_.role as role3_3_ from user user0_ where user0_.email=?
?[0m?[0;34m~~~~Saving : ---~~~~
?[0m?[0;34mHibernate: insert into recipe (id, category, date, description, name, user_email) values (null, ?, ?, ?, ?, ?)
?[0m?[0;34mHibernate: insert into recipe_directions (recipe_id, directions) values (?, ?)
?[0m?[0;34mHibernate: insert into recipe_directions (recipe_id, directions) values (?, ?)
?[0m?[0;34mHibernate: insert into recipe_directions (recipe_id, directions) values (?, ?)
?[0m?[0;34mHibernate: insert into recipe_ingredients (recipe_id, ingredients) values (?, ?)
?[0m?[0;34mHibernate: insert into recipe_ingredients (recipe_id, ingredients) values (?, ?)
?[0m?[0;34m~~~~New Recipe's id = 8~~~~
?[1;31m
Start test 28?[0m
?[0m?[0;34mHibernate: select user0_.email as email1_3_, user0_.password as password2_3_, user0_.role as role3_3_ from user user0_ where user0_.email=?
?[0m?[0;34mUserDetailsImpl for email: LoginTest2@test.com
?[0m?[0;34m~~~~Adding new recipe. Username: LoginTest2@test.com
?[0m?[0;34mHibernate: select user0_.email as email1_3_, user0_.password as password2_3_, user0_.role as role3_3_ from user user0_ where user0_.email=?
?[0m?[0;34m~~~~Saving : 9 recipe Tea test~~~~
?[0m?[0;34mHibernate: insert into recipe (id, category, date, description, name, user_email) values (null, ?, ?, ?, ?, ?)
?[0m?[0;34mHibernate: insert into recipe_directions (recipe_id, directions) values (?, ?)
?[0m?[0;34mHibernate: insert into recipe_directions (recipe_id, directions) values (?, ?)
?[0m?[0;34mHibernate: insert into recipe_directions (recipe_id, directions) values (?, ?)
?[0m?[0;34mHibernate: insert into recipe_ingredients (recipe_id, ingredients) values (?, ?)
?[0m?[0;34mHibernate: insert into recipe_ingredients (recipe_id, ingredients) values (?, ?)
?[0m?[0;34mHibernate: insert into recipe_ingredients (recipe_id, ingredients) values (?, ?)
?[0m?[0;34m~~~~New Recipe's id = 9~~~~
?[1;31m
Start test 29?[0m
?[0m?[0;34mHibernate: select user0_.email as email1_3_, user0_.password as password2_3_, user0_.role as role3_3_ from user user0_ where user0_.email=?
?[0m?[0;34mUserDetailsImpl for email: LoginTest2@test.com
?[0m?[0;34m~~~~Adding new recipe. Username: LoginTest2@test.com
?[0m?[0;34mHibernate: select user0_.email as email1_3_, user0_.password as password2_3_, user0_.role as role3_3_ from user user0_ where user0_.email=?
?[0m?[0;34m~~~~Saving : 10 ice recipe test~~~~
?[0m?[0;34mHibernate: insert into recipe (id, category, date, description, name, user_email) values (null, ?, ?, ?, ?, ?)
?[0m?[0;34mHibernate: insert into recipe_directions (recipe_id, directions) values (?, ?)
?[0m?[0;34mHibernate: insert into recipe_directions (recipe_id, directions) values (?, ?)
?[0m?[0;34mHibernate: insert into recipe_ingredients (recipe_id, ingredients) values (?, ?)
?[0m?[0;34mHibernate: insert into recipe_ingredients (recipe_id, ingredients) values (?, ?)
?[0m?[0;34mHibernate: insert into recipe_ingredients (recipe_id, ingredients) values (?, ?)
?[0m?[0;34m~~~~New Recipe's id = 10~~~~
?[1;31m
Start test 30?[0m
?[0m?[0;34mHibernate: select user0_.email as email1_3_, user0_.password as password2_3_, user0_.role as role3_3_ from user user0_ where user0_.email=?
?[0m?[0;34mUserDetailsImpl for email: LoginTest2@test.com
?[0m?[0;34m~~~~Adding new recipe. Username: LoginTest2@test.com
?[0m?[0;34mHibernate: select user0_.email as email1_3_, user0_.password as password2_3_, user0_.role as role3_3_ from user user0_ where user0_.email=?
?[0m?[0;34m~~~~Saving : 11 ice-creamrecipe test~~~~
?[0m?[0;34mHibernate: insert into recipe (id, category, date, description, name, user_email) values (null, ?, ?, ?, ?, ?)
?[0m?[0;34mHibernate: insert into recipe_directions (recipe_id, directions) values (?, ?)
?[0m?[0;34mHibernate: insert into recipe_directions (recipe_id, directions) values (?, ?)
?[0m?[0;34mHibernate: insert into recipe_directions (recipe_id, directions) values (?, ?)
?[0m?[0;34mHibernate: insert into recipe_ingredients (recipe_id, ingredients) values (?, ?)
?[0m?[0;34mHibernate: insert into recipe_ingredients (recipe_id, ingredients) values (?, ?)
?[0m?[0;34m~~~~New Recipe's id = 11~~~~
?[1;31m
Start test 31?[0m
?[0m?[0;34mHibernate: select user0_.email as email1_3_, user0_.password as password2_3_, user0_.role as role3_3_ from user user0_ where user0_.email=?
?[0m?[0;34mUserDetailsImpl for email: LoginTest2@test.com
?[0m?[0;34m~~~~Adding new recipe. Username: LoginTest2@test.com
?[0m?[0;34mHibernate: select user0_.email as email1_3_, user0_.password as password2_3_, user0_.role as role3_3_ from user user0_ where user0_.email=?
?[0m?[0;34m~~~~Saving : cream~~~~
?[0m?[0;34mHibernate: insert into recipe (id, category, date, description, name, user_email) values (null, ?, ?, ?, ?, ?)
?[0m?[0;34mHibernate: insert into recipe_directions (recipe_id, directions) values (?, ?)
?[0m?[0;34mHibernate: insert into recipe_directions (recipe_id, directions) values (?, ?)
?[0m?[0;34mHibernate: insert into recipe_ingredients (recipe_id, ingredients) values (?, ?)
?[0m?[0;34mHibernate: insert into recipe_ingredients (recipe_id, ingredients) values (?, ?)
?[0m?[0;34mHibernate: insert into recipe_ingredients (recipe_id, ingredients) values (?, ?)
?[0m?[0;34m~~~~New Recipe's id = 12~~~~
?[1;31m
Start test 32?[0m
?[0m?[0;34mHibernate: select user0_.email as email1_3_, user0_.password as password2_3_, user0_.role as role3_3_ from user user0_ where user0_.email=?
?[0m?[0;34mUserDetailsImpl for email: LoginTest2@test.com
?[0m?[0;34m~~~~Adding new recipe. Username: LoginTest2@test.com
?[0m?[0;34mHibernate: select user0_.email as email1_3_, user0_.password as password2_3_, user0_.role as role3_3_ from user user0_ where user0_.email=?
?[0m?[0;34m~~~~Saving : ice-cre~~~~
?[0m?[0;34mHibernate: insert into recipe (id, category, date, description, name, user_email) values (null, ?, ?, ?, ?, ?)
?[0m?[0;34mHibernate: insert into recipe_directions (recipe_id, directions) values (?, ?)
?[0m?[0;34mHibernate: insert into recipe_directions (recipe_id, directions) values (?, ?)
?[0m?[0;34mHibernate: insert into recipe_directions (recipe_id, directions) values (?, ?)
?[0m?[0;34mHibernate: insert into recipe_ingredients (recipe_id, ingredients) values (?, ?)
?[0m?[0;34mHibernate: insert into recipe_ingredients (recipe_id, ingredients) values (?, ?)
?[0m?[0;34m~~~~New Recipe's id = 13~~~~
?[1;31m
Start test 33?[0m
?[0m?[0;34mHibernate: select user0_.email as email1_3_, user0_.password as password2_3_, user0_.role as role3_3_ from user user0_ where user0_.email=?
?[0m?[0;34mUserDetailsImpl for email: LoginTest2@test.com
?[0m?[0;34m~~~~Adding new recipe. Username: LoginTest2@test.com
?[0m?[0;34mHibernate: select user0_.email as email1_3_, user0_.password as password2_3_, user0_.role as role3_3_ from user user0_ where user0_.email=?
?[0m?[0;34m~~~~Saving : ice-cream~~~~
?[0m?[0;34mHibernate: insert into recipe (id, category, date, description, name, user_email) values (null, ?, ?, ?, ?, ?)
?[0m?[0;34mHibernate: insert into recipe_directions (recipe_id, directions) values (?, ?)
?[0m?[0;34mHibernate: insert into recipe_directions (recipe_id, directions) values (?, ?)
?[0m?[0;34mHibernate: insert into recipe_directions (recipe_id, directions) values (?, ?)
?[0m?[0;34mHibernate: insert into recipe_ingredients (recipe_id, ingredients) values (?, ?)
?[0m?[0;34mHibernate: insert into recipe_ingredients (recipe_id, ingredients) values (?, ?)
?[0m?[0;34m~~~~New Recipe's id = 14~~~~
?[1;31m
Start test 34?[0m
?[0m?[0;34mHibernate: select user0_.email as email1_3_, user0_.password as password2_3_, user0_.role as role3_3_ from user user0_ where user0_.email=?
?[0m?[0;34mUserDetailsImpl for email: LoginTest2@test.com
?[0m?[0;34m~~~~Adding new recipe. Username: LoginTest2@test.com
?[0m?[0;34mHibernate: select user0_.email as email1_3_, user0_.password as password2_3_, user0_.role as role3_3_ from user user0_ where user0_.email=?
?[0m?[0;34m~~~~Saving : 15 recipe test ice-CREAM~~~~
?[0m?[0;34mHibernate: insert into recipe (id, category, date, description, name, user_email) values (null, ?, ?, ?, ?, ?)
?[0m?[0;34mHibernate: insert into recipe_directions (recipe_id, directions) values (?, ?)
?[0m?[0;34mHibernate: insert into recipe_directions (recipe_id, directions) values (?, ?)
?[0m?[0;34mHibernate: insert into recipe_ingredients (recipe_id, ingredients) values (?, ?)
?[0m?[0;34mHibernate: insert into recipe_ingredients (recipe_id, ingredients) values (?, ?)
?[0m?[0;34mHibernate: insert into recipe_ingredients (recipe_id, ingredients) values (?, ?)
?[0m?[0;34m~~~~New Recipe's id = 15~~~~
?[1;31m
Start test 35?[0m
?[0m?[0;34mHibernate: select user0_.email as email1_3_, user0_.password as password2_3_, user0_.role as role3_3_ from user user0_ where user0_.email=?
?[0m?[0;34mUserDetailsImpl for email: LoginTest2@test.com
?[0m?[0;34m~~~~List for category: dessert~~~~
?[0m?[0;34mHibernate: select recipe0_.id as id1_0_, recipe0_.category as category2_0_, recipe0_.date as date3_0_, recipe0_.description as descript4_0_, recipe0_.name as name5_0_, recipe0_.user_email as user_ema6_0_ from recipe recipe0_ where upper(recipe0_.category)=upper(?) order by recipe0_.date desc
?[0m?[0;34mHibernate: select user0_.email as email1_3_0_, user0_.password as password2_3_0_, user0_.role as role3_3_0_ from user user0_ where user0_.email=?
?[0m?[0;34mHibernate: select ingredient0_.recipe_id as recipe_i1_2_0_, ingredient0_.ingredients as ingredie2_2_0_ from recipe_ingredients ingredient0_ where ingredient0_.recipe_id=?
?[0m?[0;34mHibernate: select directions0_.recipe_id as recipe_i1_1_0_, directions0_.directions as directio2_1_0_ from recipe_directions directions0_ where directions0_.recipe_id=?
?[0m?[0;34mHibernate: select ingredient0_.recipe_id as recipe_i1_2_0_, ingredient0_.ingredients as ingredie2_2_0_ from recipe_ingredients ingredient0_ where ingredient0_.recipe_id=?
?[0m?[0;34mHibernate: select directions0_.recipe_id as recipe_i1_1_0_, directions0_.directions as directio2_1_0_ from recipe_directions directions0_ where directions0_.recipe_id=?
?[0m?[0;34mHibernate: select ingredient0_.recipe_id as recipe_i1_2_0_, ingredient0_.ingredients as ingredie2_2_0_ from recipe_ingredients ingredient0_ where ingredient0_.recipe_id=?
?[0m?[0;34mHibernate: select directions0_.recipe_id as recipe_i1_1_0_, directions0_.directions as directio2_1_0_ from recipe_directions directions0_ where directions0_.recipe_id=?
?[0m?[0;34mHibernate: select ingredient0_.recipe_id as recipe_i1_2_0_, ingredient0_.ingredients as ingredie2_2_0_ from recipe_ingredients ingredient0_ where ingredient0_.recipe_id=?
?[0m?[0;34mHibernate: select directions0_.recipe_id as recipe_i1_1_0_, directions0_.directions as directio2_1_0_ from recipe_directions directions0_ where directions0_.recipe_id=?
?[0m?[0;34mHibernate: select ingredient0_.recipe_id as recipe_i1_2_0_, ingredient0_.ingredients as ingredie2_2_0_ from recipe_ingredients ingredient0_ where ingredient0_.recipe_id=?
?[0m?[0;34mHibernate: select directions0_.recipe_id as recipe_i1_1_0_, directions0_.directions as directio2_1_0_ from recipe_directions directions0_ where directions0_.recipe_id=?
?[0m?[0;34mHibernate: select ingredient0_.recipe_id as recipe_i1_2_0_, ingredient0_.ingredients as ingredie2_2_0_ from recipe_ingredients ingredient0_ where ingredient0_.recipe_id=?
?[0m?[0;34mHibernate: select directions0_.recipe_id as recipe_i1_1_0_, directions0_.directions as directio2_1_0_ from recipe_directions directions0_ where directions0_.recipe_id=?
?[0m?[0;34mHibernate: select ingredient0_.recipe_id as recipe_i1_2_0_, ingredient0_.ingredients as ingredie2_2_0_ from recipe_ingredients ingredient0_ where ingredient0_.recipe_id=?
?[0m?[0;34mHibernate: select directions0_.recipe_id as recipe_i1_1_0_, directions0_.directions as directio2_1_0_ from recipe_directions directions0_ where directions0_.recipe_id=?
?[1;31m
Start test 36?[0m
?[0m?[0;34mHibernate: select user0_.email as email1_3_, user0_.password as password2_3_, user0_.role as role3_3_ from user user0_ where user0_.email=?
?[0m?[0;34mUserDetailsImpl for email: LoginTest2@test.com
?[0m?[0;34mName parameter: ice-cream
?[0m?[0;34mHibernate: select recipe0_.id as id1_0_, recipe0_.category as category2_0_, recipe0_.date as date3_0_, recipe0_.description as descript4_0_, recipe0_.name as name5_0_, recipe0_.user_email as user_ema6_0_ from recipe recipe0_ where upper(recipe0_.name) like upper(?) escape ? order by recipe0_.date desc
?[0m?[0;34mHibernate: select user0_.email as email1_3_0_, user0_.password as password2_3_0_, user0_.role as role3_3_0_ from user user0_ where user0_.email=?
?[0m?[0;34mHibernate: select ingredient0_.recipe_id as recipe_i1_2_0_, ingredient0_.ingredients as ingredie2_2_0_ from recipe_ingredients ingredient0_ where ingredient0_.recipe_id=?
?[0m?[0;34mHibernate: select directions0_.recipe_id as recipe_i1_1_0_, directions0_.directions as directio2_1_0_ from recipe_directions directions0_ where directions0_.recipe_id=?
?[0m?[0;34mHibernate: select ingredient0_.recipe_id as recipe_i1_2_0_, ingredient0_.ingredients as ingredie2_2_0_ from recipe_ingredients ingredient0_ where ingredient0_.recipe_id=?
?[0m?[0;34mHibernate: select directions0_.recipe_id as recipe_i1_1_0_, directions0_.directions as directio2_1_0_ from recipe_directions directions0_ where directions0_.recipe_id=?
?[0m?[0;34mHibernate: select ingredient0_.recipe_id as recipe_i1_2_0_, ingredient0_.ingredients as ingredie2_2_0_ from recipe_ingredients ingredient0_ where ingredient0_.recipe_id=?
?[0m?[0;34mHibernate: select directions0_.recipe_id as recipe_i1_1_0_, directions0_.directions as directio2_1_0_ from recipe_directions directions0_ where directions0_.recipe_id=?
?[0m?[0;34mHibernate: select ingredient0_.recipe_id as recipe_i1_2_0_, ingredient0_.ingredients as ingredie2_2_0_ from recipe_ingredients ingredient0_ where ingredient0_.recipe_id=?
?[0m?[0;34mHibernate: select directions0_.recipe_id as recipe_i1_1_0_, directions0_.directions as directio2_1_0_ from recipe_directions directions0_ where directions0_.recipe_id=?
?[0m?[0;34mHibernate: select ingredient0_.recipe_id as recipe_i1_2_0_, ingredient0_.ingredients as ingredie2_2_0_ from recipe_ingredients ingredient0_ where ingredient0_.recipe_id=?
?[0m?[0;34mHibernate: select directions0_.recipe_id as recipe_i1_1_0_, directions0_.directions as directio2_1_0_ from recipe_directions directions0_ where directions0_.recipe_id=?
?[0m?[0;34mHibernate: select ingredient0_.recipe_id as recipe_i1_2_0_, ingredient0_.ingredients as ingredie2_2_0_ from recipe_ingredients ingredient0_ where ingredient0_.recipe_id=?
?[0m?[0;34mHibernate: select directions0_.recipe_id as recipe_i1_1_0_, directions0_.directions as directio2_1_0_ from recipe_directions directions0_ where directions0_.recipe_id=?
?[1;31m
Start test 37?[0m
?[0m?[0;34mHibernate: select user0_.email as email1_3_, user0_.password as password2_3_, user0_.role as role3_3_ from user user0_ where user0_.email=?
?[0m?[0;34mUserDetailsImpl for email: LoginTest2@test.com
?[0m?[0;34m~~~~List for category: should_return_empty_array_1~~~~
?[0m?[0;34mHibernate: select recipe0_.id as id1_0_, recipe0_.category as category2_0_, recipe0_.date as date3_0_, recipe0_.description as descript4_0_, recipe0_.name as name5_0_, recipe0_.user_email as user_ema6_0_ from recipe recipe0_ where upper(recipe0_.category)=upper(?) order by recipe0_.date desc
?[1;31m
Start test 38?[0m
?[0m?[0;34mHibernate: select user0_.email as email1_3_, user0_.password as password2_3_, user0_.role as role3_3_ from user user0_ where user0_.email=?
?[0m?[0;34mUserDetailsImpl for email: LoginTest2@test.com
?[0m?[0;34mName parameter: should_return_empty_array_2
?[0m?[0;34mHibernate: select recipe0_.id as id1_0_, recipe0_.category as category2_0_, recipe0_.date as date3_0_, recipe0_.description as descript4_0_, recipe0_.name as name5_0_, recipe0_.user_email as user_ema6_0_ from recipe recipe0_ where upper(recipe0_.name) like upper(?) escape ? order by recipe0_.date desc
?[1;31m
Start test 39?[0m
?[0m?[0;34mHibernate: select user0_.email as email1_3_, user0_.password as password2_3_, user0_.role as role3_3_ from user user0_ where user0_.email=?
?[0m?[0;34mUserDetailsImpl for email: LoginTest2@test.com
?[0m?[0;34m~~~~No request param~~~~
?[1;31m
Start test 40?[0m
?[0m?[0;34mHibernate: select user0_.email as email1_3_, user0_.password as password2_3_, user0_.role as role3_3_ from user user0_ where user0_.email=?
?[0m?[0;34mUserDetailsImpl for email: LoginTest2@test.com
?[1;31m
Start test 41?[0m
?[0m?[0;34mHibernate: select user0_.email as email1_3_, user0_.password as password2_3_, user0_.role as role3_3_ from user user0_ where user0_.email=?
?[0m?[0;34mUserDetailsImpl for email: LoginTest2@test.com
?[0m?[0;34m~~~~No request param~~~~
?[1;31m
Start test 42?[0m
?[0m?[0;34mHibernate: select user0_.email as email1_3_, user0_.password as password2_3_, user0_.role as role3_3_ from user user0_ where user0_.email=?
?[0m?[0;34mUserDetailsImpl for email: LoginTest2@test.com
?[0m?[0;34m~~~~No request param~~~~
?[1;31m
Start test 43?[0m
?[0m?[0;34mHibernate: select user0_.email as email1_3_, user0_.password as password2_3_, user0_.role as role3_3_ from user user0_ where user0_.email=?
?[0m?[0;34mUserDetailsImpl for email: LoginTest2@test.com
?[0m?[0;34m2022-11-09 13:19:15.981  WARN 1260 --- [nio-8881-exec-4] .w.s.m.s.DefaultHandlerExceptionResolver : Resolved [org.springframework.web.bind.MethodArgumentNotValidException: Validation failed for argument [0] in public org.springframework.http.ResponseEntity recipes.controller.RecipeController.addNewRecipe(recipes.model.Recipe,org.springframework.security.core.Authentication) throws com.fasterxml.jackson.core.JsonProcessingException with 2 errors: [Field error in object 'recipe' on field 'name': rejected value [null]; codes [NotBlank.recipe.name,NotBlank.name,NotBlank.java.lang.String,NotBlank]; arguments [org.springframework.context.support.DefaultMessageSourceResolvable: codes [recipe.name,name]; arguments []; default message [name]]; default message [must not be blank]] [Field error in object 'recipe' on field 'name': rejected value [null]; codes [NotNull.recipe.name,NotNull.name,NotNull.java.lang.String,NotNull]; arguments [org.springframework.context.support.DefaultMessageSourceResolvable: codes [recipe.name,name]; arguments []; default message [name]]; default message [must not be null]] ]
?[1;31m
Start test 44?[0m
?[0m?[0;34mHibernate: select user0_.email as email1_3_, user0_.password as password2_3_, user0_.role as role3_3_ from user user0_ where user0_.email=?
?[0m?[0;34mUserDetailsImpl for email: LoginTest2@test.com
?[0m?[0;34m2022-11-09 13:19:19.742  WARN 1260 --- [nio-8881-exec-7] .w.s.m.s.DefaultHandlerExceptionResolver : Resolved [org.springframework.web.bind.MethodArgumentNotValidException: Validation failed for argument [0] in public org.springframework.http.ResponseEntity recipes.controller.RecipeController.addNewRecipe(recipes.model.Recipe,org.springframework.security.core.Authentication) throws com.fasterxml.jackson.core.JsonProcessingException: [Field error in object 'recipe' on field 'category': rejected value [null]; codes [NotBlank.recipe.category,NotBlank.category,NotBlank.java.lang.String,NotBlank]; arguments [org.springframework.context.support.DefaultMessageSourceResolvable: codes [recipe.category,category]; arguments []; default message [category]]; default message [must not be blank]] ]
?[1;31m
Start test 45?[0m
?[0m?[0;34mHibernate: select user0_.email as email1_3_, user0_.password as password2_3_, user0_.role as role3_3_ from user user0_ where user0_.email=?
?[0m?[0;34mUserDetailsImpl for email: LoginTest2@test.com
?[0m?[0;34m2022-11-09 13:19:23.487  WARN 1260 --- [nio-8881-exec-6] .w.s.m.s.DefaultHandlerExceptionResolver : Resolved [org.springframework.web.bind.MethodArgumentNotValidException: Validation failed for argument [0] in public org.springframework.http.ResponseEntity recipes.controller.RecipeController.addNewRecipe(recipes.model.Recipe,org.springframework.security.core.Authentication) throws com.fasterxml.jackson.core.JsonProcessingException: [Field error in object 'recipe' on field 'description': rejected value [null]; codes [NotBlank.recipe.description,NotBlank.description,NotBlank.java.lang.String,NotBlank]; arguments [org.springframework.context.support.DefaultMessageSourceResolvable: codes [recipe.description,description]; arguments []; default message [description]]; default message [must not be blank]] ]
?[1;31m
Start test 46?[0m
?[0m?[0;34mHibernate: select user0_.email as email1_3_, user0_.password as password2_3_, user0_.role as role3_3_ from user user0_ where user0_.email=?
?[0m?[0;34mUserDetailsImpl for email: LoginTest2@test.com
?[0m?[0;34m2022-11-09 13:19:27.256  WARN 1260 --- [nio-8881-exec-9] .w.s.m.s.DefaultHandlerExceptionResolver : Resolved [org.springframework.web.bind.MethodArgumentNotValidException: Validation failed for argument [0] in public org.springframework.http.ResponseEntity recipes.controller.RecipeController.addNewRecipe(recipes.model.Recipe,org.springframework.security.core.Authentication) throws com.fasterxml.jackson.core.JsonProcessingException: [Field error in object 'recipe' on field 'ingredients': rejected value [[]]; codes [Size.recipe.ingredients,Size.ingredients,Size.java.util.List,Size]; arguments [org.springframework.context.support.DefaultMessageSourceResolvable: codes [recipe.ingredients,ingredients]; arguments []; default message [ingredients],2147483647,1]; default message [size must be between 1 and 2147483647]] ]
?[1;31m
Start test 47?[0m
?[0m?[0;34mHibernate: select user0_.email as email1_3_, user0_.password as password2_3_, user0_.role as role3_3_ from user user0_ where user0_.email=?
?[0m?[0;34mUserDetailsImpl for email: LoginTest2@test.com
?[0m?[0;34m2022-11-09 13:19:31.009  WARN 1260 --- [nio-8881-exec-8] .w.s.m.s.DefaultHandlerExceptionResolver : Resolved [org.springframework.web.bind.MethodArgumentNotValidException: Validation failed for argument [0] in public org.springframework.http.ResponseEntity recipes.controller.RecipeController.addNewRecipe(recipes.model.Recipe,org.springframework.security.core.Authentication) throws com.fasterxml.jackson.core.JsonProcessingException: [Field error in object 'recipe' on field 'directions': rejected value [[]]; codes [Size.recipe.directions,Size.directions,Size.java.util.List,Size]; arguments [org.springframework.context.support.DefaultMessageSourceResolvable: codes [recipe.directions,directions]; arguments []; default message [directions],2147483647,1]; default message [size must be between 1 and 2147483647]] ]
?[1;31m
Start test 48?[0m
?[0m?[0;34mHibernate: select user0_.email as email1_3_, user0_.password as password2_3_, user0_.role as role3_3_ from user user0_ where user0_.email=?
?[0m?[0;34mUserDetailsImpl for email: LoginTest2@test.com
?[0m?[0;34m2022-11-09 13:19:34.763  WARN 1260 --- [nio-8881-exec-1] .w.s.m.s.DefaultHandlerExceptionResolver : Resolved [org.springframework.web.bind.MethodArgumentNotValidException: Validation failed for argument [0] in public org.springframework.http.ResponseEntity recipes.controller.RecipeController.addNewRecipe(recipes.model.Recipe,org.springframework.security.core.Authentication) throws com.fasterxml.jackson.core.JsonProcessingException: [Field error in object 'recipe' on field 'name': rejected value [  ]; codes [NotBlank.recipe.name,NotBlank.name,NotBlank.java.lang.String,NotBlank]; arguments [org.springframework.context.support.DefaultMessageSourceResolvable: codes [recipe.name,name]; arguments []; default message [name]]; default message [must not be blank]] ]
?[1;31m
Start test 49?[0m
?[0m?[0;34mHibernate: select user0_.email as email1_3_, user0_.password as password2_3_, user0_.role as role3_3_ from user user0_ where user0_.email=?
?[0m?[0;34mUserDetailsImpl for email: LoginTest2@test.com
?[0m?[0;34m2022-11-09 13:19:38.549  WARN 1260 --- [io-8881-exec-10] .w.s.m.s.DefaultHandlerExceptionResolver : Resolved [org.springframework.web.bind.MethodArgumentNotValidException: Validation failed for argument [0] in public org.springframework.http.ResponseEntity recipes.controller.RecipeController.addNewRecipe(recipes.model.Recipe,org.springframework.security.core.Authentication) throws com.fasterxml.jackson.core.JsonProcessingException: [Field error in object 'recipe' on field 'category': rejected value [  ]; codes [NotBlank.recipe.category,NotBlank.category,NotBlank.java.lang.String,NotBlank]; arguments [org.springframework.context.support.DefaultMessageSourceResolvable: codes [recipe.category,category]; arguments []; default message [category]]; default message [must not be blank]] ]
?[1;31m
Start test 50?[0m
?[0m?[0;34mHibernate: select user0_.email as email1_3_, user0_.password as password2_3_, user0_.role as role3_3_ from user user0_ where user0_.email=?
?[0m?[0;34mUserDetailsImpl for email: LoginTest2@test.com
?[0m?[0;34m2022-11-09 13:19:42.298  WARN 1260 --- [nio-8881-exec-3] .w.s.m.s.DefaultHandlerExceptionResolver : Resolved [org.springframework.web.bind.MethodArgumentNotValidException: Validation failed for argument [0] in public org.springframework.http.ResponseEntity recipes.controller.RecipeController.addNewRecipe(recipes.model.Recipe,org.springframework.security.core.Authentication) throws com.fasterxml.jackson.core.JsonProcessingException: [Field error in object 'recipe' on field 'description': rejected value [  ]; codes [NotBlank.recipe.description,NotBlank.description,NotBlank.java.lang.String,NotBlank]; arguments [org.springframework.context.support.DefaultMessageSourceResolvable: codes [recipe.description,description]; arguments []; default message [description]]; default message [must not be blank]] ]
?[1;31m
Start test 51?[0m
?[0m?[0;34mHibernate: select user0_.email as email1_3_, user0_.password as password2_3_, user0_.role as role3_3_ from user user0_ where user0_.email=?
?[0m?[0;34mUserDetailsImpl for email: LoginTest2@test.com
?[0m?[0;34m2022-11-09 13:19:46.047  WARN 1260 --- [nio-8881-exec-2] .w.s.m.s.DefaultHandlerExceptionResolver : Resolved [org.springframework.web.bind.MethodArgumentNotValidException: Validation failed for argument [0] in public org.springframework.http.ResponseEntity recipes.controller.RecipeController.addNewRecipe(recipes.model.Recipe,org.springframework.security.core.Authentication) throws com.fasterxml.jackson.core.JsonProcessingException: [Field error in object 'recipe' on field 'ingredients': rejected value [[]]; codes [Size.recipe.ingredients,Size.ingredients,Size.java.util.List,Size]; arguments [org.springframework.context.support.DefaultMessageSourceResolvable: codes [recipe.ingredients,ingredients]; arguments []; default message [ingredients],2147483647,1]; default message [size must be between 1 and 2147483647]] ]
?[1;31m
Start test 52?[0m
?[0m?[0;34mHibernate: select user0_.email as email1_3_, user0_.password as password2_3_, user0_.role as role3_3_ from user user0_ where user0_.email=?
?[0m?[0;34mUserDetailsImpl for email: LoginTest2@test.com
?[0m?[0;34m2022-11-09 13:19:49.823  WARN 1260 --- [nio-8881-exec-5] .w.s.m.s.DefaultHandlerExceptionResolver : Resolved [org.springframework.web.bind.MethodArgumentNotValidException: Validation failed for argument [0] in public org.springframework.http.ResponseEntity recipes.controller.RecipeController.addNewRecipe(recipes.model.Recipe,org.springframework.security.core.Authentication) throws com.fasterxml.jackson.core.JsonProcessingException: [Field error in object 'recipe' on field 'directions': rejected value [[]]; codes [Size.recipe.directions,Size.directions,Size.java.util.List,Size]; arguments [org.springframework.context.support.DefaultMessageSourceResolvable: codes [recipe.directions,directions]; arguments []; default message [directions],2147483647,1]; default message [size must be between 1 and 2147483647]] ]
?[1;31m
Start test 53?[0m
?[0m?[0;34mHibernate: select user0_.email as email1_3_, user0_.password as password2_3_, user0_.role as role3_3_ from user user0_ where user0_.email=?
?[0m?[0;34mUserDetailsImpl for email: LoginTest2@test.com
?[0m?[0;34m2022-11-09 13:19:53.575  WARN 1260 --- [nio-8881-exec-4] .w.s.m.s.DefaultHandlerExceptionResolver : Resolved [org.springframework.web.bind.MethodArgumentNotValidException: Validation failed for argument [1] in public org.springframework.http.ResponseEntity recipes.controller.RecipeController.updateRecipe(java.lang.Integer,recipes.model.Recipe,org.springframework.security.core.Authentication) with 2 errors: [Field error in object 'recipe' on field 'name': rejected value [null]; codes [NotNull.recipe.name,NotNull.name,NotNull.java.lang.String,NotNull]; arguments [org.springframework.context.support.DefaultMessageSourceResolvable: codes [recipe.name,name]; arguments []; default message [name]]; default message [must not be null]] [Field error in object 'recipe' on field 'name': rejected value [null]; codes [NotBlank.recipe.name,NotBlank.name,NotBlank.java.lang.String,NotBlank]; arguments [org.springframework.context.support.DefaultMessageSourceResolvable: codes [recipe.name,name]; arguments []; default message [name]]; default message [must not be blank]] ]
?[1;31m
Start test 54?[0m
?[0m?[0;34mHibernate: select user0_.email as email1_3_, user0_.password as password2_3_, user0_.role as role3_3_ from user user0_ where user0_.email=?
?[0m?[0;34mUserDetailsImpl for email: LoginTest2@test.com
?[0m?[0;34m2022-11-09 13:19:57.328  WARN 1260 --- [nio-8881-exec-7] .w.s.m.s.DefaultHandlerExceptionResolver : Resolved [org.springframework.web.bind.MethodArgumentNotValidException: Validation failed for argument [1] in public org.springframework.http.ResponseEntity recipes.controller.RecipeController.updateRecipe(java.lang.Integer,recipes.model.Recipe,org.springframework.security.core.Authentication): [Field error in object 'recipe' on field 'category': rejected value [null]; codes [NotBlank.recipe.category,NotBlank.category,NotBlank.java.lang.String,NotBlank]; arguments [org.springframework.context.support.DefaultMessageSourceResolvable: codes [recipe.category,category]; arguments []; default message [category]]; default message [must not be blank]] ]
?[1;31m
Start test 55?[0m
?[0m?[0;34mHibernate: select user0_.email as email1_3_, user0_.password as password2_3_, user0_.role as role3_3_ from user user0_ where user0_.email=?
?[0m?[0;34mUserDetailsImpl for email: LoginTest2@test.com
?[0m?[0;34m2022-11-09 13:20:01.091  WARN 1260 --- [nio-8881-exec-6] .w.s.m.s.DefaultHandlerExceptionResolver : Resolved [org.springframework.web.bind.MethodArgumentNotValidException: Validation failed for argument [1] in public org.springframework.http.ResponseEntity recipes.controller.RecipeController.updateRecipe(java.lang.Integer,recipes.model.Recipe,org.springframework.security.core.Authentication): [Field error in object 'recipe' on field 'description': rejected value [null]; codes [NotBlank.recipe.description,NotBlank.description,NotBlank.java.lang.String,NotBlank]; arguments [org.springframework.context.support.DefaultMessageSourceResolvable: codes [recipe.description,description]; arguments []; default message [description]]; default message [must not be blank]] ]
?[1;31m
Start test 56?[0m
?[0m?[0;34mHibernate: select user0_.email as email1_3_, user0_.password as password2_3_, user0_.role as role3_3_ from user user0_ where user0_.email=?
?[0m?[0;34mUserDetailsImpl for email: LoginTest2@test.com
?[0m?[0;34m2022-11-09 13:20:04.854  WARN 1260 --- [nio-8881-exec-9] .w.s.m.s.DefaultHandlerExceptionResolver : Resolved [org.springframework.web.bind.MethodArgumentNotValidException: Validation failed for argument [1] in public org.springframework.http.ResponseEntity recipes.controller.RecipeController.updateRecipe(java.lang.Integer,recipes.model.Recipe,org.springframework.security.core.Authentication): [Field error in object 'recipe' on field 'ingredients': rejected value [[]]; codes [Size.recipe.ingredients,Size.ingredients,Size.java.util.List,Size]; arguments [org.springframework.context.support.DefaultMessageSourceResolvable: codes [recipe.ingredients,ingredients]; arguments []; default message [ingredients],2147483647,1]; default message [size must be between 1 and 2147483647]] ]
?[1;31m
Start test 57?[0m
?[0m?[0;34mHibernate: select user0_.email as email1_3_, user0_.password as password2_3_, user0_.role as role3_3_ from user user0_ where user0_.email=?
?[0m?[0;34mUserDetailsImpl for email: LoginTest2@test.com
?[0m?[0;34m2022-11-09 13:20:08.614  WARN 1260 --- [nio-8881-exec-8] .w.s.m.s.DefaultHandlerExceptionResolver : Resolved [org.springframework.web.bind.MethodArgumentNotValidException: Validation failed for argument [1] in public org.springframework.http.ResponseEntity recipes.controller.RecipeController.updateRecipe(java.lang.Integer,recipes.model.Recipe,org.springframework.security.core.Authentication): [Field error in object 'recipe' on field 'directions': rejected value [[]]; codes [Size.recipe.directions,Size.directions,Size.java.util.List,Size]; arguments [org.springframework.context.support.DefaultMessageSourceResolvable: codes [recipe.directions,directions]; arguments []; default message [directions],2147483647,1]; default message [size must be between 1 and 2147483647]] ]
?[1;31m
Start test 58?[0m
?[0m?[0;34mHibernate: select user0_.email as email1_3_, user0_.password as password2_3_, user0_.role as role3_3_ from user user0_ where user0_.email=?
?[0m?[0;34mUserDetailsImpl for email: LoginTest2@test.com
?[0m?[0;34m2022-11-09 13:20:12.373  WARN 1260 --- [nio-8881-exec-1] .w.s.m.s.DefaultHandlerExceptionResolver : Resolved [org.springframework.web.bind.MethodArgumentNotValidException: Validation failed for argument [1] in public org.springframework.http.ResponseEntity recipes.controller.RecipeController.updateRecipe(java.lang.Integer,recipes.model.Recipe,org.springframework.security.core.Authentication): [Field error in object 'recipe' on field 'name': rejected value [  ]; codes [NotBlank.recipe.name,NotBlank.name,NotBlank.java.lang.String,NotBlank]; arguments [org.springframework.context.support.DefaultMessageSourceResolvable: codes [recipe.name,name]; arguments []; default message [name]]; default message [must not be blank]] ]
?[1;31m
Start test 59?[0m
?[0m?[0;34mHibernate: select user0_.email as email1_3_, user0_.password as password2_3_, user0_.role as role3_3_ from user user0_ where user0_.email=?
?[0m?[0;34mUserDetailsImpl for email: LoginTest2@test.com
?[0m?[0;34m2022-11-09 13:20:16.155  WARN 1260 --- [io-8881-exec-10] .w.s.m.s.DefaultHandlerExceptionResolver : Resolved [org.springframework.web.bind.MethodArgumentNotValidException: Validation failed for argument [1] in public org.springframework.http.ResponseEntity recipes.controller.RecipeController.updateRecipe(java.lang.Integer,recipes.model.Recipe,org.springframework.security.core.Authentication): [Field error in object 'recipe' on field 'category': rejected value [  ]; codes [NotBlank.recipe.category,NotBlank.category,NotBlank.java.lang.String,NotBlank]; arguments [org.springframework.context.support.DefaultMessageSourceResolvable: codes [recipe.category,category]; arguments []; default message [category]]; default message [must not be blank]] ]
?[1;31m
Start test 60?[0m
?[0m?[0;34mHibernate: select user0_.email as email1_3_, user0_.password as password2_3_, user0_.role as role3_3_ from user user0_ where user0_.email=?
?[0m?[0;34mUserDetailsImpl for email: LoginTest2@test.com
?[0m?[0;34m2022-11-09 13:20:19.923  WARN 1260 --- [nio-8881-exec-3] .w.s.m.s.DefaultHandlerExceptionResolver : Resolved [org.springframework.web.bind.MethodArgumentNotValidException: Validation failed for argument [1] in public org.springframework.http.ResponseEntity recipes.controller.RecipeController.updateRecipe(java.lang.Integer,recipes.model.Recipe,org.springframework.security.core.Authentication): [Field error in object 'recipe' on field 'description': rejected value [  ]; codes [NotBlank.recipe.description,NotBlank.description,NotBlank.java.lang.String,NotBlank]; arguments [org.springframework.context.support.DefaultMessageSourceResolvable: codes [recipe.description,description]; arguments []; default message [description]]; default message [must not be blank]] ]
?[1;31m
Start test 61?[0m
?[0m?[0;34mHibernate: select user0_.email as email1_3_, user0_.password as password2_3_, user0_.role as role3_3_ from user user0_ where user0_.email=?
?[0m?[0;34mUserDetailsImpl for email: LoginTest2@test.com
?[0m?[0;34m2022-11-09 13:20:23.670  WARN 1260 --- [nio-8881-exec-2] .w.s.m.s.DefaultHandlerExceptionResolver : Resolved [org.springframework.web.bind.MethodArgumentNotValidException: Validation failed for argument [1] in public org.springframework.http.ResponseEntity recipes.controller.RecipeController.updateRecipe(java.lang.Integer,recipes.model.Recipe,org.springframework.security.core.Authentication): [Field error in object 'recipe' on field 'ingredients': rejected value [[]]; codes [Size.recipe.ingredients,Size.ingredients,Size.java.util.List,Size]; arguments [org.springframework.context.support.DefaultMessageSourceResolvable: codes [recipe.ingredients,ingredients]; arguments []; default message [ingredients],2147483647,1]; default message [size must be between 1 and 2147483647]] ]
?[1;31m
Start test 62?[0m
?[0m?[0;34mHibernate: select user0_.email as email1_3_, user0_.password as password2_3_, user0_.role as role3_3_ from user user0_ where user0_.email=?
?[0m?[0;34mUserDetailsImpl for email: LoginTest2@test.com
?[0m?[0;34m2022-11-09 13:20:27.417  WARN 1260 --- [nio-8881-exec-5] .w.s.m.s.DefaultHandlerExceptionResolver : Resolved [org.springframework.web.bind.MethodArgumentNotValidException: Validation failed for argument [1] in public org.springframework.http.ResponseEntity recipes.controller.RecipeController.updateRecipe(java.lang.Integer,recipes.model.Recipe,org.springframework.security.core.Authentication): [Field error in object 'recipe' on field 'directions': rejected value [[]]; codes [Size.recipe.directions,Size.directions,Size.java.util.List,Size]; arguments [org.springframework.context.support.DefaultMessageSourceResolvable: codes [recipe.directions,directions]; arguments []; default message [directions],2147483647,1]; default message [size must be between 1 and 2147483647]] ]
?[1;31m
Start test 63?[0m
?[0;34m2022-11-09 13:20:27.964  INFO 1260 --- [       Thread-7] j.LocalContainerEntityManagerFactoryBean : Closing JPA EntityManagerFactory for persistence unit 'default'
?[0m?[0;34m2022-11-09 13:20:27.965  INFO 1260 --- [       Thread-7] com.zaxxer.hikari.HikariDataSource       : HikariPool-2 - Shutdown initiated...
?[0m?[0;34m2022-11-09 13:20:28.242  INFO 1260 --- [       Thread-7] com.zaxxer.hikari.HikariDataSource       : HikariPool-2 - Shutdown completed.
?[0;34m
?[0m?[0;34m  .   ____          _            __ _ _
?[0m?[0;34m /\\ / ___'_ __ _ _(_)_ __  __ _ \ \ \ \
?[0m?[0;34m( ( )\___ | '_ | '_| | '_ \/ _` | \ \ \ \
?[0m?[0;34m \\/  ___)| |_)| | | | | || (_| |  ) ) ) )
?[0m?[0;34m  '  |____| .__|_| |_|_| |_\__, | / / / /
?[0m?[0;34m =========|_|==============|___/=/_/_/_/
?[0m?[0;34m :: Spring Boot ::                (v2.5.6)
?[0m?[0;34m
?[0m?[0;34m2022-11-09 13:20:38.373  INFO 1260 --- [    Test worker] recipes.RecipesApplication               : Starting RecipesApplication using Java 17.0.5 on DESKTOP-87JLN8B with PID 1260 (started by Admin in D:\HyperSkill\Recipes\Recipes\task)
?[0m?[0;34m2022-11-09 13:20:38.374  INFO 1260 --- [    Test worker] recipes.RecipesApplication               : No active profile set, falling back to default profiles: default
?[0m?[0;34m2022-11-09 13:20:38.579  INFO 1260 --- [    Test worker] .s.d.r.c.RepositoryConfigurationDelegate : Bootstrapping Spring Data JPA repositories in DEFAULT mode.
?[0m?[0;34m2022-11-09 13:20:38.586  INFO 1260 --- [    Test worker] .s.d.r.c.RepositoryConfigurationDelegate : Finished Spring Data repository scanning in 6 ms. Found 2 JPA repository interfaces.
?[0m?[0;34m2022-11-09 13:20:38.655  INFO 1260 --- [    Test worker] o.s.b.w.embedded.tomcat.TomcatWebServer  : Tomcat initialized with port(s): 8881 (http)
?[0m?[0;34m2022-11-09 13:20:38.656  INFO 1260 --- [    Test worker] o.apache.catalina.core.StandardService   : Starting service [Tomcat]
?[0m?[0;34m2022-11-09 13:20:38.656  INFO 1260 --- [    Test worker] org.apache.catalina.core.StandardEngine  : Starting Servlet engine: [Apache Tomcat/9.0.54]
?[0m?[0;34m2022-11-09 13:20:38.676  INFO 1260 --- [    Test worker] o.a.c.c.C.[Tomcat].[localhost].[/]       : Initializing Spring embedded WebApplicationContext
?[0m?[0;34m2022-11-09 13:20:38.676  INFO 1260 --- [    Test worker] w.s.c.ServletWebServerApplicationContext : Root WebApplicationContext: initialization completed in 300 ms
?[0m?[0;34m2022-11-09 13:20:38.708  INFO 1260 --- [    Test worker] com.zaxxer.hikari.HikariDataSource       : HikariPool-3 - Starting...
?[0m?[0;34m2022-11-09 13:20:38.716  INFO 1260 --- [    Test worker] com.zaxxer.hikari.HikariDataSource       : HikariPool-3 - Start completed.
?[0m?[0;34m2022-11-09 13:20:38.716  INFO 1260 --- [    Test worker] o.s.b.a.h2.H2ConsoleAutoConfiguration    : H2 console available at '/h2-console'. Database available at 'jdbc:h2:file:D:/HyperSkill/Recipes/Recipes/task/src/recipes/db/recipes_db'
?[0m?[0;34m2022-11-09 13:20:38.750  INFO 1260 --- [    Test worker] o.hibernate.jpa.internal.util.LogHelper  : HHH000204: Processing PersistenceUnitInfo [name: default]
?[0m?[0;34m2022-11-09 13:20:38.755  INFO 1260 --- [    Test worker] org.hibernate.dialect.Dialect            : HHH000400: Using dialect: org.hibernate.dialect.H2Dialect
?[0m?[0;34m2022-11-09 13:20:38.813  INFO 1260 --- [    Test worker] o.h.e.t.j.p.i.JtaPlatformInitiator       : HHH000490: Using JtaPlatform implementation: [org.hibernate.engine.transaction.jta.platform.internal.NoJtaPlatform]
?[0m?[0;34m2022-11-09 13:20:38.814  INFO 1260 --- [    Test worker] j.LocalContainerEntityManagerFactoryBean : Initialized JPA EntityManagerFactory for persistence unit 'default'
?[0m?[0;34m2022-11-09 13:20:38.891  WARN 1260 --- [    Test worker] JpaBaseConfiguration$JpaWebConfiguration : spring.jpa.open-in-view is enabled by default. Therefore, database queries may be performed during view rendering. Explicitly configure spring.jpa.open-in-view to disable this warning
?[0m?[0;34m2022-11-09 13:20:38.968  INFO 1260 --- [    Test worker] o.s.b.a.e.web.EndpointLinksResolver      : Exposing 14 endpoint(s) beneath base path '/actuator'
?[0m?[0;34m2022-11-09 13:20:38.976  INFO 1260 --- [    Test worker] o.s.s.web.DefaultSecurityFilterChain     : Will secure any request with [org.springframework.security.web.context.request.async.WebAsyncManagerIntegrationFilter@16dc12cf, org.springframework.security.web.context.SecurityContextPersistenceFilter@4dd56393, org.springframework.security.web.header.HeaderWriterFilter@7a4ea134, org.springframework.security.web.authentication.logout.LogoutFilter@1a262e93, org.springframework.security.web.authentication.www.BasicAuthenticationFilter@4fae8455, org.springframework.security.web.savedrequest.RequestCacheAwareFilter@7793eaca, org.springframework.security.web.servletapi.SecurityContextHolderAwareRequestFilter@785ba20d, org.springframework.security.web.authentication.AnonymousAuthenticationFilter@5bbd8118, org.springframework.security.web.session.SessionManagementFilter@16124894, org.springframework.security.web.access.ExceptionTranslationFilter@5a5c041f, org.springframework.security.web.access.intercept.FilterSecurityInterceptor@34f37ed4]
?[0m?[0;34m2022-11-09 13:20:39.045  INFO 1260 --- [    Test worker] o.s.b.w.embedded.tomcat.TomcatWebServer  : Tomcat started on port(s): 8881 (http) with context path ''
?[0m?[0;34m2022-11-09 13:20:39.050  INFO 1260 --- [    Test worker] recipes.RecipesApplication               : Started RecipesApplication in 0.697 seconds (JVM running for 247.182)
?[0m?[1;31m
Start test 64?[0m
?[0;34m2022-11-09 13:20:39.054  INFO 1260 --- [nio-8881-exec-1] o.a.c.c.C.[Tomcat].[localhost].[/]       : Initializing Spring DispatcherServlet 'dispatcherServlet'
?[0m?[0;34m2022-11-09 13:20:39.055  INFO 1260 --- [nio-8881-exec-1] o.s.web.servlet.DispatcherServlet        : Initializing Servlet 'dispatcherServlet'
?[0m?[0;34m2022-11-09 13:20:39.056  INFO 1260 --- [nio-8881-exec-1] o.s.web.servlet.DispatcherServlet        : Completed initialization in 1 ms
?[0m?[0;34mHibernate: select user0_.email as email1_3_, user0_.password as password2_3_, user0_.role as role3_3_ from user user0_ where user0_.email=?
?[0m?[0;34mUserDetailsImpl for email: LoginTest1@test.com
?[0m?[0;34m~~~~Adding new recipe. Username: LoginTest1@test.com
?[0m?[0;34mHibernate: select user0_.email as email1_3_, user0_.password as password2_3_, user0_.role as role3_3_ from user user0_ where user0_.email=?
?[0m?[0;34m~~~~Saving : Fresh Mint Tea /Test~~~~
?[0m?[0;34mHibernate: insert into recipe (id, category, date, description, name, user_email) values (null, ?, ?, ?, ?, ?)
?[0m?[0;34mHibernate: insert into recipe_directions (recipe_id, directions) values (?, ?)
?[0m?[0;34mHibernate: insert into recipe_directions (recipe_id, directions) values (?, ?)
?[0m?[0;34mHibernate: insert into recipe_directions (recipe_id, directions) values (?, ?)
?[0m?[0;34mHibernate: insert into recipe_directions (recipe_id, directions) values (?, ?)
?[0m?[0;34mHibernate: insert into recipe_directions (recipe_id, directions) values (?, ?)
?[0m?[0;34mHibernate: insert into recipe_ingredients (recipe_id, ingredients) values (?, ?)
?[0m?[0;34mHibernate: insert into recipe_ingredients (recipe_id, ingredients) values (?, ?)
?[0m?[0;34mHibernate: insert into recipe_ingredients (recipe_id, ingredients) values (?, ?)
?[0m?[0;34m~~~~New Recipe's id = 16~~~~
?[1;31m
Start test 65?[0m
?[0;34mHibernate: select user0_.email as email1_3_, user0_.password as password2_3_, user0_.role as role3_3_ from user user0_ where user0_.email=?
?[0m?[0;34mUserDetailsImpl for email: LoginTest1@test.com
?[0m?[0;34m~~~~Getting Recipe By Id = 2~~~~
?[0m?[0;34mHibernate: select recipe0_.id as id1_0_0_, recipe0_.category as category2_0_0_, recipe0_.date as date3_0_0_, recipe0_.description as descript4_0_0_, recipe0_.name as name5_0_0_, recipe0_.user_email as user_ema6_0_0_, user1_.email as email1_3_1_, user1_.password as password2_3_1_, user1_.role as role3_3_1_ from recipe recipe0_ left outer join user user1_ on recipe0_.user_email=user1_.email where recipe0_.id=?
?[0m?[0;34m~~~~Found~~~~
?[0m?[0;34mHibernate: select ingredient0_.recipe_id as recipe_i1_2_0_, ingredient0_.ingredients as ingredie2_2_0_ from recipe_ingredients ingredient0_ where ingredient0_.recipe_id=?
?[0m?[0;34mHibernate: select directions0_.recipe_id as recipe_i1_1_0_, directions0_.directions as directio2_1_0_ from recipe_directions directions0_ where directions0_.recipe_id=?
?[1;31m
Start test 66?[0m
?[0;34mHibernate: select user0_.email as email1_3_, user0_.password as password2_3_, user0_.role as role3_3_ from user user0_ where user0_.email=?
?[0m?[0;34mUserDetailsImpl for email: LoginTest1@test.com
?[0m?[0;34m~~~~List for category: dessert~~~~
?[0m?[0;34mHibernate: select recipe0_.id as id1_0_, recipe0_.category as category2_0_, recipe0_.date as date3_0_, recipe0_.description as descript4_0_, recipe0_.name as name5_0_, recipe0_.user_email as user_ema6_0_ from recipe recipe0_ where upper(recipe0_.category)=upper(?) order by recipe0_.date desc
?[0m?[0;34mHibernate: select user0_.email as email1_3_0_, user0_.password as password2_3_0_, user0_.role as role3_3_0_ from user user0_ where user0_.email=?
?[0m?[0;34mHibernate: select ingredient0_.recipe_id as recipe_i1_2_0_, ingredient0_.ingredients as ingredie2_2_0_ from recipe_ingredients ingredient0_ where ingredient0_.recipe_id=?
?[0m?[0;34mHibernate: select directions0_.recipe_id as recipe_i1_1_0_, directions0_.directions as directio2_1_0_ from recipe_directions directions0_ where directions0_.recipe_id=?
?[0m?[0;34mHibernate: select ingredient0_.recipe_id as recipe_i1_2_0_, ingredient0_.ingredients as ingredie2_2_0_ from recipe_ingredients ingredient0_ where ingredient0_.recipe_id=?
?[0m?[0;34mHibernate: select directions0_.recipe_id as recipe_i1_1_0_, directions0_.directions as directio2_1_0_ from recipe_directions directions0_ where directions0_.recipe_id=?
?[0m?[0;34mHibernate: select ingredient0_.recipe_id as recipe_i1_2_0_, ingredient0_.ingredients as ingredie2_2_0_ from recipe_ingredients ingredient0_ where ingredient0_.recipe_id=?
?[0m?[0;34mHibernate: select directions0_.recipe_id as recipe_i1_1_0_, directions0_.directions as directio2_1_0_ from recipe_directions directions0_ where directions0_.recipe_id=?
?[0m?[0;34mHibernate: select ingredient0_.recipe_id as recipe_i1_2_0_, ingredient0_.ingredients as ingredie2_2_0_ from recipe_ingredients ingredient0_ where ingredient0_.recipe_id=?
?[0m?[0;34mHibernate: select directions0_.recipe_id as recipe_i1_1_0_, directions0_.directions as directio2_1_0_ from recipe_directions directions0_ where directions0_.recipe_id=?
?[0m?[0;34mHibernate: select ingredient0_.recipe_id as recipe_i1_2_0_, ingredient0_.ingredients as ingredie2_2_0_ from recipe_ingredients ingredient0_ where ingredient0_.recipe_id=?
?[0m?[0;34mHibernate: select directions0_.recipe_id as recipe_i1_1_0_, directions0_.directions as directio2_1_0_ from recipe_directions directions0_ where directions0_.recipe_id=?
?[0m?[0;34mHibernate: select ingredient0_.recipe_id as recipe_i1_2_0_, ingredient0_.ingredients as ingredie2_2_0_ from recipe_ingredients ingredient0_ where ingredient0_.recipe_id=?
?[0m?[0;34mHibernate: select directions0_.recipe_id as recipe_i1_1_0_, directions0_.directions as directio2_1_0_ from recipe_directions directions0_ where directions0_.recipe_id=?
?[0m?[0;34mHibernate: select ingredient0_.recipe_id as recipe_i1_2_0_, ingredient0_.ingredients as ingredie2_2_0_ from recipe_ingredients ingredient0_ where ingredient0_.recipe_id=?
?[0m?[0;34mHibernate: select directions0_.recipe_id as recipe_i1_1_0_, directions0_.directions as directio2_1_0_ from recipe_directions directions0_ where directions0_.recipe_id=?
?[1;31m
Start test 67?[0m
?[0;34mHibernate: select user0_.email as email1_3_, user0_.password as password2_3_, user0_.role as role3_3_ from user user0_ where user0_.email=?
?[0m?[0;34mUserDetailsImpl for email: LoginTest1@test.com
?[0m?[0;34mName parameter: ice-cream
?[0m?[0;34mHibernate: select recipe0_.id as id1_0_, recipe0_.category as category2_0_, recipe0_.date as date3_0_, recipe0_.description as descript4_0_, recipe0_.name as name5_0_, recipe0_.user_email as user_ema6_0_ from recipe recipe0_ where upper(recipe0_.name) like upper(?) escape ? order by recipe0_.date desc
?[0m?[0;34mHibernate: select user0_.email as email1_3_0_, user0_.password as password2_3_0_, user0_.role as role3_3_0_ from user user0_ where user0_.email=?
?[0m?[0;34mHibernate: select ingredient0_.recipe_id as recipe_i1_2_0_, ingredient0_.ingredients as ingredie2_2_0_ from recipe_ingredients ingredient0_ where ingredient0_.recipe_id=?
?[0m?[0;34mHibernate: select directions0_.recipe_id as recipe_i1_1_0_, directions0_.directions as directio2_1_0_ from recipe_directions directions0_ where directions0_.recipe_id=?
?[0m?[0;34mHibernate: select ingredient0_.recipe_id as recipe_i1_2_0_, ingredient0_.ingredients as ingredie2_2_0_ from recipe_ingredients ingredient0_ where ingredient0_.recipe_id=?
?[0m?[0;34mHibernate: select directions0_.recipe_id as recipe_i1_1_0_, directions0_.directions as directio2_1_0_ from recipe_directions directions0_ where directions0_.recipe_id=?
?[0m?[0;34mHibernate: select ingredient0_.recipe_id as recipe_i1_2_0_, ingredient0_.ingredients as ingredie2_2_0_ from recipe_ingredients ingredient0_ where ingredient0_.recipe_id=?
?[0m?[0;34mHibernate: select directions0_.recipe_id as recipe_i1_1_0_, directions0_.directions as directio2_1_0_ from recipe_directions directions0_ where directions0_.recipe_id=?
?[0m?[0;34mHibernate: select ingredient0_.recipe_id as recipe_i1_2_0_, ingredient0_.ingredients as ingredie2_2_0_ from recipe_ingredients ingredient0_ where ingredient0_.recipe_id=?
?[0m?[0;34mHibernate: select directions0_.recipe_id as recipe_i1_1_0_, directions0_.directions as directio2_1_0_ from recipe_directions directions0_ where directions0_.recipe_id=?
?[0m?[0;34mHibernate: select ingredient0_.recipe_id as recipe_i1_2_0_, ingredient0_.ingredients as ingredie2_2_0_ from recipe_ingredients ingredient0_ where ingredient0_.recipe_id=?
?[0m?[0;34mHibernate: select directions0_.recipe_id as recipe_i1_1_0_, directions0_.directions as directio2_1_0_ from recipe_directions directions0_ where directions0_.recipe_id=?
?[0m?[0;34mHibernate: select ingredient0_.recipe_id as recipe_i1_2_0_, ingredient0_.ingredients as ingredie2_2_0_ from recipe_ingredients ingredient0_ where ingredient0_.recipe_id=?
?[0m?[0;34mHibernate: select directions0_.recipe_id as recipe_i1_1_0_, directions0_.directions as directio2_1_0_ from recipe_directions directions0_ where directions0_.recipe_id=?
?[1;31m
Start test 68?[0m
?[0;34mHibernate: select user0_.email as email1_3_, user0_.password as password2_3_, user0_.role as role3_3_ from user user0_ where user0_.email=?
?[0m?[0;34mUserDetailsImpl for email: LoginTest3@test.com
?[0m?[0;34mHibernate: select count(*) as col_0_0_ from recipe recipe0_ where recipe0_.id=?
?[0m?[0;34mHibernate: select recipe0_.id as id1_0_0_, recipe0_.category as category2_0_0_, recipe0_.date as date3_0_0_, recipe0_.description as descript4_0_0_, recipe0_.name as name5_0_0_, recipe0_.user_email as user_ema6_0_0_, user1_.email as email1_3_1_, user1_.password as password2_3_1_, user1_.role as role3_3_1_ from recipe recipe0_ left outer join user user1_ on recipe0_.user_email=user1_.email where recipe0_.id=?
?[1;31m
Start test 69?[0m
?[0;34mHibernate: select user0_.email as email1_3_, user0_.password as password2_3_, user0_.role as role3_3_ from user user0_ where user0_.email=?
?[0m?[0;34mUserDetailsImpl for email: LoginTest3@test.com
?[0m?[0;34mHibernate: select recipe0_.id as id1_0_0_, recipe0_.category as category2_0_0_, recipe0_.date as date3_0_0_, recipe0_.description as descript4_0_0_, recipe0_.name as name5_0_0_, recipe0_.user_email as user_ema6_0_0_, user1_.email as email1_3_1_, user1_.password as password2_3_1_, user1_.role as role3_3_1_ from recipe recipe0_ left outer join user user1_ on recipe0_.user_email=user1_.email where recipe0_.id=?
?[1;31m
Start test 70?[0m
?[0m?[0;34mHibernate: select user0_.email as email1_3_, user0_.password as password2_3_, user0_.role as role3_3_ from user user0_ where user0_.email=?
?[1;31m
Start test 71?[0m
?[0;34mHibernate: select user0_.email as email1_3_, user0_.password as password2_3_, user0_.role as role3_3_ from user user0_ where user0_.email=?
?[1;31m
Start test 72?[0m
?[0;34mHibernate: select user0_.email as email1_3_, user0_.password as password2_3_, user0_.role as role3_3_ from user user0_ where user0_.email=?
?[1;31m
Start test 73?[0m
?[0;34mHibernate: select user0_.email as email1_3_, user0_.password as password2_3_, user0_.role as role3_3_ from user user0_ where user0_.email=?
?[1;31m
Start test 74?[0m
?[0;34mHibernate: select user0_.email as email1_3_, user0_.password as password2_3_, user0_.role as role3_3_ from user user0_ where user0_.email=?
?[1;31m
Start test 75?[0m
?[0m?[0;34mHibernate: select user0_.email as email1_3_, user0_.password as password2_3_, user0_.role as role3_3_ from user user0_ where user0_.email=?
?[1;31m
Start test 76?[0m
?[1;31m
Start test 77?[0m
?[1;31m
Start test 78?[0m
?[1;31m
Start test 79?[0m
?[1;31m
Start test 80?[0m
?[1;31m
Start test 81?[0m
]]></system-out>
  <system-err><![CDATA[]]></system-err>
</testsuite>
